{"level":["info"],"timestamp":"03:03:2025|09:03:17","exception":false,"message":"MongoDB connected"}
{"level":["info"],"timestamp":"03:03:2025|09:03:17","exception":false,"message":"MongoDB connected"}
{"level":["warn"],"timestamp":"03:03:2025|09:03:84","exception":false,"message":"MongoDB Disconnecting"}
{"level":["warn"],"timestamp":"03:03:2025|09:03:84","exception":false,"message":"MongoDB Disconnecting"}
{"level":["info"],"timestamp":"03:03:2025|10:03:92","exception":false,"message":"MongoDB connected"}
{"level":["info"],"timestamp":"03:03:2025|10:03:92","exception":false,"message":"MongoDB connected"}
{"level":["info"],"timestamp":"03:03:2025|10:03:63","exception":false,"message":"MongoDB connected"}
{"level":["info"],"timestamp":"03:03:2025|10:03:96","exception":false,"message":"MongoDB connected"}
{"level":["info"],"timestamp":"03:03:2025|10:03:96","exception":false,"message":"MongoDB connected"}
{"level":["info"],"timestamp":"03:03:2025|10:03:56","exception":false,"message":"MongoDB connected"}
{"level":["info"],"timestamp":"03:03:2025|10:03:57","exception":false,"message":"MongoDB connected"}
{"level":["info"],"timestamp":"03:03:2025|10:03:14","exception":false,"message":"MongoDB connected"}
{"level":["info"],"timestamp":"03:03:2025|10:03:14","exception":false,"message":"MongoDB connected"}
{"level":["info"],"timestamp":"03:03:2025|10:03:71","exception":false,"message":"MongoDB connected"}
{"level":["info"],"timestamp":"03:03:2025|10:03:72","exception":false,"message":"MongoDB connected"}
{"level":["warn"],"timestamp":"03:03:2025|10:03:21","exception":false,"message":"MongoDB Disconnecting"}
{"level":["warn"],"timestamp":"03:03:2025|10:03:21","exception":false,"message":"MongoDB Disconnecting"}
{"level":["info"],"timestamp":"03:03:2025|11:03:35","exception":false,"message":"MongoDB connected"}
{"level":["info"],"timestamp":"03:03:2025|11:03:35","exception":false,"message":"MongoDB connected"}
{"level":["error"],"timestamp":"03:03:2025|11:03:29","exception":false,"message":"LOGIN"}
{"level":["error"],"timestamp":"03:03:2025|11:03:29","exception":false,"message":"user validation failed: profile_image.public_id: Path `profile_image.public_id` is required., profile_image.url: Path `profile_image.url` is required."}
{"level":["info"],"timestamp":"03:03:2025|11:03:56","exception":false,"message":"MongoDB connected"}
{"level":["info"],"timestamp":"03:03:2025|11:03:47","exception":false,"message":"MongoDB connected"}
{"level":["error"],"timestamp":"03:03:2025|11:03:61","exception":true,"message":"uncaughtException: uplo is not defined"}
{"level":["info"],"timestamp":"03:03:2025|11:03:62","exception":false,"message":"MongoDB connected"}
{"level":["info"],"timestamp":"03:03:2025|11:03:03","exception":false,"message":"MongoDB connected"}
{"level":["info"],"timestamp":"03:03:2025|11:03:74","exception":false,"message":"MongoDB connected"}
{"level":["info"],"timestamp":"03:03:2025|11:03:74","exception":false,"message":"MongoDB connected"}
{"level":["info"],"timestamp":"03:03:2025|11:03:88","exception":false,"message":"MongoDB connected"}
{"level":["info"],"timestamp":"03:03:2025|11:03:89","exception":false,"message":"MongoDB connected"}
{"level":["info"],"timestamp":"03:03:2025|11:03:98","exception":false,"message":"MongoDB connected"}
{"level":["info"],"timestamp":"03:03:2025|11:03:98","exception":false,"message":"MongoDB connected"}
{"level":["info"],"timestamp":"03:03:2025|11:03:72","exception":false,"message":"MongoDB connected"}
{"level":["info"],"timestamp":"03:03:2025|11:03:73","exception":false,"message":"MongoDB connected"}
{"level":["info"],"timestamp":"03:03:2025|11:03:45","exception":false,"message":"MongoDB connected"}
{"level":["info"],"timestamp":"03:03:2025|11:03:46","exception":false,"message":"MongoDB connected"}
{"level":["error"],"timestamp":"03:03:2025|11:03:48","exception":true,"message":"uncaughtException: upload is not a function"}
{"level":["info"],"timestamp":"03:03:2025|11:03:49","exception":false,"message":"MongoDB connected"}
{"level":["info"],"timestamp":"03:03:2025|11:03:96","exception":false,"message":"MongoDB connected"}
{"level":["info"],"timestamp":"03:03:2025|11:03:20","exception":false,"message":"MongoDB connected"}
{"level":["info"],"timestamp":"03:03:2025|11:03:82","exception":false,"message":"MongoDB connected"}
{"level":["info"],"timestamp":"03:03:2025|11:03:49","exception":false,"message":"MongoDB connected"}
{"level":["debug"],"timestamp":"03:03:2025|11:03:41","exception":false,"message":{"token":"06cc3c5a6f1ca91d55366d3ffa1f2fd524890d513de724c794e966a8256d","password":"User@1234"}}
{"level":["info"],"timestamp":"03:03:2025|11:03:18","exception":false,"message":"MongoDB connected"}
{"level":["info"],"timestamp":"03:03:2025|11:03:10","exception":false,"message":"MongoDB connected"}
{"level":["info"],"timestamp":"03:03:2025|11:03:40","exception":false,"message":"MongoDB connected"}
{"level":["info"],"timestamp":"03:03:2025|11:03:01","exception":false,"message":"MongoDB connected"}
{"level":["debug"],"timestamp":"03:03:2025|11:03:23","exception":false,"message":{"token":"06cc3c5a6f1ca91d55366d3ffa1f2fd524890d513de724c794e966a8256d","password":"User@1234"}}
{"level":["info"],"timestamp":"03:03:2025|11:03:04","exception":false,"message":"MongoDB connected"}
{"level":["info"],"timestamp":"03:03:2025|11:03:65","exception":false,"message":"MongoDB connected"}
{"level":["info"],"timestamp":"03:03:2025|11:03:27","exception":false,"message":"MongoDB connected"}
{"level":["info"],"timestamp":"03:03:2025|11:03:32","exception":false,"message":"MongoDB connected"}
{"level":["info"],"timestamp":"03:03:2025|11:03:50","exception":false,"message":"MongoDB connected"}
{"level":["debug"],"timestamp":"03:03:2025|11:03:08","exception":false,"message":{"token":"06cc3c5a6f1ca91d55366d3ffa1f2fd524890d513de724c794e966a8256d","password":"User@1234"}}
{"level":["info"],"timestamp":"03:03:2025|11:03:94","exception":false,"message":"MongoDB connected"}
{"level":["info"],"timestamp":"03:03:2025|11:03:38","exception":false,"message":"MongoDB connected"}
{"level":["info"],"timestamp":"03:03:2025|11:03:15","exception":false,"message":"MongoDB connected"}
{"level":["debug"],"timestamp":"03:03:2025|11:03:49","exception":false,"message":{"token":"06cc3c5a6f1ca91d55366d3ffa1f2fd524890d513de724c794e966a8256d","password":"User@1234"}}
{"level":["debug"],"timestamp":"03:03:2025|11:03:46","exception":false,"message":{"token":"06cc3c5a6f1ca91d55366d3ffa1f2fd524890d513de724c794e966a8256d","password":"User@1234"}}
{"level":["debug"],"timestamp":"03:03:2025|11:03:05","exception":false,"message":{"token":"06cc3c5a6f1ca91d55366d3ffa1f2fd524890d513de724c794e966a8256d","password":"User@1234"}}
{"level":["debug"],"timestamp":"03:03:2025|11:03:58","exception":false,"message":{"token":"06cc3c5a6f1ca91d55366d3ffa1f2fd524890d513de724c794e966a8256d","password":"User@1234"}}
{"level":["debug"],"timestamp":"03:03:2025|11:03:88","exception":false,"message":{"token":"06cc3c5a6f1ca91d55366d3ffa1f2fd524890d513de724c794e966a8256d","password":"User@1234"}}
{"level":["info"],"timestamp":"03:03:2025|11:03:38","exception":false,"message":"MongoDB connected"}
{"level":["info"],"timestamp":"03:03:2025|11:03:29","exception":false,"message":"MongoDB connected"}
{"level":["error"],"timestamp":"03:03:2025|11:03:00","exception":true,"message":"uncaughtException: deckDownloadStorage is not defined"}
{"level":["error"],"timestamp":"03:03:2025|11:03:00","exception":true,"message":"uncaughtException: deckDownloadStorage is not defined"}
{"level":["info"],"timestamp":"03:03:2025|11:03:02","exception":false,"message":"MongoDB connected"}
{"level":["info"],"timestamp":"03:03:2025|11:03:02","exception":false,"message":"MongoDB connected"}
{"level":["error"],"timestamp":"03:03:2025|11:03:07","exception":true,"message":"uncaughtException: deckDownloadStorage is not defined"}
{"level":["error"],"timestamp":"03:03:2025|11:03:07","exception":true,"message":"uncaughtException: deckDownloadStorage is not defined"}
{"level":["info"],"timestamp":"03:03:2025|11:03:07","exception":false,"message":"MongoDB connected"}
{"level":["info"],"timestamp":"03:03:2025|11:03:07","exception":false,"message":"MongoDB connected"}
{"level":["info"],"timestamp":"03:03:2025|11:03:33","exception":false,"message":"MongoDB connected"}
{"level":["info"],"timestamp":"03:03:2025|11:03:34","exception":false,"message":"MongoDB connected"}
{"level":["info"],"timestamp":"03:03:2025|11:03:71","exception":false,"message":"MongoDB connected"}
{"level":["info"],"timestamp":"03:03:2025|11:03:73","exception":false,"message":"MongoDB connected"}
{"level":["info"],"timestamp":"03:03:2025|11:03:17","exception":false,"message":"MongoDB connected"}
{"level":["info"],"timestamp":"03:03:2025|11:03:33","exception":false,"message":"MongoDB connected"}
{"level":["info"],"timestamp":"03:03:2025|11:03:03","exception":false,"message":"MongoDB connected"}
{"level":["info"],"timestamp":"03:03:2025|11:03:25","exception":false,"message":"MongoDB connected"}
{"level":["info"],"timestamp":"03:03:2025|11:03:79","exception":false,"message":"MongoDB connected"}
{"level":["info"],"timestamp":"03:03:2025|11:03:82","exception":false,"message":"MongoDB connected"}
{"level":["error"],"timestamp":"03:03:2025|11:03:81","exception":true,"message":"uncaughtException: path must be a string, array of strings, or regular expression"}
{"level":["info"],"timestamp":"03:03:2025|11:03:83","exception":false,"message":"MongoDB connected"}
{"level":["error"],"timestamp":"03:03:2025|11:03:51","exception":true,"message":"uncaughtException: path must be a string, array of strings, or regular expression"}
{"level":["info"],"timestamp":"03:03:2025|11:03:51","exception":false,"message":"MongoDB connected"}
{"level":["info"],"timestamp":"03:03:2025|11:03:96","exception":false,"message":"MongoDB connected"}
{"level":["info"],"timestamp":"03:03:2025|11:03:52","exception":false,"message":"MongoDB connected"}
{"level":["info"],"timestamp":"03:03:2025|11:03:85","exception":false,"message":"MongoDB connected"}
{"level":["info"],"timestamp":"03:03:2025|11:03:25","exception":false,"message":"MongoDB connected"}
{"level":["info"],"timestamp":"03:03:2025|11:03:54","exception":false,"message":"MongoDB connected"}
{"level":["error"],"timestamp":"03:03:2025|11:03:59","exception":true,"message":"uncaughtException: profileSchema is not defined"}
{"level":["info"],"timestamp":"03:03:2025|11:03:59","exception":false,"message":"MongoDB connected"}
{"level":["error"],"timestamp":"03:03:2025|11:03:56","exception":true,"message":"uncaughtException: profileSchema is not defined"}
{"level":["info"],"timestamp":"03:03:2025|11:03:57","exception":false,"message":"MongoDB connected"}
{"level":["error"],"timestamp":"03:03:2025|11:03:14","exception":true,"message":"uncaughtException: up is not defined"}
{"level":["info"],"timestamp":"03:03:2025|11:03:14","exception":false,"message":"MongoDB connected"}
{"level":["error"],"timestamp":"03:03:2025|11:03:10","exception":true,"message":"uncaughtException: up is not defined"}
{"level":["info"],"timestamp":"03:03:2025|11:03:11","exception":false,"message":"MongoDB connected"}
{"level":["info"],"timestamp":"03:03:2025|11:03:32","exception":false,"message":"MongoDB connected"}
{"level":["info"],"timestamp":"03:03:2025|11:03:32","exception":false,"message":"MongoDB connected"}
{"level":["info"],"timestamp":"03:03:2025|11:03:82","exception":false,"message":"MongoDB connected"}
{"level":["info"],"timestamp":"03:03:2025|11:03:75","exception":false,"message":"MongoDB connected"}
{"level":["info"],"timestamp":"03:03:2025|11:03:64","exception":false,"message":"MongoDB connected"}
{"level":["info"],"timestamp":"03:03:2025|12:03:49","exception":false,"message":"MongoDB connected"}
{"level":["warn"],"timestamp":"03:03:2025|12:03:61","exception":false,"message":"MongoDB Disconnecting"}
{"level":["warn"],"timestamp":"03:03:2025|12:03:61","exception":false,"message":"MongoDB Disconnecting"}
{"level":["info"],"timestamp":"03:03:2025|12:03:39","exception":false,"message":"MongoDB connected"}
{"level":["info"],"timestamp":"03:03:2025|12:03:40","exception":false,"message":"MongoDB connected"}
{"level":["info"],"timestamp":"03:03:2025|12:03:96","exception":false,"message":"MongoDB connected"}
{"level":["info"],"timestamp":"03:03:2025|12:03:96","exception":false,"message":"MongoDB connected"}
{"level":["info"],"timestamp":"03:03:2025|13:03:05","exception":false,"message":"MongoDB connected"}
{"level":["info"],"timestamp":"03:03:2025|13:03:05","exception":false,"message":"MongoDB connected"}
{"level":["info"],"timestamp":"03:03:2025|13:03:32","exception":false,"message":"MongoDB connected"}
{"level":["info"],"timestamp":"03:03:2025|13:03:96","exception":false,"message":"MongoDB connected"}
{"level":["info"],"timestamp":"03:03:2025|13:03:72","exception":false,"message":"MongoDB connected"}
{"level":["info"],"timestamp":"03:03:2025|13:03:02","exception":false,"message":"MongoDB connected"}
{"level":["info"],"timestamp":"03:03:2025|13:03:45","exception":false,"message":"MongoDB connected"}
{"level":["info"],"timestamp":"03:03:2025|13:03:67","exception":false,"message":"MongoDB connected"}
{"level":["info"],"timestamp":"03:03:2025|13:03:67","exception":false,"message":"MongoDB connected"}
{"level":["info"],"timestamp":"03:03:2025|13:03:78","exception":false,"message":"MongoDB connected"}
{"level":["info"],"timestamp":"03:03:2025|13:03:82","exception":false,"message":"MongoDB connected"}
{"level":["info"],"timestamp":"03:03:2025|13:03:05","exception":false,"message":"MongoDB connected"}
{"level":["info"],"timestamp":"03:03:2025|13:03:06","exception":false,"message":"MongoDB connected"}
{"level":["info"],"timestamp":"03:03:2025|13:03:69","exception":false,"message":"MongoDB connected"}
{"level":["info"],"timestamp":"03:03:2025|13:03:69","exception":false,"message":"MongoDB connected"}
{"level":["info"],"timestamp":"03:03:2025|13:03:51","exception":false,"message":"MongoDB connected"}
{"level":["info"],"timestamp":"03:03:2025|13:03:51","exception":false,"message":"MongoDB connected"}
{"level":["info"],"timestamp":"03:03:2025|13:03:30","exception":false,"message":"MongoDB connected"}
{"level":["info"],"timestamp":"03:03:2025|13:03:30","exception":false,"message":"MongoDB connected"}
{"level":["info"],"timestamp":"03:03:2025|13:03:31","exception":false,"message":"MongoDB connected"}
{"level":["info"],"timestamp":"03:03:2025|13:03:31","exception":false,"message":"MongoDB connected"}
{"level":["info"],"timestamp":"03:03:2025|13:03:82","exception":false,"message":"MongoDB connected"}
{"level":["info"],"timestamp":"03:03:2025|13:03:27","exception":false,"message":"MongoDB connected"}
{"level":["info"],"timestamp":"03:03:2025|13:03:18","exception":false,"message":"MongoDB connected"}
{"level":["info"],"timestamp":"03:03:2025|13:03:13","exception":false,"message":"MongoDB connected"}
{"level":["info"],"timestamp":"03:03:2025|13:03:16","exception":false,"message":"MongoDB connected"}
{"level":["info"],"timestamp":"03:03:2025|13:03:91","exception":false,"message":"MongoDB connected"}
{"level":["info"],"timestamp":"03:03:2025|13:03:14","exception":false,"message":"MongoDB connected"}
{"level":["info"],"timestamp":"03:03:2025|13:03:69","exception":false,"message":"MongoDB connected"}
{"level":["info"],"timestamp":"03:03:2025|13:03:74","exception":false,"message":"MongoDB connected"}
{"level":["info"],"timestamp":"03:03:2025|13:03:10","exception":false,"message":"MongoDB connected"}
{"level":["info"],"timestamp":"03:03:2025|13:03:55","exception":false,"message":"MongoDB connected"}
{"level":["info"],"timestamp":"03:03:2025|13:03:68","exception":false,"message":"::1 - - [03/Mar/2025:08:12:47 +0000] \"PUT /update HTTP/1.1\" 404 - \"-\" \"PostmanRuntime/7.43.0\"\n"}
{"level":["info"],"timestamp":"03:03:2025|14:03:79","exception":false,"message":"::1 - - [03/Mar/2025:09:18:54 +0000] \"PUT /update HTTP/1.1\" 404 - \"-\" \"PostmanRuntime/7.43.0\"\n"}
{"level":["info"],"timestamp":"03:03:2025|14:03:15","exception":false,"message":"::1 - - [03/Mar/2025:09:19:28 +0000] \"PUT /update HTTP/1.1\" 404 - \"-\" \"PostmanRuntime/7.43.0\"\n"}
{"level":["error"],"timestamp":"03:03:2025|14:03:16","exception":true,"message":"uncaughtException: isUser is not defined"}
{"level":["info"],"timestamp":"03:03:2025|14:03:18","exception":false,"message":"MongoDB connected"}
{"level":["info"],"timestamp":"03:03:2025|14:03:97","exception":false,"message":"MongoDB connected"}
{"level":["error"],"timestamp":"03:03:2025|14:03:92","exception":false,"message":"IS_USER"}
{"level":["error"],"timestamp":"03:03:2025|14:03:92","exception":false,"message":"Cannot read properties of undefined (reading 'UserModel')"}
{"level":["error"],"timestamp":"03:03:2025|14:03:70","exception":true,"message":"uncaughtException: models is not defined"}
{"level":["info"],"timestamp":"03:03:2025|14:03:71","exception":false,"message":"MongoDB connected"}
{"level":["error"],"timestamp":"03:03:2025|14:03:35","exception":true,"message":"uncaughtException: im is not defined"}
{"level":["info"],"timestamp":"03:03:2025|14:03:35","exception":false,"message":"MongoDB connected"}
{"level":["error"],"timestamp":"03:03:2025|14:03:26","exception":true,"message":"uncaughtException: models is not defined"}
{"level":["info"],"timestamp":"03:03:2025|14:03:26","exception":false,"message":"MongoDB connected"}
{"level":["info"],"timestamp":"03:03:2025|14:03:07","exception":false,"message":"MongoDB connected"}
{"level":["info"],"timestamp":"03:03:2025|14:03:09","exception":false,"message":"MongoDB connected"}
{"level":["error"],"timestamp":"03:03:2025|14:03:03","exception":false,"message":"IS_USER"}
{"level":["error"],"timestamp":"03:03:2025|14:03:03","exception":false,"message":"Cannot read properties of undefined (reading 'findOne')"}
{"level":["info"],"timestamp":"03:03:2025|15:03:41","exception":false,"message":"MongoDB connected"}
{"level":["info"],"timestamp":"03:03:2025|15:03:42","exception":false,"message":"MongoDB connected"}
{"level":["info"],"timestamp":"03:03:2025|15:03:52","exception":false,"message":"MongoDB connected"}
{"level":["info"],"timestamp":"03:03:2025|15:03:30","exception":false,"message":"MongoDB connected"}
{"level":["error"],"timestamp":"03:03:2025|15:03:56","exception":true,"message":"uncaughtException: Us is not defined"}
{"level":["info"],"timestamp":"03:03:2025|15:03:56","exception":false,"message":"MongoDB connected"}
{"level":["info"],"timestamp":"03:03:2025|15:03:06","exception":false,"message":"MongoDB connected"}
{"level":["info"],"timestamp":"03:03:2025|15:03:70","exception":false,"message":"MongoDB connected"}
{"level":["info"],"timestamp":"03:03:2025|15:03:40","exception":false,"message":"MongoDB connected"}
{"level":["info"],"timestamp":"03:03:2025|15:03:50","exception":false,"message":"MongoDB connected"}
{"level":["info"],"timestamp":"03:03:2025|15:03:51","exception":false,"message":"MongoDB connected"}
{"level":["info"],"timestamp":"03:03:2025|15:03:31","exception":false,"message":"MongoDB connected"}
{"level":["info"],"timestamp":"03:03:2025|15:03:36","exception":false,"message":"MongoDB connected"}
{"level":["info"],"timestamp":"03:03:2025|15:03:88","exception":false,"message":"MongoDB connected"}
{"level":["info"],"timestamp":"03:03:2025|15:03:88","exception":false,"message":"MongoDB connected"}
{"level":["info"],"timestamp":"03:03:2025|15:03:79","exception":false,"message":"MongoDB connected"}
{"level":["info"],"timestamp":"03:03:2025|15:03:79","exception":false,"message":"MongoDB connected"}
{"level":["info"],"timestamp":"03:03:2025|15:03:82","exception":false,"message":"MongoDB connected"}
{"level":["info"],"timestamp":"03:03:2025|15:03:83","exception":false,"message":"MongoDB connected"}
{"level":["info"],"timestamp":"03:03:2025|15:03:34","exception":false,"message":"MongoDB connected"}
{"level":["info"],"timestamp":"03:03:2025|15:03:34","exception":false,"message":"MongoDB connected"}
{"level":["info"],"timestamp":"03:03:2025|15:03:78","exception":false,"message":"MongoDB connected"}
{"level":["info"],"timestamp":"03:03:2025|15:03:78","exception":false,"message":"MongoDB connected"}
{"level":["info"],"timestamp":"03:03:2025|15:03:93","exception":false,"message":"MongoDB connected"}
{"level":["info"],"timestamp":"03:03:2025|15:03:93","exception":false,"message":"MongoDB connected"}
{"level":["info"],"timestamp":"03:03:2025|15:03:95","exception":false,"message":"MongoDB connected"}
{"level":["info"],"timestamp":"03:03:2025|15:03:95","exception":false,"message":"MongoDB connected"}
{"level":["info"],"timestamp":"03:03:2025|15:03:02","exception":false,"message":"MongoDB connected"}
{"level":["info"],"timestamp":"03:03:2025|15:03:02","exception":false,"message":"MongoDB connected"}
{"level":["info"],"timestamp":"03:03:2025|15:03:59","exception":false,"message":"MongoDB connected"}
{"level":["info"],"timestamp":"03:03:2025|15:03:59","exception":false,"message":"MongoDB connected"}
{"level":["info"],"timestamp":"03:03:2025|15:03:26","exception":false,"message":"MongoDB connected"}
{"level":["info"],"timestamp":"03:03:2025|15:03:27","exception":false,"message":"MongoDB connected"}
{"level":["info"],"timestamp":"03:03:2025|15:03:72","exception":false,"message":"MongoDB connected"}
{"level":["info"],"timestamp":"03:03:2025|15:03:72","exception":false,"message":"MongoDB connected"}
{"level":["info"],"timestamp":"03:03:2025|15:03:90","exception":false,"message":"MongoDB connected"}
{"level":["info"],"timestamp":"03:03:2025|15:03:90","exception":false,"message":"MongoDB connected"}
{"level":["info"],"timestamp":"03:03:2025|15:03:47","exception":false,"message":"MongoDB connected"}
{"level":["info"],"timestamp":"03:03:2025|15:03:47","exception":false,"message":"MongoDB connected"}
{"level":["info"],"timestamp":"03:03:2025|15:03:79","exception":false,"message":"MongoDB connected"}
{"level":["info"],"timestamp":"03:03:2025|15:03:80","exception":false,"message":"MongoDB connected"}
{"level":["info"],"timestamp":"03:03:2025|15:03:38","exception":false,"message":"MongoDB connected"}
{"level":["info"],"timestamp":"03:03:2025|15:03:38","exception":false,"message":"MongoDB connected"}
{"level":["info"],"timestamp":"03:03:2025|15:03:94","exception":false,"message":"MongoDB connected"}
{"level":["info"],"timestamp":"03:03:2025|15:03:95","exception":false,"message":"MongoDB connected"}
{"level":["error"],"timestamp":"03:03:2025|15:03:42","exception":false,"message":"IS_USER"}
{"level":["error"],"timestamp":"03:03:2025|15:03:42","exception":false,"message":"secret or public key must be provided"}
{"level":["info"],"timestamp":"03:03:2025|15:03:83","exception":false,"message":"MongoDB connected"}
{"level":["info"],"timestamp":"03:03:2025|15:03:84","exception":false,"message":"MongoDB connected"}
{"level":["error"],"timestamp":"03:03:2025|15:03:52","exception":false,"message":"IS_USER"}
{"level":["error"],"timestamp":"03:03:2025|15:03:52","exception":false,"message":"UserModel is not defined"}
{"level":["info"],"timestamp":"03:03:2025|15:03:40","exception":false,"message":"MongoDB connected"}
{"level":["info"],"timestamp":"03:03:2025|15:03:40","exception":false,"message":"MongoDB connected"}
{"level":["info"],"timestamp":"03:03:2025|15:03:15","exception":false,"message":"MongoDB connected"}
{"level":["info"],"timestamp":"03:03:2025|15:03:15","exception":false,"message":"MongoDB connected"}
{"level":["error"],"timestamp":"03:03:2025|15:03:79","exception":false,"message":"IS_USER"}
{"level":["error"],"timestamp":"03:03:2025|15:03:79","exception":false,"message":"req is not defined"}
{"level":["error"],"timestamp":"03:03:2025|15:03:79","exception":true,"message":"uncaughtException: Route.put() requires a callback function but got a [object Promise]"}
{"level":["error"],"timestamp":"03:03:2025|15:03:79","exception":true,"message":"uncaughtException: res is not defined"}
{"level":["info"],"timestamp":"03:03:2025|15:03:81","exception":false,"message":"MongoDB connected"}
{"level":["info"],"timestamp":"03:03:2025|15:03:81","exception":false,"message":"MongoDB connected"}
{"level":["info"],"timestamp":"03:03:2025|15:03:64","exception":false,"message":"MongoDB connected"}
{"level":["error"],"timestamp":"03:03:2025|15:03:65","exception":false,"message":"IS_USER"}
{"level":["error"],"timestamp":"03:03:2025|15:03:65","exception":false,"message":"req is not defined"}
{"level":["error"],"timestamp":"03:03:2025|15:03:65","exception":true,"message":"uncaughtException: Route.put() requires a callback function but got a [object Promise]"}
{"level":["error"],"timestamp":"03:03:2025|15:03:65","exception":true,"message":"uncaughtException: res is not defined"}
{"level":["info"],"timestamp":"03:03:2025|15:03:65","exception":false,"message":"MongoDB connected"}
{"level":["info"],"timestamp":"03:03:2025|15:03:05","exception":false,"message":"MongoDB connected"}
{"level":["error"],"timestamp":"03:03:2025|15:03:04","exception":false,"message":"IS_USER"}
{"level":["error"],"timestamp":"03:03:2025|15:03:04","exception":false,"message":"req is not defined"}
{"level":["error"],"timestamp":"03:03:2025|15:03:05","exception":true,"message":"uncaughtException: Route.put() requires a callback function but got a [object Promise]"}
{"level":["error"],"timestamp":"03:03:2025|15:03:05","exception":true,"message":"uncaughtException: res is not defined"}
{"level":["info"],"timestamp":"03:03:2025|15:03:05","exception":false,"message":"MongoDB connected"}
{"level":["info"],"timestamp":"03:03:2025|15:03:56","exception":false,"message":"MongoDB connected"}
{"level":["info"],"timestamp":"03:03:2025|15:03:56","exception":false,"message":"MongoDB connected"}
{"level":["info"],"timestamp":"03:03:2025|15:03:30","exception":false,"message":"MongoDB connected"}
{"level":["info"],"timestamp":"03:03:2025|15:03:30","exception":false,"message":"MongoDB connected"}
{"level":["info"],"timestamp":"03:03:2025|15:03:95","exception":false,"message":"MongoDB connected"}
{"level":["info"],"timestamp":"03:03:2025|15:03:96","exception":false,"message":"MongoDB connected"}
{"level":["info"],"timestamp":"03:03:2025|15:03:81","exception":false,"message":"MongoDB connected"}
{"level":["info"],"timestamp":"03:03:2025|15:03:82","exception":false,"message":"MongoDB connected"}
{"level":["info"],"timestamp":"03:03:2025|15:03:71","exception":false,"message":"MongoDB connected"}
{"level":["info"],"timestamp":"03:03:2025|15:03:71","exception":false,"message":"MongoDB connected"}
{"level":["info"],"timestamp":"03:03:2025|15:03:58","exception":false,"message":"MongoDB connected"}
{"level":["info"],"timestamp":"03:03:2025|15:03:59","exception":false,"message":"MongoDB connected"}
{"level":["info"],"timestamp":"03:03:2025|15:03:04","exception":false,"message":"MongoDB connected"}
{"level":["info"],"timestamp":"03:03:2025|15:03:04","exception":false,"message":"MongoDB connected"}
{"level":["info"],"timestamp":"03:03:2025|15:03:84","exception":false,"message":"MongoDB connected"}
{"level":["info"],"timestamp":"03:03:2025|15:03:84","exception":false,"message":"MongoDB connected"}
{"level":["info"],"timestamp":"03:03:2025|15:03:69","exception":false,"message":"MongoDB connected"}
{"level":["info"],"timestamp":"03:03:2025|15:03:70","exception":false,"message":"MongoDB connected"}
{"level":["info"],"timestamp":"03:03:2025|15:03:77","exception":false,"message":"MongoDB connected"}
{"level":["info"],"timestamp":"03:03:2025|15:03:77","exception":false,"message":"MongoDB connected"}
{"level":["info"],"timestamp":"03:03:2025|15:03:59","exception":false,"message":"MongoDB connected"}
{"level":["info"],"timestamp":"03:03:2025|15:03:59","exception":false,"message":"MongoDB connected"}
{"level":["info"],"timestamp":"03:03:2025|15:03:65","exception":false,"message":"MongoDB connected"}
{"level":["info"],"timestamp":"03:03:2025|15:03:66","exception":false,"message":"MongoDB connected"}
{"level":["error"],"timestamp":"03:03:2025|15:03:55","exception":false,"message":"IS_USER"}
{"level":["info"],"timestamp":"03:03:2025|15:03:61","exception":false,"message":"MongoDB connected"}
{"level":["info"],"timestamp":"03:03:2025|15:03:61","exception":false,"message":"MongoDB connected"}
{"level":["info"],"timestamp":"03:03:2025|15:03:49","exception":false,"message":"MongoDB connected"}
{"level":["info"],"timestamp":"03:03:2025|15:03:49","exception":false,"message":"MongoDB connected"}
{"level":["info"],"timestamp":"03:03:2025|15:03:18","exception":false,"message":"MongoDB connected"}
{"level":["error"],"timestamp":"03:03:2025|15:03:18","exception":false,"message":"IS_USER"}
{"level":["error"],"timestamp":"03:03:2025|15:03:18","exception":false,"message":"req is not defined"}
{"level":["error"],"timestamp":"03:03:2025|15:03:18","exception":true,"message":"uncaughtException: Route.put() requires a callback function but got a [object Promise]"}
{"level":["error"],"timestamp":"03:03:2025|15:03:18","exception":true,"message":"uncaughtException: res is not defined"}
{"level":["info"],"timestamp":"03:03:2025|15:03:19","exception":false,"message":"MongoDB connected"}
{"level":["info"],"timestamp":"03:03:2025|15:03:92","exception":false,"message":"MongoDB connected"}
{"level":["error"],"timestamp":"03:03:2025|15:03:92","exception":false,"message":"IS_USER"}
{"level":["error"],"timestamp":"03:03:2025|15:03:92","exception":false,"message":"req is not defined"}
{"level":["error"],"timestamp":"03:03:2025|15:03:92","exception":true,"message":"uncaughtException: Route.put() requires a callback function but got a [object Promise]"}
{"level":["error"],"timestamp":"03:03:2025|15:03:92","exception":true,"message":"uncaughtException: res is not defined"}
{"level":["info"],"timestamp":"03:03:2025|15:03:93","exception":false,"message":"MongoDB connected"}
{"level":["info"],"timestamp":"03:03:2025|15:03:16","exception":false,"message":"MongoDB connected"}
{"level":["error"],"timestamp":"03:03:2025|15:03:16","exception":false,"message":"IS_USER"}
{"level":["error"],"timestamp":"03:03:2025|15:03:16","exception":false,"message":"req is not defined"}
{"level":["error"],"timestamp":"03:03:2025|15:03:16","exception":true,"message":"uncaughtException: Route.put() requires a callback function but got a [object Promise]"}
{"level":["error"],"timestamp":"03:03:2025|15:03:16","exception":true,"message":"uncaughtException: res is not defined"}
{"level":["info"],"timestamp":"03:03:2025|15:03:17","exception":false,"message":"MongoDB connected"}
{"level":["info"],"timestamp":"03:03:2025|15:03:67","exception":false,"message":"MongoDB connected"}
{"level":["error"],"timestamp":"03:03:2025|15:03:67","exception":false,"message":"IS_USER"}
{"level":["error"],"timestamp":"03:03:2025|15:03:67","exception":false,"message":"req is not defined"}
{"level":["error"],"timestamp":"03:03:2025|15:03:67","exception":true,"message":"uncaughtException: Route.put() requires a callback function but got a [object Promise]"}
{"level":["error"],"timestamp":"03:03:2025|15:03:67","exception":true,"message":"uncaughtException: res is not defined"}
{"level":["info"],"timestamp":"03:03:2025|15:03:68","exception":false,"message":"MongoDB connected"}
{"level":["info"],"timestamp":"03:03:2025|15:03:14","exception":false,"message":"MongoDB connected"}
{"level":["error"],"timestamp":"03:03:2025|15:03:13","exception":false,"message":"IS_USER"}
{"level":["error"],"timestamp":"03:03:2025|15:03:13","exception":false,"message":"req is not defined"}
{"level":["error"],"timestamp":"03:03:2025|15:03:13","exception":true,"message":"uncaughtException: Route.put() requires a callback function but got a [object Promise]"}
{"level":["error"],"timestamp":"03:03:2025|15:03:14","exception":true,"message":"uncaughtException: res is not defined"}
{"level":["info"],"timestamp":"03:03:2025|15:03:14","exception":false,"message":"MongoDB connected"}
{"level":["info"],"timestamp":"03:03:2025|15:03:70","exception":false,"message":"MongoDB connected"}
{"level":["error"],"timestamp":"03:03:2025|15:03:70","exception":false,"message":"IS_USER"}
{"level":["error"],"timestamp":"03:03:2025|15:03:70","exception":false,"message":"Cannot read properties of undefined (reading 'headers')"}
{"level":["error"],"timestamp":"03:03:2025|15:03:70","exception":true,"message":"uncaughtException: Route.put() requires a callback function but got a [object Promise]"}
{"level":["error"],"timestamp":"03:03:2025|15:03:70","exception":true,"message":"uncaughtException: Cannot read properties of undefined (reading 'status')"}
{"level":["info"],"timestamp":"03:03:2025|15:03:71","exception":false,"message":"MongoDB connected"}
{"level":["info"],"timestamp":"03:03:2025|15:03:27","exception":false,"message":"MongoDB connected"}
{"level":["info"],"timestamp":"03:03:2025|15:03:28","exception":false,"message":"MongoDB connected"}
{"level":["info"],"timestamp":"03:03:2025|15:03:55","exception":false,"message":"MongoDB connected"}
{"level":["info"],"timestamp":"03:03:2025|15:03:56","exception":false,"message":"MongoDB connected"}
{"level":["info"],"timestamp":"03:03:2025|15:03:84","exception":false,"message":"MongoDB connected"}
{"level":["info"],"timestamp":"03:03:2025|15:03:84","exception":false,"message":"MongoDB connected"}
{"level":["info"],"timestamp":"03:03:2025|15:03:28","exception":false,"message":"MongoDB connected"}
{"level":["info"],"timestamp":"03:03:2025|15:03:29","exception":false,"message":"MongoDB connected"}
{"level":["info"],"timestamp":"03:03:2025|15:03:61","exception":false,"message":"MongoDB connected"}
{"level":["info"],"timestamp":"03:03:2025|15:03:61","exception":false,"message":"MongoDB connected"}
{"level":["info"],"timestamp":"03:03:2025|15:03:53","exception":false,"message":"MongoDB connected"}
{"level":["info"],"timestamp":"03:03:2025|15:03:55","exception":false,"message":"MongoDB connected"}
{"level":["info"],"timestamp":"03:03:2025|15:03:46","exception":false,"message":"MongoDB connected"}
{"level":["info"],"timestamp":"03:03:2025|15:03:46","exception":false,"message":"MongoDB connected"}
{"level":["info"],"timestamp":"03:03:2025|15:03:24","exception":false,"message":"MongoDB connected"}
{"level":["info"],"timestamp":"03:03:2025|15:03:24","exception":false,"message":"MongoDB connected"}
{"level":["info"],"timestamp":"03:03:2025|15:03:88","exception":false,"message":"MongoDB connected"}
{"level":["info"],"timestamp":"03:03:2025|15:03:89","exception":false,"message":"MongoDB connected"}
{"level":["info"],"timestamp":"03:03:2025|15:03:32","exception":false,"message":"MongoDB connected"}
{"level":["info"],"timestamp":"03:03:2025|15:03:32","exception":false,"message":"MongoDB connected"}
{"level":["info"],"timestamp":"03:03:2025|15:03:26","exception":false,"message":"MongoDB connected"}
{"level":["info"],"timestamp":"03:03:2025|15:03:26","exception":false,"message":"MongoDB connected"}
{"level":["error"],"timestamp":"03:03:2025|15:03:17","exception":false,"message":"IS_USER"}
{"level":["error"],"timestamp":"03:03:2025|15:03:17","exception":false,"message":"Assignment to constant variable."}
{"level":["info"],"timestamp":"03:03:2025|15:03:90","exception":false,"message":"MongoDB connected"}
{"level":["info"],"timestamp":"03:03:2025|15:03:91","exception":false,"message":"MongoDB connected"}
{"level":["info"],"timestamp":"03:03:2025|15:03:23","exception":false,"message":"MongoDB connected"}
{"level":["info"],"timestamp":"03:03:2025|15:03:24","exception":false,"message":"MongoDB connected"}
{"level":["info"],"timestamp":"03:03:2025|15:03:21","exception":false,"message":"MongoDB connected"}
{"level":["info"],"timestamp":"03:03:2025|15:03:21","exception":false,"message":"MongoDB connected"}
{"level":["info"],"timestamp":"03:03:2025|15:03:34","exception":false,"message":"MongoDB connected"}
{"level":["info"],"timestamp":"03:03:2025|15:03:35","exception":false,"message":"MongoDB connected"}
{"level":["info"],"timestamp":"03:03:2025|15:03:18","exception":false,"message":"MongoDB connected"}
{"level":["info"],"timestamp":"03:03:2025|15:03:18","exception":false,"message":"MongoDB connected"}
{"level":["info"],"timestamp":"03:03:2025|15:03:78","exception":false,"message":"MongoDB connected"}
{"level":["info"],"timestamp":"03:03:2025|15:03:79","exception":false,"message":"MongoDB connected"}
{"level":["info"],"timestamp":"03:03:2025|15:03:79","exception":false,"message":"MongoDB connected"}
{"level":["info"],"timestamp":"03:03:2025|15:03:79","exception":false,"message":"MongoDB connected"}
{"level":["info"],"timestamp":"03:03:2025|15:03:100","exception":false,"message":"MongoDB connected"}
{"level":["info"],"timestamp":"03:03:2025|15:03:100","exception":false,"message":"MongoDB connected"}
{"level":["info"],"timestamp":"03:03:2025|15:03:50","exception":false,"message":"MongoDB connected"}
{"level":["info"],"timestamp":"03:03:2025|15:03:50","exception":false,"message":"MongoDB connected"}
{"level":["info"],"timestamp":"03:03:2025|15:03:57","exception":false,"message":"MongoDB connected"}
{"level":["info"],"timestamp":"03:03:2025|15:03:58","exception":false,"message":"MongoDB connected"}
{"level":["error"],"timestamp":"03:03:2025|15:03:31","exception":false,"message":"IS_USER"}
{"level":["error"],"timestamp":"03:03:2025|15:03:31","exception":false,"message":"UserModel is not defined"}
{"level":["info"],"timestamp":"03:03:2025|15:03:60","exception":false,"message":"MongoDB connected"}
{"level":["info"],"timestamp":"03:03:2025|15:03:61","exception":false,"message":"MongoDB connected"}
{"level":["info"],"timestamp":"03:03:2025|15:03:12","exception":false,"message":"MongoDB connected"}
{"level":["info"],"timestamp":"03:03:2025|15:03:12","exception":false,"message":"MongoDB connected"}
{"level":["info"],"timestamp":"03:03:2025|15:03:86","exception":false,"message":"MongoDB connected"}
{"level":["info"],"timestamp":"03:03:2025|15:03:87","exception":false,"message":"MongoDB connected"}
{"level":["info"],"timestamp":"03:03:2025|15:03:65","exception":false,"message":"MongoDB connected"}
{"level":["info"],"timestamp":"03:03:2025|15:03:66","exception":false,"message":"MongoDB connected"}
{"level":["info"],"timestamp":"03:03:2025|15:03:65","exception":false,"message":"MongoDB connected"}
{"level":["info"],"timestamp":"03:03:2025|15:03:65","exception":false,"message":"MongoDB connected"}
{"level":["info"],"timestamp":"03:03:2025|15:03:54","exception":false,"message":"MongoDB connected"}
{"level":["info"],"timestamp":"03:03:2025|15:03:55","exception":false,"message":"MongoDB connected"}
{"level":["info"],"timestamp":"03:03:2025|15:03:80","exception":false,"message":"MongoDB connected"}
{"level":["info"],"timestamp":"03:03:2025|15:03:80","exception":false,"message":"MongoDB connected"}
{"level":["info"],"timestamp":"03:03:2025|15:03:23","exception":false,"message":"MongoDB connected"}
{"level":["info"],"timestamp":"03:03:2025|15:03:24","exception":false,"message":"MongoDB connected"}
{"level":["info"],"timestamp":"03:03:2025|15:03:98","exception":false,"message":"MongoDB connected"}
{"level":["info"],"timestamp":"03:03:2025|15:03:99","exception":false,"message":"MongoDB connected"}
{"level":["info"],"timestamp":"03:03:2025|15:03:27","exception":false,"message":"MongoDB connected"}
{"level":["info"],"timestamp":"03:03:2025|15:03:28","exception":false,"message":"MongoDB connected"}
{"level":["error"],"timestamp":"03:03:2025|15:03:13","exception":false,"message":"IS_USER"}
{"level":["error"],"timestamp":"03:03:2025|15:03:13","exception":false,"message":"Cannot read properties of undefined (reading 'findOne')"}
{"level":["info"],"timestamp":"03:03:2025|15:03:92","exception":false,"message":"MongoDB connected"}
{"level":["info"],"timestamp":"03:03:2025|15:03:92","exception":false,"message":"MongoDB connected"}
{"level":["info"],"timestamp":"03:03:2025|15:03:93","exception":false,"message":"MongoDB connected"}
{"level":["info"],"timestamp":"03:03:2025|15:03:93","exception":false,"message":"MongoDB connected"}
{"level":["info"],"timestamp":"03:03:2025|15:03:02","exception":false,"message":"MongoDB connected"}
{"level":["info"],"timestamp":"03:03:2025|15:03:02","exception":false,"message":"MongoDB connected"}
{"level":["info"],"timestamp":"03:03:2025|15:03:95","exception":false,"message":"MongoDB connected"}
{"level":["info"],"timestamp":"03:03:2025|15:03:96","exception":false,"message":"MongoDB connected"}
{"level":["info"],"timestamp":"03:03:2025|15:03:60","exception":false,"message":"MongoDB connected"}
{"level":["info"],"timestamp":"03:03:2025|15:03:60","exception":false,"message":"MongoDB connected"}
{"level":["info"],"timestamp":"03:03:2025|15:03:57","exception":false,"message":"MongoDB connected"}
{"level":["info"],"timestamp":"03:03:2025|15:03:58","exception":false,"message":"MongoDB connected"}
{"level":["info"],"timestamp":"03:03:2025|15:03:40","exception":false,"message":"MongoDB connected"}
{"level":["info"],"timestamp":"03:03:2025|15:03:41","exception":false,"message":"MongoDB connected"}
{"level":["info"],"timestamp":"03:03:2025|15:03:42","exception":false,"message":"MongoDB connected"}
{"level":["info"],"timestamp":"03:03:2025|15:03:42","exception":false,"message":"MongoDB connected"}
{"level":["info"],"timestamp":"03:03:2025|15:03:93","exception":false,"message":"MongoDB connected"}
{"level":["info"],"timestamp":"03:03:2025|15:03:91","exception":false,"message":"MongoDB connected"}
{"level":["info"],"timestamp":"03:03:2025|15:03:30","exception":false,"message":"MongoDB connected"}
{"level":["info"],"timestamp":"03:03:2025|15:03:99","exception":false,"message":"MongoDB connected"}
{"level":["info"],"timestamp":"03:03:2025|15:03:05","exception":false,"message":"MongoDB connected"}
{"level":["info"],"timestamp":"03:03:2025|15:03:12","exception":false,"message":"MongoDB connected"}
{"level":["info"],"timestamp":"03:03:2025|15:03:78","exception":false,"message":"MongoDB connected"}
{"level":["info"],"timestamp":"03:03:2025|15:03:68","exception":false,"message":"MongoDB connected"}
{"level":["info"],"timestamp":"03:03:2025|15:03:26","exception":false,"message":"MongoDB connected"}
{"level":["info"],"timestamp":"03:03:2025|15:03:63","exception":false,"message":"MongoDB connected"}
{"level":["info"],"timestamp":"03:03:2025|15:03:09","exception":false,"message":"MongoDB connected"}
{"level":["warn"],"timestamp":"03:03:2025|16:03:05","exception":false,"message":"MongoDB Disconnected"}
{"level":["warn"],"timestamp":"03:03:2025|16:03:05","exception":false,"message":"MongoDB Disconnected"}
{"level":["warn"],"timestamp":"03:03:2025|16:03:10","exception":false,"message":"MongoDB Reconnected"}
{"level":["warn"],"timestamp":"03:03:2025|16:03:10","exception":false,"message":"MongoDB Reconnected"}
{"level":["info"],"timestamp":"03:03:2025|16:03:82","exception":false,"message":"MongoDB connected"}
{"level":["error"],"timestamp":"03:03:2025|16:03:78","exception":false,"message":"IS_USER"}
{"level":["info"],"timestamp":"03:03:2025|16:03:37","exception":false,"message":"MongoDB connected"}
{"level":["error"],"timestamp":"03:03:2025|16:03:34","exception":true,"message":"uncaughtException: myapp_images is not defined"}
{"level":["info"],"timestamp":"03:03:2025|16:03:35","exception":false,"message":"MongoDB connected"}
{"level":["info"],"timestamp":"03:03:2025|16:03:70","exception":false,"message":"MongoDB connected"}
{"level":["info"],"timestamp":"03:03:2025|16:03:78","exception":false,"message":"MongoDB connected"}
{"level":["info"],"timestamp":"03:03:2025|16:03:44","exception":false,"message":"MongoDB connected"}
{"level":["info"],"timestamp":"03:03:2025|16:03:03","exception":false,"message":"MongoDB connected"}
{"level":["info"],"timestamp":"03:03:2025|16:03:36","exception":false,"message":"MongoDB connected"}
{"level":["info"],"timestamp":"03:03:2025|16:03:37","exception":false,"message":"MongoDB connected"}
{"level":["info"],"timestamp":"03:03:2025|16:03:23","exception":false,"message":"MongoDB connected"}
{"level":["info"],"timestamp":"03:03:2025|16:03:24","exception":false,"message":"MongoDB connected"}
{"level":["info"],"timestamp":"03:03:2025|16:03:96","exception":false,"message":"MongoDB connected"}
{"level":["info"],"timestamp":"03:03:2025|16:03:96","exception":false,"message":"MongoDB connected"}
{"level":["info"],"timestamp":"03:03:2025|16:03:41","exception":false,"message":"MongoDB connected"}
{"level":["info"],"timestamp":"03:03:2025|16:03:42","exception":false,"message":"MongoDB connected"}
{"level":["info"],"timestamp":"03:03:2025|16:03:54","exception":false,"message":"MongoDB connected"}
{"level":["info"],"timestamp":"03:03:2025|16:03:55","exception":false,"message":"MongoDB connected"}
{"level":["info"],"timestamp":"03:03:2025|16:03:49","exception":false,"message":"MongoDB connected"}
{"level":["info"],"timestamp":"03:03:2025|16:03:49","exception":false,"message":"MongoDB connected"}
{"level":["info"],"timestamp":"03:03:2025|16:03:82","exception":false,"message":"MongoDB connected"}
{"level":["info"],"timestamp":"03:03:2025|16:03:83","exception":false,"message":"MongoDB connected"}
{"level":["info"],"timestamp":"03:03:2025|16:03:12","exception":false,"message":"MongoDB connected"}
{"level":["info"],"timestamp":"03:03:2025|16:03:15","exception":false,"message":"MongoDB connected"}
{"level":["info"],"timestamp":"03:03:2025|16:03:58","exception":false,"message":"MongoDB connected"}
{"level":["info"],"timestamp":"03:03:2025|16:03:60","exception":false,"message":"MongoDB connected"}
{"level":["info"],"timestamp":"03:03:2025|16:03:66","exception":false,"message":"MongoDB connected"}
{"level":["info"],"timestamp":"03:03:2025|16:03:81","exception":false,"message":"MongoDB connected"}
{"level":["info"],"timestamp":"03:03:2025|16:03:44","exception":false,"message":"MongoDB connected"}
{"level":["info"],"timestamp":"03:03:2025|16:03:79","exception":false,"message":"MongoDB connected"}
{"level":["info"],"timestamp":"03:03:2025|16:03:72","exception":false,"message":"MongoDB connected"}
{"level":["info"],"timestamp":"03:03:2025|16:03:34","exception":false,"message":"MongoDB connected"}
{"level":["info"],"timestamp":"03:03:2025|16:03:49","exception":false,"message":"MongoDB connected"}
{"level":["info"],"timestamp":"03:03:2025|16:03:32","exception":false,"message":"MongoDB connected"}
{"level":["info"],"timestamp":"03:03:2025|16:03:68","exception":false,"message":"MongoDB connected"}
{"level":["info"],"timestamp":"03:03:2025|16:03:11","exception":false,"message":"MongoDB connected"}
{"level":["info"],"timestamp":"03:03:2025|16:03:58","exception":false,"message":"MongoDB connected"}
{"level":["info"],"timestamp":"03:03:2025|16:03:35","exception":false,"message":"MongoDB connected"}
{"level":["info"],"timestamp":"03:03:2025|16:03:06","exception":false,"message":"MongoDB connected"}
{"level":["info"],"timestamp":"03:03:2025|16:03:19","exception":false,"message":"MongoDB connected"}
{"level":["info"],"timestamp":"03:03:2025|16:03:25","exception":false,"message":"MongoDB connected"}
{"level":["info"],"timestamp":"03:03:2025|16:03:51","exception":false,"message":"MongoDB connected"}
{"level":["info"],"timestamp":"03:03:2025|16:03:57","exception":false,"message":"MongoDB connected"}
{"level":["info"],"timestamp":"03:03:2025|16:03:58","exception":false,"message":"MongoDB connected"}
{"level":["info"],"timestamp":"03:03:2025|16:03:39","exception":false,"message":"MongoDB connected"}
{"level":["info"],"timestamp":"03:03:2025|16:03:39","exception":false,"message":"MongoDB connected"}
{"level":["info"],"timestamp":"03:03:2025|16:03:50","exception":false,"message":"MongoDB connected"}
{"level":["info"],"timestamp":"03:03:2025|16:03:50","exception":false,"message":"MongoDB connected"}
{"level":["info"],"timestamp":"03:03:2025|16:03:64","exception":false,"message":"MongoDB connected"}
{"level":["info"],"timestamp":"03:03:2025|16:03:64","exception":false,"message":"MongoDB connected"}
{"level":["info"],"timestamp":"03:03:2025|16:03:89","exception":false,"message":"MongoDB connected"}
{"level":["info"],"timestamp":"03:03:2025|16:03:90","exception":false,"message":"MongoDB connected"}
{"level":["info"],"timestamp":"03:03:2025|16:03:38","exception":false,"message":"MongoDB connected"}
{"level":["info"],"timestamp":"03:03:2025|16:03:39","exception":false,"message":"MongoDB connected"}
{"level":["info"],"timestamp":"03:03:2025|16:03:55","exception":false,"message":"MongoDB connected"}
{"level":["info"],"timestamp":"03:03:2025|16:03:55","exception":false,"message":"MongoDB connected"}
{"level":["info"],"timestamp":"03:03:2025|16:03:97","exception":false,"message":"MongoDB connected"}
{"level":["info"],"timestamp":"03:03:2025|16:03:97","exception":false,"message":"MongoDB connected"}
{"level":["info"],"timestamp":"03:03:2025|16:03:80","exception":false,"message":"MongoDB connected"}
{"level":["info"],"timestamp":"03:03:2025|16:03:34","exception":false,"message":"MongoDB connected"}
{"level":["info"],"timestamp":"03:03:2025|16:03:40","exception":false,"message":"MongoDB connected"}
{"level":["info"],"timestamp":"03:03:2025|16:03:41","exception":false,"message":"MongoDB connected"}
{"level":["info"],"timestamp":"03:03:2025|16:03:32","exception":false,"message":"MongoDB connected"}
{"level":["info"],"timestamp":"03:03:2025|16:03:06","exception":false,"message":"MongoDB connected"}
{"level":["info"],"timestamp":"03:03:2025|16:03:06","exception":false,"message":"MongoDB connected"}
{"level":["info"],"timestamp":"03:03:2025|16:03:31","exception":false,"message":"MongoDB connected"}
{"level":["info"],"timestamp":"03:03:2025|16:03:31","exception":false,"message":"MongoDB connected"}
{"level":["info"],"timestamp":"03:03:2025|16:03:18","exception":false,"message":"MongoDB connected"}
{"level":["info"],"timestamp":"03:03:2025|16:03:18","exception":false,"message":"MongoDB connected"}
{"level":["info"],"timestamp":"03:03:2025|16:03:18","exception":false,"message":"MongoDB connected"}
{"level":["info"],"timestamp":"03:03:2025|16:03:19","exception":false,"message":"MongoDB connected"}
{"level":["info"],"timestamp":"03:03:2025|16:03:73","exception":false,"message":"MongoDB connected"}
{"level":["info"],"timestamp":"03:03:2025|16:03:75","exception":false,"message":"MongoDB connected"}
{"level":["info"],"timestamp":"03:03:2025|16:03:52","exception":false,"message":"MongoDB connected"}
{"level":["info"],"timestamp":"03:03:2025|16:03:53","exception":false,"message":"MongoDB connected"}
{"level":["info"],"timestamp":"03:03:2025|16:03:52","exception":false,"message":"MongoDB connected"}
{"level":["info"],"timestamp":"03:03:2025|16:03:52","exception":false,"message":"MongoDB connected"}
{"level":["info"],"timestamp":"03:03:2025|16:03:16","exception":false,"message":"MongoDB connected"}
{"level":["info"],"timestamp":"03:03:2025|16:03:16","exception":false,"message":"MongoDB connected"}
{"level":["info"],"timestamp":"03:03:2025|16:03:48","exception":false,"message":"MongoDB connected"}
{"level":["info"],"timestamp":"03:03:2025|16:03:49","exception":false,"message":"MongoDB connected"}
{"level":["info"],"timestamp":"03:03:2025|16:03:26","exception":false,"message":"MongoDB connected"}
{"level":["info"],"timestamp":"03:03:2025|16:03:26","exception":false,"message":"MongoDB connected"}
{"level":["info"],"timestamp":"03:03:2025|16:03:88","exception":false,"message":"MongoDB connected"}
{"level":["info"],"timestamp":"03:03:2025|16:03:90","exception":false,"message":"MongoDB connected"}
{"level":["info"],"timestamp":"03:03:2025|16:03:18","exception":false,"message":"MongoDB connected"}
{"level":["info"],"timestamp":"03:03:2025|16:03:19","exception":false,"message":"MongoDB connected"}
{"level":["info"],"timestamp":"03:03:2025|16:03:70","exception":false,"message":"MongoDB connected"}
{"level":["info"],"timestamp":"03:03:2025|16:03:71","exception":false,"message":"MongoDB connected"}
{"level":["info"],"timestamp":"03:03:2025|16:03:71","exception":false,"message":"MongoDB connected"}
{"level":["info"],"timestamp":"03:03:2025|16:03:72","exception":false,"message":"MongoDB connected"}
{"level":["info"],"timestamp":"03:03:2025|16:03:03","exception":false,"message":"MongoDB connected"}
{"level":["info"],"timestamp":"03:03:2025|16:03:03","exception":false,"message":"MongoDB connected"}
{"level":["info"],"timestamp":"03:03:2025|16:03:76","exception":false,"message":"MongoDB connected"}
{"level":["info"],"timestamp":"03:03:2025|16:03:76","exception":false,"message":"MongoDB connected"}
{"level":["info"],"timestamp":"03:03:2025|16:03:15","exception":false,"message":"MongoDB connected"}
{"level":["info"],"timestamp":"03:03:2025|16:03:15","exception":false,"message":"MongoDB connected"}
{"level":["info"],"timestamp":"03:03:2025|16:03:98","exception":false,"message":"MongoDB connected"}
{"level":["info"],"timestamp":"03:03:2025|16:03:98","exception":false,"message":"MongoDB connected"}
{"level":["info"],"timestamp":"03:03:2025|16:03:52","exception":false,"message":"MongoDB connected"}
{"level":["info"],"timestamp":"03:03:2025|16:03:53","exception":false,"message":"MongoDB connected"}
{"level":["warn"],"timestamp":"03:03:2025|17:03:48","exception":false,"message":"MongoDB Disconnected"}
{"level":["warn"],"timestamp":"03:03:2025|17:03:48","exception":false,"message":"MongoDB Disconnected"}
{"level":["warn"],"timestamp":"03:03:2025|17:03:48","exception":false,"message":"MongoDB Reconnected"}
{"level":["warn"],"timestamp":"03:03:2025|17:03:48","exception":false,"message":"MongoDB Reconnected"}
{"level":["info"],"timestamp":"03:03:2025|17:03:15","exception":false,"message":"MongoDB connected"}
{"level":["info"],"timestamp":"03:03:2025|17:03:16","exception":false,"message":"MongoDB connected"}
{"level":["info"],"timestamp":"03:03:2025|17:03:85","exception":false,"message":"MongoDB connected"}
{"level":["info"],"timestamp":"03:03:2025|17:03:85","exception":false,"message":"MongoDB connected"}
{"level":["info"],"timestamp":"03:03:2025|17:03:83","exception":false,"message":"MongoDB connected"}
{"level":["info"],"timestamp":"03:03:2025|17:03:83","exception":false,"message":"MongoDB connected"}
{"level":["warn"],"timestamp":"03:03:2025|17:03:20","exception":false,"message":"MongoDB Disconnecting"}
{"level":["warn"],"timestamp":"03:03:2025|17:03:20","exception":false,"message":"MongoDB Disconnecting"}
{"level":["info"],"timestamp":"03:03:2025|17:03:65","exception":false,"message":"MongoDB connected"}
{"level":["info"],"timestamp":"03:03:2025|17:03:65","exception":false,"message":"MongoDB connected"}
{"level":["info"],"timestamp":"03:03:2025|17:03:65","exception":false,"message":"MongoDB connected"}
{"level":["info"],"timestamp":"03:03:2025|17:03:90","exception":false,"message":"MongoDB connected"}
{"level":["info"],"timestamp":"03:03:2025|17:03:40","exception":false,"message":"MongoDB connected"}
{"level":["info"],"timestamp":"03:03:2025|17:03:88","exception":false,"message":"MongoDB connected"}
{"level":["info"],"timestamp":"03:03:2025|17:03:98","exception":false,"message":"MongoDB connected"}
{"level":["info"],"timestamp":"03:03:2025|17:03:92","exception":false,"message":"MongoDB connected"}
{"level":["info"],"timestamp":"03:03:2025|17:03:71","exception":false,"message":"MongoDB connected"}
{"level":["info"],"timestamp":"03:03:2025|17:03:77","exception":false,"message":"MongoDB connected"}
{"level":["info"],"timestamp":"03:03:2025|17:03:28","exception":false,"message":"MongoDB connected"}
{"level":["info"],"timestamp":"03:03:2025|17:03:92","exception":false,"message":"MongoDB connected"}
{"level":["info"],"timestamp":"03:03:2025|17:03:41","exception":false,"message":"MongoDB connected"}
{"level":["info"],"timestamp":"03:03:2025|17:03:48","exception":false,"message":"MongoDB connected"}
{"level":["info"],"timestamp":"03:03:2025|17:03:27","exception":false,"message":"MongoDB connected"}
{"level":["info"],"timestamp":"03:03:2025|17:03:88","exception":false,"message":"MongoDB connected"}
{"level":["info"],"timestamp":"03:03:2025|17:03:33","exception":false,"message":"MongoDB connected"}
{"level":["info"],"timestamp":"03:03:2025|17:03:71","exception":false,"message":"MongoDB connected"}
{"level":["info"],"timestamp":"03:03:2025|17:03:55","exception":false,"message":"MongoDB connected"}
{"level":["info"],"timestamp":"03:03:2025|17:03:93","exception":false,"message":"MongoDB connected"}
{"level":["info"],"timestamp":"03:03:2025|17:03:59","exception":false,"message":"MongoDB connected"}
{"level":["info"],"timestamp":"03:03:2025|17:03:12","exception":false,"message":"MongoDB connected"}
{"level":["info"],"timestamp":"03:03:2025|17:03:89","exception":false,"message":"MongoDB connected"}
{"level":["info"],"timestamp":"03:03:2025|17:03:60","exception":false,"message":"MongoDB connected"}
{"level":["info"],"timestamp":"03:03:2025|17:03:88","exception":false,"message":"MongoDB connected"}
{"level":["info"],"timestamp":"03:03:2025|17:03:40","exception":false,"message":"MongoDB connected"}
{"level":["info"],"timestamp":"03:03:2025|17:03:22","exception":false,"message":"MongoDB connected"}
{"level":["info"],"timestamp":"03:03:2025|17:03:22","exception":false,"message":"MongoDB connected"}
{"level":["info"],"timestamp":"03:03:2025|17:03:58","exception":false,"message":"MongoDB connected"}
{"level":["info"],"timestamp":"03:03:2025|17:03:59","exception":false,"message":"MongoDB connected"}
{"level":["info"],"timestamp":"03:03:2025|17:03:98","exception":false,"message":"MongoDB connected"}
{"level":["info"],"timestamp":"03:03:2025|17:03:100","exception":false,"message":"MongoDB connected"}
{"level":["error"],"timestamp":"03:03:2025|17:03:29","exception":true,"message":"uncaughtException: success is not defined"}
{"level":["error"],"timestamp":"03:03:2025|17:03:29","exception":true,"message":"uncaughtException: success is not defined"}
{"level":["info"],"timestamp":"03:03:2025|17:03:29","exception":false,"message":"MongoDB connected"}
{"level":["info"],"timestamp":"03:03:2025|17:03:29","exception":false,"message":"MongoDB connected"}
{"level":["info"],"timestamp":"03:03:2025|17:03:71","exception":false,"message":"MongoDB connected"}
{"level":["info"],"timestamp":"03:03:2025|17:03:72","exception":false,"message":"MongoDB connected"}
{"level":["error"],"timestamp":"03:03:2025|17:03:56","exception":true,"message":"uncaughtException: postCreated is not defined"}
{"level":["error"],"timestamp":"03:03:2025|17:03:56","exception":true,"message":"uncaughtException: postCreated is not defined"}
{"level":["info"],"timestamp":"03:03:2025|17:03:56","exception":false,"message":"MongoDB connected"}
{"level":["info"],"timestamp":"03:03:2025|17:03:56","exception":false,"message":"MongoDB connected"}
{"level":["error"],"timestamp":"03:03:2025|17:03:58","exception":true,"message":"uncaughtException: postCreatedSuccess is not defined"}
{"level":["info"],"timestamp":"03:03:2025|17:03:59","exception":false,"message":"MongoDB connected"}
{"level":["error"],"timestamp":"03:03:2025|17:03:59","exception":true,"message":"uncaughtException: postCreatedSuccess is not defined"}
{"level":["info"],"timestamp":"03:03:2025|17:03:59","exception":false,"message":"MongoDB connected"}
{"level":["error"],"timestamp":"03:03:2025|17:03:87","exception":true,"message":"uncaughtException: postCreated is not defined"}
{"level":["error"],"timestamp":"03:03:2025|17:03:87","exception":true,"message":"uncaughtException: postCreated is not defined"}
{"level":["info"],"timestamp":"03:03:2025|17:03:87","exception":false,"message":"MongoDB connected"}
{"level":["info"],"timestamp":"03:03:2025|17:03:87","exception":false,"message":"MongoDB connected"}
{"level":["info"],"timestamp":"03:03:2025|17:03:45","exception":false,"message":"MongoDB connected"}
{"level":["info"],"timestamp":"03:03:2025|17:03:46","exception":false,"message":"MongoDB connected"}
{"level":["info"],"timestamp":"03:03:2025|17:03:04","exception":false,"message":"MongoDB connected"}
{"level":["info"],"timestamp":"03:03:2025|17:03:05","exception":false,"message":"MongoDB connected"}
{"level":["info"],"timestamp":"03:03:2025|17:03:74","exception":false,"message":"MongoDB connected"}
{"level":["info"],"timestamp":"03:03:2025|17:03:74","exception":false,"message":"MongoDB connected"}
{"level":["info"],"timestamp":"03:03:2025|17:03:11","exception":false,"message":"MongoDB connected"}
{"level":["info"],"timestamp":"03:03:2025|17:03:53","exception":false,"message":"MongoDB connected"}
{"level":["info"],"timestamp":"03:03:2025|17:03:31","exception":false,"message":"MongoDB connected"}
{"level":["info"],"timestamp":"03:03:2025|17:03:33","exception":false,"message":"MongoDB connected"}
{"level":["info"],"timestamp":"03:03:2025|17:03:94","exception":false,"message":"MongoDB connected"}
{"level":["info"],"timestamp":"03:03:2025|17:03:07","exception":false,"message":"MongoDB connected"}
{"level":["info"],"timestamp":"03:03:2025|17:03:56","exception":false,"message":"MongoDB connected"}
{"level":["info"],"timestamp":"03:03:2025|17:03:68","exception":false,"message":"MongoDB connected"}
{"level":["info"],"timestamp":"03:03:2025|17:03:46","exception":false,"message":"MongoDB connected"}
{"level":["info"],"timestamp":"03:03:2025|17:03:15","exception":false,"message":"MongoDB connected"}
{"level":["info"],"timestamp":"03:03:2025|17:03:14","exception":false,"message":"MongoDB connected"}
{"level":["info"],"timestamp":"03:03:2025|17:03:72","exception":false,"message":"MongoDB connected"}
{"level":["info"],"timestamp":"03:03:2025|17:03:06","exception":false,"message":"MongoDB connected"}
{"level":["info"],"timestamp":"03:03:2025|17:03:65","exception":false,"message":"MongoDB connected"}
{"level":["info"],"timestamp":"03:03:2025|17:03:62","exception":false,"message":"MongoDB connected"}
{"level":["info"],"timestamp":"03:03:2025|17:03:52","exception":false,"message":"MongoDB connected"}
{"level":["info"],"timestamp":"03:03:2025|17:03:62","exception":false,"message":"MongoDB connected"}
{"level":["info"],"timestamp":"03:03:2025|17:03:77","exception":false,"message":"MongoDB connected"}
{"level":["info"],"timestamp":"03:03:2025|17:03:71","exception":false,"message":"MongoDB connected"}
{"level":["info"],"timestamp":"03:03:2025|17:03:73","exception":false,"message":"MongoDB connected"}
{"level":["info"],"timestamp":"03:03:2025|17:03:53","exception":false,"message":"MongoDB connected"}
{"level":["info"],"timestamp":"03:03:2025|17:03:46","exception":false,"message":"MongoDB connected"}
{"level":["info"],"timestamp":"03:03:2025|17:03:38","exception":false,"message":"MongoDB connected"}
{"level":["info"],"timestamp":"03:03:2025|17:03:77","exception":false,"message":"MongoDB connected"}
{"level":["info"],"timestamp":"03:03:2025|17:03:18","exception":false,"message":"MongoDB connected"}
{"level":["info"],"timestamp":"03:03:2025|17:03:14","exception":false,"message":"MongoDB connected"}
{"level":["info"],"timestamp":"03:03:2025|17:03:09","exception":false,"message":"MongoDB connected"}
{"level":["info"],"timestamp":"03:03:2025|17:03:36","exception":false,"message":"MongoDB connected"}
{"level":["info"],"timestamp":"03:03:2025|17:03:46","exception":false,"message":"MongoDB connected"}
{"level":["info"],"timestamp":"03:03:2025|17:03:08","exception":false,"message":"MongoDB connected"}
{"level":["info"],"timestamp":"03:03:2025|17:03:81","exception":false,"message":"MongoDB connected"}
{"level":["info"],"timestamp":"03:03:2025|17:03:32","exception":false,"message":"MongoDB connected"}
{"level":["info"],"timestamp":"03:03:2025|17:03:10","exception":false,"message":"MongoDB connected"}
{"level":["info"],"timestamp":"03:03:2025|17:03:39","exception":false,"message":"MongoDB connected"}
{"level":["info"],"timestamp":"03:03:2025|17:03:19","exception":false,"message":"MongoDB connected"}
{"level":["info"],"timestamp":"03:03:2025|17:03:85","exception":false,"message":"MongoDB connected"}
{"level":["info"],"timestamp":"03:03:2025|17:03:89","exception":false,"message":"MongoDB connected"}
{"level":["info"],"timestamp":"03:03:2025|17:03:68","exception":false,"message":"MongoDB connected"}
{"level":["info"],"timestamp":"03:03:2025|17:03:53","exception":false,"message":"MongoDB connected"}
{"level":["error"],"timestamp":"03:03:2025|17:03:75","exception":true,"message":"uncaughtException: post is not defined"}
{"level":["error"],"timestamp":"03:03:2025|17:03:75","exception":true,"message":"uncaughtException: post is not defined"}
{"level":["info"],"timestamp":"03:03:2025|17:03:76","exception":false,"message":"MongoDB connected"}
{"level":["info"],"timestamp":"03:03:2025|17:03:76","exception":false,"message":"MongoDB connected"}
{"level":["info"],"timestamp":"03:03:2025|17:03:12","exception":false,"message":"MongoDB connected"}
{"level":["info"],"timestamp":"03:03:2025|17:03:13","exception":false,"message":"MongoDB connected"}
{"level":["error"],"timestamp":"03:03:2025|17:03:45","exception":true,"message":"uncaughtException: postSchema is not defined"}
{"level":["error"],"timestamp":"03:03:2025|17:03:45","exception":true,"message":"uncaughtException: postSchema is not defined"}
{"level":["info"],"timestamp":"03:03:2025|17:03:46","exception":false,"message":"MongoDB connected"}
{"level":["info"],"timestamp":"03:03:2025|17:03:46","exception":false,"message":"MongoDB connected"}
{"level":["info"],"timestamp":"03:03:2025|17:03:24","exception":false,"message":"MongoDB connected"}
{"level":["info"],"timestamp":"03:03:2025|17:03:25","exception":false,"message":"MongoDB connected"}
{"level":["info"],"timestamp":"03:03:2025|17:03:20","exception":false,"message":"MongoDB connected"}
{"level":["info"],"timestamp":"03:03:2025|17:03:21","exception":false,"message":"MongoDB connected"}
{"level":["info"],"timestamp":"03:03:2025|17:03:66","exception":false,"message":"MongoDB connected"}
{"level":["info"],"timestamp":"03:03:2025|17:03:66","exception":false,"message":"MongoDB connected"}
{"level":["info"],"timestamp":"03:03:2025|18:03:30","exception":false,"message":"MongoDB connected"}
{"level":["info"],"timestamp":"03:03:2025|18:03:30","exception":false,"message":"MongoDB connected"}
{"level":["info"],"timestamp":"03:03:2025|18:03:23","exception":false,"message":"MongoDB connected"}
{"level":["info"],"timestamp":"03:03:2025|18:03:05","exception":false,"message":"::1 - - [03/Mar/2025:12:31:11 +0000] \"POST /create HTTP/1.1\" 404 - \"-\" \"PostmanRuntime/7.43.0\"\n"}
{"level":["error"],"timestamp":"03:03:2025|18:03:70","exception":true,"message":"uncaughtException: routes is not defined"}
{"level":["info"],"timestamp":"03:03:2025|18:03:71","exception":false,"message":"MongoDB connected"}
{"level":["error"],"timestamp":"03:03:2025|18:03:30","exception":true,"message":"uncaughtException: app.use() requires a middleware function"}
{"level":["info"],"timestamp":"03:03:2025|18:03:30","exception":false,"message":"MongoDB connected"}
{"level":["info"],"timestamp":"03:03:2025|18:03:70","exception":false,"message":"MongoDB connected"}
{"level":["info"],"timestamp":"03:03:2025|18:03:97","exception":false,"message":"::1 - - [03/Mar/2025:12:34:21 +0000] \"POST /create HTTP/1.1\" 404 - \"-\" \"PostmanRuntime/7.43.0\"\n"}
{"level":["warn"],"timestamp":"03:03:2025|18:03:49","exception":false,"message":"MongoDB Disconnecting"}
{"level":["warn"],"timestamp":"03:03:2025|18:03:49","exception":false,"message":"MongoDB Disconnecting"}
{"level":["warn"],"timestamp":"03:03:2025|18:03:51","exception":false,"message":"MongoDB Disconnecting"}
{"level":["info"],"timestamp":"03:03:2025|18:03:10","exception":false,"message":"MongoDB connected"}
{"level":["info"],"timestamp":"03:03:2025|18:03:12","exception":false,"message":"MongoDB connected"}
{"level":["info"],"timestamp":"03:03:2025|18:03:12","exception":false,"message":"MongoDB connected"}
{"level":["info"],"timestamp":"03:03:2025|18:03:81","exception":false,"message":"::1 - - [03/Mar/2025:12:34:43 +0000] \"POST /create HTTP/1.1\" 404 - \"-\" \"PostmanRuntime/7.43.0\"\n"}
{"level":["info"],"timestamp":"03:03:2025|18:03:69","exception":false,"message":"MongoDB connected"}
{"level":["info"],"timestamp":"03:03:2025|18:03:27","exception":false,"message":"MongoDB connected"}
{"level":["info"],"timestamp":"03:03:2025|18:03:37","exception":false,"message":"MongoDB connected"}
{"level":["info"],"timestamp":"03:03:2025|18:03:31","exception":false,"message":"MongoDB connected"}
{"level":["info"],"timestamp":"03:03:2025|18:03:95","exception":false,"message":"MongoDB connected"}
{"level":["error"],"timestamp":"03:03:2025|18:03:09","exception":true,"message":"uncaughtException: app.use() requires a middleware function"}
{"level":["info"],"timestamp":"03:03:2025|18:03:10","exception":false,"message":"MongoDB connected"}
{"level":["info"],"timestamp":"03:03:2025|18:03:40","exception":false,"message":"MongoDB connected"}
{"level":["info"],"timestamp":"03:03:2025|18:03:08","exception":false,"message":"MongoDB connected"}
{"level":["info"],"timestamp":"03:03:2025|18:03:100","exception":false,"message":"MongoDB connected"}
{"level":["info"],"timestamp":"03:03:2025|18:03:10","exception":false,"message":"MongoDB connected"}
{"level":["info"],"timestamp":"03:03:2025|18:03:17","exception":false,"message":"MongoDB connected"}
{"level":["info"],"timestamp":"03:03:2025|18:03:56","exception":false,"message":"MongoDB connected"}
{"level":["error"],"timestamp":"03:03:2025|18:03:92","exception":true,"message":"uncaughtException: s is not defined"}
{"level":["info"],"timestamp":"03:03:2025|18:03:92","exception":false,"message":"MongoDB connected"}
{"level":["info"],"timestamp":"03:03:2025|18:03:33","exception":false,"message":"MongoDB connected"}
{"level":["info"],"timestamp":"03:03:2025|18:03:52","exception":false,"message":"MongoDB connected"}
{"level":["warn"],"timestamp":"03:03:2025|18:03:68","exception":false,"message":"MongoDB Disconnecting"}
{"level":["warn"],"timestamp":"03:03:2025|18:03:68","exception":false,"message":"MongoDB Disconnecting"}
