{"level":["info"],"timestamp":"04:03:2025|09:03:41","exception":false,"message":"MongoDB connected"}
{"level":["warn"],"timestamp":"04:03:2025|09:03:01","exception":false,"message":"MongoDB Disconnecting"}
{"level":["warn"],"timestamp":"04:03:2025|09:03:02","exception":false,"message":"MongoDB Disconnected"}
{"level":["info"],"timestamp":"04:03:2025|09:03:21","exception":false,"message":"MongoDB connected"}
{"level":["info"],"timestamp":"04:03:2025|09:03:18","exception":false,"message":"MongoDB connected"}
{"level":["info"],"timestamp":"04:03:2025|09:03:29","exception":false,"message":"MongoDB connected"}
{"level":["info"],"timestamp":"04:03:2025|09:03:37","exception":false,"message":"MongoDB connected"}
{"level":["info"],"timestamp":"04:03:2025|09:03:48","exception":false,"message":"MongoDB connected"}
{"level":["info"],"timestamp":"04:03:2025|09:03:50","exception":false,"message":"MongoDB connected"}
{"level":["info"],"timestamp":"04:03:2025|09:03:42","exception":false,"message":"MongoDB connected"}
{"level":["info"],"timestamp":"04:03:2025|09:03:95","exception":false,"message":"MongoDB connected"}
{"level":["info"],"timestamp":"04:03:2025|09:03:72","exception":false,"message":"MongoDB connected"}
{"level":["info"],"timestamp":"04:03:2025|09:03:21","exception":false,"message":"MongoDB connected"}
{"level":["warn"],"timestamp":"04:03:2025|09:03:02","exception":false,"message":"MongoDB Disconnecting"}
{"level":["warn"],"timestamp":"04:03:2025|09:03:02","exception":false,"message":"MongoDB Disconnecting"}
{"level":["warn"],"timestamp":"04:03:2025|09:03:02","exception":false,"message":"MongoDB Disconnecting"}
{"level":["warn"],"timestamp":"04:03:2025|09:03:02","exception":false,"message":"MongoDB Disconnected"}
{"level":["info"],"timestamp":"04:03:2025|09:03:84","exception":false,"message":"MongoDB connected"}
{"level":["info"],"timestamp":"04:03:2025|09:03:86","exception":false,"message":"MongoDB connected"}
{"level":["info"],"timestamp":"04:03:2025|09:03:86","exception":false,"message":"MongoDB connected"}
{"level":["warn"],"timestamp":"04:03:2025|09:03:97","exception":false,"message":"MongoDB Disconnecting"}
{"level":["warn"],"timestamp":"04:03:2025|09:03:97","exception":false,"message":"MongoDB Disconnecting"}
{"level":["warn"],"timestamp":"04:03:2025|09:03:97","exception":false,"message":"MongoDB Disconnecting"}
{"level":["warn"],"timestamp":"04:03:2025|09:03:98","exception":false,"message":"MongoDB Disconnected"}
{"level":["info"],"timestamp":"04:03:2025|09:03:85","exception":false,"message":"MongoDB connected"}
{"level":["info"],"timestamp":"04:03:2025|09:03:86","exception":false,"message":"MongoDB connected"}
{"level":["info"],"timestamp":"04:03:2025|09:03:87","exception":false,"message":"MongoDB connected"}
{"level":["warn"],"timestamp":"04:03:2025|09:03:14","exception":false,"message":"MongoDB Disconnecting"}
{"level":["warn"],"timestamp":"04:03:2025|09:03:14","exception":false,"message":"MongoDB Disconnecting"}
{"level":["warn"],"timestamp":"04:03:2025|09:03:14","exception":false,"message":"MongoDB Disconnecting"}
{"level":["warn"],"timestamp":"04:03:2025|09:03:16","exception":false,"message":"MongoDB Disconnected"}
{"level":["info"],"timestamp":"04:03:2025|09:03:88","exception":false,"message":"MongoDB connected"}
{"level":["info"],"timestamp":"04:03:2025|09:03:88","exception":false,"message":"MongoDB connected"}
{"level":["info"],"timestamp":"04:03:2025|09:03:88","exception":false,"message":"MongoDB connected"}
{"level":["info"],"timestamp":"04:03:2025|10:03:27","exception":false,"message":"MongoDB connected"}
{"level":["info"],"timestamp":"04:03:2025|10:03:27","exception":false,"message":"MongoDB connected"}
{"level":["info"],"timestamp":"04:03:2025|10:03:79","exception":false,"message":"MongoDB connected"}
{"level":["info"],"timestamp":"04:03:2025|10:03:80","exception":false,"message":"MongoDB connected"}
{"level":["info"],"timestamp":"04:03:2025|10:03:01","exception":false,"message":"MongoDB connected"}
{"level":["info"],"timestamp":"04:03:2025|10:03:01","exception":false,"message":"MongoDB connected"}
{"level":["info"],"timestamp":"04:03:2025|10:03:27","exception":false,"message":"MongoDB connected"}
{"level":["info"],"timestamp":"04:03:2025|10:03:28","exception":false,"message":"MongoDB connected"}
{"level":["info"],"timestamp":"04:03:2025|10:03:22","exception":false,"message":"MongoDB connected"}
{"level":["error"],"timestamp":"04:03:2025|10:03:78","exception":true,"message":"uncaughtException: ex is not defined"}
{"level":["info"],"timestamp":"04:03:2025|10:03:79","exception":false,"message":"MongoDB connected"}
{"level":["info"],"timestamp":"04:03:2025|10:03:30","exception":false,"message":"MongoDB connected"}
{"level":["info"],"timestamp":"04:03:2025|10:03:82","exception":false,"message":"MongoDB connected"}
{"level":["info"],"timestamp":"04:03:2025|10:03:27","exception":false,"message":"MongoDB connected"}
{"level":["info"],"timestamp":"04:03:2025|10:03:19","exception":false,"message":"MongoDB connected"}
{"level":["info"],"timestamp":"04:03:2025|10:03:83","exception":false,"message":"MongoDB connected"}
{"level":["info"],"timestamp":"04:03:2025|10:03:41","exception":false,"message":"MongoDB connected"}
{"level":["info"],"timestamp":"04:03:2025|10:03:77","exception":false,"message":"MongoDB connected"}
{"level":["info"],"timestamp":"04:03:2025|10:03:43","exception":false,"message":"MongoDB connected"}
{"level":["info"],"timestamp":"04:03:2025|10:03:10","exception":false,"message":"MongoDB connected"}
{"level":["info"],"timestamp":"04:03:2025|10:03:98","exception":false,"message":"MongoDB connected"}
{"level":["info"],"timestamp":"04:03:2025|10:03:79","exception":false,"message":"MongoDB connected"}
{"level":["info"],"timestamp":"04:03:2025|10:03:44","exception":false,"message":"MongoDB connected"}
{"level":["info"],"timestamp":"04:03:2025|10:03:53","exception":false,"message":"MongoDB connected"}
{"level":["info"],"timestamp":"04:03:2025|10:03:53","exception":false,"message":"MongoDB connected"}
{"level":["info"],"timestamp":"04:03:2025|10:03:85","exception":false,"message":"MongoDB connected"}
{"level":["info"],"timestamp":"04:03:2025|11:03:44","exception":false,"message":"MongoDB connected"}
{"level":["info"],"timestamp":"04:03:2025|11:03:44","exception":false,"message":"MongoDB connected"}
{"level":["info"],"timestamp":"04:03:2025|11:03:80","exception":false,"message":"MongoDB connected"}
{"level":["info"],"timestamp":"04:03:2025|11:03:80","exception":false,"message":"MongoDB connected"}
{"level":["info"],"timestamp":"04:03:2025|11:03:63","exception":false,"message":"MongoDB connected"}
{"level":["info"],"timestamp":"04:03:2025|11:03:64","exception":false,"message":"MongoDB connected"}
{"level":["info"],"timestamp":"04:03:2025|11:03:62","exception":false,"message":"MongoDB connected"}
{"level":["info"],"timestamp":"04:03:2025|11:03:62","exception":false,"message":"MongoDB connected"}
{"level":["error"],"timestamp":"04:03:2025|11:03:56","exception":true,"message":"uncaughtException: ex is not defined"}
{"level":["error"],"timestamp":"04:03:2025|11:03:56","exception":true,"message":"uncaughtException: ex is not defined"}
{"level":["info"],"timestamp":"04:03:2025|11:03:58","exception":false,"message":"MongoDB connected"}
{"level":["info"],"timestamp":"04:03:2025|11:03:58","exception":false,"message":"MongoDB connected"}
{"level":["info"],"timestamp":"04:03:2025|11:03:91","exception":false,"message":"MongoDB connected"}
{"level":["info"],"timestamp":"04:03:2025|11:03:91","exception":false,"message":"MongoDB connected"}
{"level":["info"],"timestamp":"04:03:2025|11:03:63","exception":false,"message":"MongoDB connected"}
{"level":["info"],"timestamp":"04:03:2025|11:03:63","exception":false,"message":"MongoDB connected"}
{"level":["info"],"timestamp":"04:03:2025|11:03:04","exception":false,"message":"MongoDB connected"}
{"level":["info"],"timestamp":"04:03:2025|11:03:04","exception":false,"message":"MongoDB connected"}
{"level":["info"],"timestamp":"04:03:2025|11:03:35","exception":false,"message":"MongoDB connected"}
{"level":["info"],"timestamp":"04:03:2025|11:03:35","exception":false,"message":"MongoDB connected"}
{"level":["info"],"timestamp":"04:03:2025|11:03:88","exception":false,"message":"MongoDB connected"}
{"level":["info"],"timestamp":"04:03:2025|11:03:19","exception":false,"message":"MongoDB connected"}
{"level":["info"],"timestamp":"04:03:2025|11:03:04","exception":false,"message":"MongoDB connected"}
{"level":["info"],"timestamp":"04:03:2025|11:03:11","exception":false,"message":"MongoDB connected"}
{"level":["info"],"timestamp":"04:03:2025|11:03:11","exception":false,"message":"MongoDB connected"}
{"level":["info"],"timestamp":"04:03:2025|11:03:34","exception":false,"message":"MongoDB connected"}
{"level":["info"],"timestamp":"04:03:2025|11:03:45","exception":false,"message":"MongoDB connected"}
{"level":["info"],"timestamp":"04:03:2025|11:03:24","exception":false,"message":"MongoDB connected"}
{"level":["info"],"timestamp":"04:03:2025|11:03:19","exception":false,"message":"MongoDB connected"}
{"level":["info"],"timestamp":"04:03:2025|11:03:89","exception":false,"message":"MongoDB connected"}
{"level":["info"],"timestamp":"04:03:2025|11:03:56","exception":false,"message":"MongoDB connected"}
{"level":["info"],"timestamp":"04:03:2025|11:03:56","exception":false,"message":"MongoDB connected"}
{"level":["info"],"timestamp":"04:03:2025|11:03:57","exception":false,"message":"MongoDB connected"}
{"level":["info"],"timestamp":"04:03:2025|11:03:57","exception":false,"message":"MongoDB connected"}
{"level":["info"],"timestamp":"04:03:2025|11:03:45","exception":false,"message":"MongoDB connected"}
{"level":["info"],"timestamp":"04:03:2025|11:03:89","exception":false,"message":"MongoDB connected"}
{"level":["info"],"timestamp":"04:03:2025|11:03:55","exception":false,"message":"MongoDB connected"}
{"level":["info"],"timestamp":"04:03:2025|11:03:07","exception":false,"message":"MongoDB connected"}
{"level":["info"],"timestamp":"04:03:2025|11:03:41","exception":false,"message":"MongoDB connected"}
{"level":["info"],"timestamp":"04:03:2025|11:03:78","exception":false,"message":"MongoDB connected"}
{"level":["info"],"timestamp":"04:03:2025|11:03:25","exception":false,"message":"MongoDB connected"}
{"level":["info"],"timestamp":"04:03:2025|11:03:17","exception":false,"message":"MongoDB connected"}
{"level":["info"],"timestamp":"04:03:2025|11:03:60","exception":false,"message":"MongoDB connected"}
{"level":["info"],"timestamp":"04:03:2025|11:03:18","exception":false,"message":"MongoDB connected"}
{"level":["info"],"timestamp":"04:03:2025|11:03:16","exception":false,"message":"MongoDB connected"}
{"level":["info"],"timestamp":"04:03:2025|11:03:78","exception":false,"message":"MongoDB connected"}
{"level":["info"],"timestamp":"04:03:2025|11:03:12","exception":false,"message":"MongoDB connected"}
{"level":["info"],"timestamp":"04:03:2025|11:03:62","exception":false,"message":"MongoDB connected"}
{"level":["info"],"timestamp":"04:03:2025|11:03:58","exception":false,"message":"MongoDB connected"}
{"level":["info"],"timestamp":"04:03:2025|11:03:29","exception":false,"message":"MongoDB connected"}
{"level":["info"],"timestamp":"04:03:2025|11:03:42","exception":false,"message":"MongoDB connected"}
{"level":["info"],"timestamp":"04:03:2025|11:03:48","exception":false,"message":"MongoDB connected"}
{"level":["error"],"timestamp":"04:03:2025|11:03:26","exception":true,"message":"uncaughtException: Route.post() requires a callback function but got a [object Undefined]"}
{"level":["info"],"timestamp":"04:03:2025|11:03:26","exception":false,"message":"MongoDB connected"}
{"level":["info"],"timestamp":"04:03:2025|11:03:27","exception":false,"message":"MongoDB connected"}
{"level":["info"],"timestamp":"04:03:2025|11:03:57","exception":false,"message":"MongoDB connected"}
{"level":["error"],"timestamp":"04:03:2025|11:03:69","exception":false,"message":"IS_USER"}
{"level":["info"],"timestamp":"04:03:2025|11:03:80","exception":false,"message":"MongoDB connected"}
{"level":["info"],"timestamp":"04:03:2025|11:03:87","exception":false,"message":"MongoDB connected"}
{"level":["info"],"timestamp":"04:03:2025|11:03:25","exception":false,"message":"MongoDB connected"}
{"level":["warn"],"timestamp":"04:03:2025|11:03:66","exception":false,"message":"MongoDB Disconnecting"}
{"level":["warn"],"timestamp":"04:03:2025|11:03:66","exception":false,"message":"MongoDB Disconnecting"}
{"level":["warn"],"timestamp":"04:03:2025|11:03:67","exception":false,"message":"MongoDB Disconnecting"}
{"level":["warn"],"timestamp":"04:03:2025|11:03:68","exception":false,"message":"MongoDB Disconnected"}
{"level":["warn"],"timestamp":"04:03:2025|11:03:68","exception":false,"message":"MongoDB Disconnected"}
{"level":["info"],"timestamp":"04:03:2025|17:03:24","exception":false,"message":"MongoDB connected"}
{"level":["info"],"timestamp":"04:03:2025|17:03:24","exception":false,"message":"MongoDB connected"}
{"level":["info"],"timestamp":"04:03:2025|17:03:24","exception":false,"message":"MongoDB connected"}
{"level":["error"],"timestamp":"04:03:2025|17:03:56","exception":true,"message":"uncaughtException: naturalbea is not defined"}
{"level":["info"],"timestamp":"04:03:2025|17:03:62","exception":false,"message":"MongoDB connected"}
{"level":["error"],"timestamp":"04:03:2025|17:03:20","exception":true,"message":"uncaughtException: naturalbeauy is not defined"}
{"level":["info"],"timestamp":"04:03:2025|17:03:20","exception":false,"message":"MongoDB connected"}
{"level":["error"],"timestamp":"04:03:2025|17:03:78","exception":true,"message":"uncaughtException: naturalbea is not defined"}
{"level":["info"],"timestamp":"04:03:2025|17:03:79","exception":false,"message":"MongoDB connected"}
{"level":["error"],"timestamp":"04:03:2025|17:03:21","exception":true,"message":"uncaughtException: naturalbeauty is not defined"}
{"level":["info"],"timestamp":"04:03:2025|17:03:22","exception":false,"message":"MongoDB connected"}
{"level":["info"],"timestamp":"04:03:2025|17:03:12","exception":false,"message":"MongoDB connected"}
{"level":["info"],"timestamp":"04:03:2025|17:03:20","exception":false,"message":"MongoDB connected"}
{"level":["info"],"timestamp":"04:03:2025|17:03:91","exception":false,"message":"MongoDB connected"}
{"level":["error"],"timestamp":"04:03:2025|17:03:26","exception":false,"message":"IS_USER"}
