{"level":["error"],"timestamp":"27:02:2025|09:02:11","exception":true,"message":"uncaughtException: The `uri` parameter to `openUri()` must be a string, got \"undefined\". Make sure the first parameter to `mongoose.connect()` or `mongoose.createConnection()` is a string."}
{"level":["warn"],"timestamp":"27:02:2025|09:02:07","exception":false,"message":"MongoDB Connection Closed Successfully!"}
{"level":["error"],"timestamp":"27:02:2025|09:02:72","exception":true,"message":"uncaughtException: The `uri` parameter to `openUri()` must be a string, got \"undefined\". Make sure the first parameter to `mongoose.connect()` or `mongoose.createConnection()` is a string."}
{"level":["warn"],"timestamp":"27:02:2025|09:02:24","exception":false,"message":"MongoDB Connection Closed Successfully!"}
{"level":["info"],"timestamp":"27:02:2025|09:02:39","exception":false,"message":"MongoDB connected"}
{"level":["warn"],"timestamp":"27:02:2025|09:02:27","exception":false,"message":"MongoDB Disconnecting"}
{"level":["info"],"timestamp":"27:02:2025|09:02:68","exception":false,"message":"MongoDB connected"}
{"level":["warn"],"timestamp":"27:02:2025|10:02:20","exception":false,"message":"MongoDB Disconnecting"}
{"level":["info"],"timestamp":"27:02:2025|10:02:22","exception":false,"message":"MongoDB connected"}
{"level":["info"],"timestamp":"27:02:2025|10:02:73","exception":false,"message":"MongoDB connected"}
{"level":["info"],"timestamp":"27:02:2025|10:02:67","exception":false,"message":"MongoDB connected"}
{"level":["info"],"timestamp":"27:02:2025|10:02:96","exception":false,"message":"MongoDB connected"}
{"level":["info"],"timestamp":"27:02:2025|10:02:19","exception":false,"message":"MongoDB connected"}
{"level":["info"],"timestamp":"27:02:2025|10:02:57","exception":false,"message":"MongoDB connected"}
{"level":["info"],"timestamp":"27:02:2025|10:02:86","exception":false,"message":"MongoDB connected"}
{"level":["info"],"timestamp":"27:02:2025|10:02:81","exception":false,"message":"MongoDB connected"}
{"level":["info"],"timestamp":"27:02:2025|10:02:84","exception":false,"message":"MongoDB connected"}
{"level":["info"],"timestamp":"27:02:2025|10:02:24","exception":false,"message":"MongoDB connected"}
{"level":["info"],"timestamp":"27:02:2025|10:02:58","exception":false,"message":"MongoDB connected"}
{"level":["info"],"timestamp":"27:02:2025|10:02:46","exception":false,"message":"MongoDB connected"}
{"level":["warn"],"timestamp":"27:02:2025|10:02:70","exception":false,"message":"MongoDB Disconnecting"}
{"level":["error"],"timestamp":"27:02:2025|10:02:47","exception":true,"message":"uncaughtException: The `uri` parameter to `openUri()` must be a string, got \"undefined\". Make sure the first parameter to `mongoose.connect()` or `mongoose.createConnection()` is a string."}
{"level":["warn"],"timestamp":"27:02:2025|10:02:27","exception":false,"message":"MongoDB Connection Closed Successfully!"}
{"level":["error"],"timestamp":"27:02:2025|10:02:43","exception":true,"message":"uncaughtException: The `uri` parameter to `openUri()` must be a string, got \"undefined\". Make sure the first parameter to `mongoose.connect()` or `mongoose.createConnection()` is a string."}
{"level":["warn"],"timestamp":"27:02:2025|10:02:68","exception":false,"message":"MongoDB Connection Closed Successfully!"}
{"level":["error"],"timestamp":"27:02:2025|10:02:15","exception":true,"message":"uncaughtException: The `uri` parameter to `openUri()` must be a string, got \"undefined\". Make sure the first parameter to `mongoose.connect()` or `mongoose.createConnection()` is a string."}
{"level":["warn"],"timestamp":"27:02:2025|10:02:59","exception":false,"message":"MongoDB Connection Closed Successfully!"}
{"level":["info"],"timestamp":"27:02:2025|10:02:65","exception":false,"message":"MongoDB connected"}
{"level":["info"],"timestamp":"27:02:2025|10:02:12","exception":false,"message":"MongoDB connected"}
{"level":["info"],"timestamp":"27:02:2025|10:02:39","exception":false,"message":"MongoDB connected"}
{"level":["info"],"timestamp":"27:02:2025|10:02:71","exception":false,"message":"MongoDB connected"}
{"level":["info"],"timestamp":"27:02:2025|11:02:80","exception":false,"message":"MongoDB connected"}
{"level":["info"],"timestamp":"27:02:2025|11:02:98","exception":false,"message":"MongoDB connected"}
{"level":["info"],"timestamp":"27:02:2025|11:02:32","exception":false,"message":"MongoDB connected"}
{"level":["warn"],"timestamp":"27:02:2025|11:02:89","exception":false,"message":"MongoDB Disconnecting"}
{"level":["info"],"timestamp":"27:02:2025|11:02:76","exception":false,"message":"MongoDB connected"}
{"level":["info"],"timestamp":"27:02:2025|11:02:29","exception":false,"message":"MongoDB connected"}
{"level":["info"],"timestamp":"27:02:2025|11:02:57","exception":false,"message":"MongoDB connected"}
{"level":["info"],"timestamp":"27:02:2025|11:02:04","exception":false,"message":"MongoDB connected"}
{"level":["info"],"timestamp":"27:02:2025|11:02:99","exception":false,"message":"MongoDB connected"}
{"level":["warn"],"timestamp":"27:02:2025|11:02:56","exception":false,"message":"MongoDB Disconnecting"}
{"level":["info"],"timestamp":"27:02:2025|11:02:18","exception":false,"message":"MongoDB connected"}
{"level":["info"],"timestamp":"27:02:2025|11:02:18","exception":false,"message":"MongoDB connected"}
{"level":["warn"],"timestamp":"27:02:2025|11:02:75","exception":false,"message":"MongoDB Disconnecting"}
{"level":["warn"],"timestamp":"27:02:2025|11:02:75","exception":false,"message":"MongoDB Disconnecting"}
{"level":["info"],"timestamp":"27:02:2025|11:02:54","exception":false,"message":"MongoDB connected"}
{"level":["info"],"timestamp":"27:02:2025|11:02:54","exception":false,"message":"MongoDB connected"}
{"level":["info"],"timestamp":"27:02:2025|13:02:36","exception":false,"message":"MongoDB connected"}
{"level":["info"],"timestamp":"27:02:2025|13:02:10","exception":false,"message":"MongoDB connected"}
{"level":["info"],"timestamp":"27:02:2025|13:02:52","exception":false,"message":"MongoDB connected"}
{"level":["info"],"timestamp":"27:02:2025|13:02:17","exception":false,"message":"MongoDB connected"}
{"level":["info"],"timestamp":"27:02:2025|13:02:09","exception":false,"message":"MongoDB connected"}
{"level":["info"],"timestamp":"27:02:2025|13:02:01","exception":false,"message":"MongoDB connected"}
{"level":["info"],"timestamp":"27:02:2025|13:02:56","exception":false,"message":"MongoDB connected"}
{"level":["info"],"timestamp":"27:02:2025|13:02:97","exception":false,"message":"MongoDB connected"}
{"level":["info"],"timestamp":"27:02:2025|13:02:09","exception":false,"message":"MongoDB connected"}
{"level":["info"],"timestamp":"27:02:2025|13:02:87","exception":false,"message":"MongoDB connected"}
{"level":["info"],"timestamp":"27:02:2025|13:02:32","exception":false,"message":"MongoDB connected"}
{"level":["info"],"timestamp":"27:02:2025|13:02:72","exception":false,"message":"MongoDB connected"}
{"level":["info"],"timestamp":"27:02:2025|13:02:05","exception":false,"message":"MongoDB connected"}
{"level":["info"],"timestamp":"27:02:2025|13:02:64","exception":false,"message":"MongoDB connected"}
{"level":["info"],"timestamp":"27:02:2025|13:02:52","exception":false,"message":"MongoDB connected"}
{"level":["info"],"timestamp":"27:02:2025|13:02:81","exception":false,"message":"MongoDB connected"}
{"level":["info"],"timestamp":"27:02:2025|13:02:61","exception":false,"message":"MongoDB connected"}
{"level":["info"],"timestamp":"27:02:2025|13:02:47","exception":false,"message":"MongoDB connected"}
{"level":["info"],"timestamp":"27:02:2025|13:02:82","exception":false,"message":"MongoDB connected"}
{"level":["info"],"timestamp":"27:02:2025|13:02:41","exception":false,"message":"MongoDB connected"}
{"level":["info"],"timestamp":"27:02:2025|13:02:03","exception":false,"message":"MongoDB connected"}
{"level":["info"],"timestamp":"27:02:2025|13:02:73","exception":false,"message":"MongoDB connected"}
{"level":["info"],"timestamp":"27:02:2025|13:02:13","exception":false,"message":"MongoDB connected"}
{"level":["info"],"timestamp":"27:02:2025|13:02:93","exception":false,"message":"MongoDB connected"}
{"level":["info"],"timestamp":"27:02:2025|13:02:59","exception":false,"message":"MongoDB connected"}
{"level":["info"],"timestamp":"27:02:2025|13:02:27","exception":false,"message":"MongoDB connected"}
{"level":["info"],"timestamp":"27:02:2025|13:02:56","exception":false,"message":"MongoDB connected"}
{"level":["info"],"timestamp":"27:02:2025|13:02:58","exception":false,"message":"MongoDB connected"}
{"level":["info"],"timestamp":"27:02:2025|13:02:79","exception":false,"message":"MongoDB connected"}
{"level":["info"],"timestamp":"27:02:2025|13:02:45","exception":false,"message":"MongoDB connected"}
{"level":["info"],"timestamp":"27:02:2025|13:02:22","exception":false,"message":"MongoDB connected"}
{"level":["info"],"timestamp":"27:02:2025|13:02:89","exception":false,"message":"MongoDB connected"}
{"level":["info"],"timestamp":"27:02:2025|13:02:51","exception":false,"message":"MongoDB connected"}
{"level":["info"],"timestamp":"27:02:2025|13:02:70","exception":false,"message":"MongoDB connected"}
{"level":["info"],"timestamp":"27:02:2025|13:02:53","exception":false,"message":"MongoDB connected"}
{"level":["warn"],"timestamp":"27:02:2025|13:02:50","exception":false,"message":"MongoDB Disconnecting"}
{"level":["warn"],"timestamp":"27:02:2025|13:02:51","exception":false,"message":"MongoDB Disconnecting"}
{"level":["info"],"timestamp":"27:02:2025|13:02:87","exception":false,"message":"MongoDB connected"}
{"level":["info"],"timestamp":"27:02:2025|13:02:87","exception":false,"message":"MongoDB connected"}
{"level":["error"],"timestamp":"27:02:2025|13:02:64","exception":true,"message":"uncaughtException: cookieParser is not defined"}
{"level":["info"],"timestamp":"27:02:2025|13:02:65","exception":false,"message":"MongoDB connected"}
{"level":["info"],"timestamp":"27:02:2025|13:02:21","exception":false,"message":"MongoDB connected"}
{"level":["info"],"timestamp":"27:02:2025|13:02:81","exception":false,"message":"MongoDB connected"}
{"level":["info"],"timestamp":"27:02:2025|13:02:00","exception":false,"message":"MongoDB connected"}
{"level":["warn"],"timestamp":"27:02:2025|13:02:31","exception":false,"message":"MongoDB Disconnecting"}
{"level":["warn"],"timestamp":"27:02:2025|13:02:32","exception":false,"message":"MongoDB Disconnecting"}
{"level":["warn"],"timestamp":"27:02:2025|13:02:32","exception":false,"message":"MongoDB Disconnected"}
{"level":["info"],"timestamp":"27:02:2025|13:02:20","exception":false,"message":"MongoDB connected"}
{"level":["info"],"timestamp":"27:02:2025|13:02:20","exception":false,"message":"MongoDB connected"}
{"level":["error"],"timestamp":"27:02:2025|13:02:70","exception":true,"message":"uncaughtException: im is not defined"}
{"level":["info"],"timestamp":"27:02:2025|13:02:71","exception":false,"message":"MongoDB connected"}
{"level":["warn"],"timestamp":"27:02:2025|13:02:68","exception":false,"message":"MongoDB Disconnecting"}
{"level":["info"],"timestamp":"27:02:2025|13:02:02","exception":false,"message":"MongoDB connected"}
{"level":["info"],"timestamp":"27:02:2025|13:02:76","exception":false,"message":"MongoDB connected"}
{"level":["info"],"timestamp":"27:02:2025|13:02:91","exception":false,"message":"MongoDB connected"}
{"level":["info"],"timestamp":"27:02:2025|14:02:66","exception":false,"message":"MongoDB connected"}
{"level":["warn"],"timestamp":"27:02:2025|14:02:37","exception":false,"message":"MongoDB Disconnecting"}
{"level":["info"],"timestamp":"27:02:2025|14:02:71","exception":false,"message":"MongoDB connected"}
{"level":["info"],"timestamp":"27:02:2025|14:02:71","exception":false,"message":"MongoDB connected"}
{"level":["info"],"timestamp":"27:02:2025|14:02:26","exception":false,"message":"MongoDB connected"}
{"level":["info"],"timestamp":"27:02:2025|14:02:01","exception":false,"message":"MongoDB connected"}
{"level":["info"],"timestamp":"27:02:2025|14:02:51","exception":false,"message":"MongoDB connected"}
{"level":["info"],"timestamp":"27:02:2025|14:02:39","exception":false,"message":"MongoDB connected"}
{"level":["info"],"timestamp":"27:02:2025|14:02:25","exception":false,"message":"MongoDB connected"}
{"level":["info"],"timestamp":"27:02:2025|14:02:70","exception":false,"message":"MongoDB connected"}
{"level":["error"],"timestamp":"27:02:2025|14:02:94","exception":true,"message":"uncaughtException: cookieParser is not defined"}
{"level":["info"],"timestamp":"27:02:2025|14:02:95","exception":false,"message":"MongoDB connected"}
{"level":["error"],"timestamp":"27:02:2025|14:02:79","exception":true,"message":"uncaughtException: cookieParser is not defined"}
{"level":["info"],"timestamp":"27:02:2025|14:02:80","exception":false,"message":"MongoDB connected"}
{"level":["warn"],"timestamp":"27:02:2025|14:02:36","exception":false,"message":"MongoDB Disconnecting"}
{"level":["warn"],"timestamp":"27:02:2025|14:02:37","exception":false,"message":"MongoDB Disconnected"}
{"level":["error"],"timestamp":"27:02:2025|14:02:87","exception":true,"message":"uncaughtException: cookieParser is not defined"}
{"level":["info"],"timestamp":"27:02:2025|14:02:87","exception":false,"message":"MongoDB connected"}
{"level":["info"],"timestamp":"27:02:2025|14:02:87","exception":false,"message":"MongoDB connected"}
{"level":["info"],"timestamp":"27:02:2025|14:02:54","exception":false,"message":"MongoDB connected"}
{"level":["info"],"timestamp":"27:02:2025|14:02:05","exception":false,"message":"MongoDB connected"}
{"level":["warn"],"timestamp":"27:02:2025|14:02:10","exception":false,"message":"MongoDB Disconnecting"}
{"level":["warn"],"timestamp":"27:02:2025|14:02:10","exception":false,"message":"MongoDB Disconnecting"}
{"level":["info"],"timestamp":"27:02:2025|14:02:37","exception":false,"message":"MongoDB connected"}
{"level":["info"],"timestamp":"27:02:2025|14:02:37","exception":false,"message":"MongoDB connected"}
{"level":["info"],"timestamp":"27:02:2025|14:02:35","exception":false,"message":"MongoDB connected"}
{"level":["info"],"timestamp":"27:02:2025|14:02:46","exception":false,"message":"MongoDB connected"}
{"level":["info"],"timestamp":"27:02:2025|14:02:45","exception":false,"message":"MongoDB connected"}
{"level":["info"],"timestamp":"27:02:2025|14:02:41","exception":false,"message":"MongoDB connected"}
{"level":["info"],"timestamp":"27:02:2025|14:02:48","exception":false,"message":"MongoDB connected"}
{"level":["info"],"timestamp":"27:02:2025|14:02:90","exception":false,"message":"MongoDB connected"}
{"level":["info"],"timestamp":"27:02:2025|14:02:10","exception":false,"message":"MongoDB connected"}
{"level":["info"],"timestamp":"27:02:2025|14:02:70","exception":false,"message":"MongoDB connected"}
{"level":["info"],"timestamp":"27:02:2025|14:02:79","exception":false,"message":"MongoDB connected"}
{"level":["info"],"timestamp":"27:02:2025|14:02:91","exception":false,"message":"MongoDB connected"}
{"level":["info"],"timestamp":"27:02:2025|14:02:79","exception":false,"message":"MongoDB connected"}
{"level":["info"],"timestamp":"27:02:2025|14:02:76","exception":false,"message":"MongoDB connected"}
{"level":["info"],"timestamp":"27:02:2025|14:02:75","exception":false,"message":"MongoDB connected"}
{"level":["info"],"timestamp":"27:02:2025|14:02:23","exception":false,"message":"MongoDB connected"}
{"level":["info"],"timestamp":"27:02:2025|14:02:19","exception":false,"message":"MongoDB connected"}
{"level":["info"],"timestamp":"27:02:2025|14:02:18","exception":false,"message":"MongoDB connected"}
{"level":["info"],"timestamp":"27:02:2025|14:02:60","exception":false,"message":"MongoDB connected"}
{"level":["info"],"timestamp":"27:02:2025|14:02:14","exception":false,"message":"MongoDB connected"}
{"level":["info"],"timestamp":"27:02:2025|14:02:52","exception":false,"message":"MongoDB connected"}
{"level":["info"],"timestamp":"27:02:2025|14:02:19","exception":false,"message":"MongoDB connected"}
{"level":["info"],"timestamp":"27:02:2025|15:02:33","exception":false,"message":"MongoDB connected"}
{"level":["info"],"timestamp":"27:02:2025|15:02:33","exception":false,"message":"MongoDB connected"}
{"level":["info"],"timestamp":"27:02:2025|15:02:18","exception":false,"message":"MongoDB connected"}
{"level":["info"],"timestamp":"27:02:2025|15:02:18","exception":false,"message":"MongoDB connected"}
{"level":["info"],"timestamp":"27:02:2025|15:02:48","exception":false,"message":"MongoDB connected"}
{"level":["info"],"timestamp":"27:02:2025|15:02:48","exception":false,"message":"MongoDB connected"}
{"level":["info"],"timestamp":"27:02:2025|15:02:95","exception":false,"message":"MongoDB connected"}
{"level":["info"],"timestamp":"27:02:2025|15:02:53","exception":false,"message":"MongoDB connected"}
{"level":["info"],"timestamp":"27:02:2025|15:02:11","exception":false,"message":"MongoDB connected"}
{"level":["info"],"timestamp":"27:02:2025|15:02:23","exception":false,"message":"MongoDB connected"}
{"level":["info"],"timestamp":"27:02:2025|15:02:70","exception":false,"message":"MongoDB connected"}
{"level":["info"],"timestamp":"27:02:2025|15:02:76","exception":false,"message":"MongoDB connected"}
{"level":["info"],"timestamp":"27:02:2025|15:02:56","exception":false,"message":"MongoDB connected"}
{"level":["info"],"timestamp":"27:02:2025|15:02:17","exception":false,"message":"MongoDB connected"}
{"level":["info"],"timestamp":"27:02:2025|15:02:79","exception":false,"message":"MongoDB connected"}
{"level":["info"],"timestamp":"27:02:2025|15:02:98","exception":false,"message":"MongoDB connected"}
{"level":["info"],"timestamp":"27:02:2025|15:02:68","exception":false,"message":"MongoDB connected"}
{"level":["info"],"timestamp":"27:02:2025|15:02:10","exception":false,"message":"MongoDB connected"}
{"level":["warn"],"timestamp":"27:02:2025|15:02:73","exception":false,"message":"MongoDB Disconnecting"}
{"level":["warn"],"timestamp":"27:02:2025|15:02:73","exception":false,"message":"MongoDB Disconnecting"}
{"level":["info"],"timestamp":"27:02:2025|15:02:46","exception":false,"message":"MongoDB connected"}
{"level":["info"],"timestamp":"27:02:2025|15:02:46","exception":false,"message":"MongoDB connected"}
{"level":["info"],"timestamp":"27:02:2025|15:02:82","exception":false,"message":"MongoDB connected"}
{"level":["info"],"timestamp":"27:02:2025|15:02:82","exception":false,"message":"MongoDB connected"}
{"level":["info"],"timestamp":"27:02:2025|15:02:68","exception":false,"message":"MongoDB connected"}
{"level":["info"],"timestamp":"27:02:2025|15:02:64","exception":false,"message":"MongoDB connected"}
{"level":["info"],"timestamp":"27:02:2025|15:02:79","exception":false,"message":"MongoDB connected"}
{"level":["info"],"timestamp":"27:02:2025|15:02:68","exception":false,"message":"MongoDB connected"}
{"level":["info"],"timestamp":"27:02:2025|15:02:81","exception":false,"message":"MongoDB connected"}
{"level":["info"],"timestamp":"27:02:2025|15:02:65","exception":false,"message":"MongoDB connected"}
{"level":["info"],"timestamp":"27:02:2025|15:02:20","exception":false,"message":"MongoDB connected"}
{"level":["info"],"timestamp":"27:02:2025|15:02:70","exception":false,"message":"MongoDB connected"}
{"level":["info"],"timestamp":"27:02:2025|15:02:07","exception":false,"message":"MongoDB connected"}
{"level":["info"],"timestamp":"27:02:2025|15:02:59","exception":false,"message":"MongoDB connected"}
{"level":["info"],"timestamp":"27:02:2025|15:02:12","exception":false,"message":"MongoDB connected"}
{"level":["info"],"timestamp":"27:02:2025|15:02:47","exception":false,"message":"MongoDB connected"}
{"level":["info"],"timestamp":"27:02:2025|15:02:64","exception":false,"message":"MongoDB connected"}
{"level":["info"],"timestamp":"27:02:2025|15:02:40","exception":false,"message":"MongoDB connected"}
{"level":["info"],"timestamp":"27:02:2025|15:02:40","exception":false,"message":"MongoDB connected"}
{"level":["info"],"timestamp":"27:02:2025|15:02:46","exception":false,"message":"MongoDB connected"}
{"level":["info"],"timestamp":"27:02:2025|15:02:46","exception":false,"message":"MongoDB connected"}
{"level":["info"],"timestamp":"27:02:2025|15:02:53","exception":false,"message":"MongoDB connected"}
{"level":["info"],"timestamp":"27:02:2025|15:02:57","exception":false,"message":"MongoDB connected"}
{"level":["info"],"timestamp":"27:02:2025|15:02:53","exception":false,"message":"MongoDB connected"}
{"level":["info"],"timestamp":"27:02:2025|15:02:30","exception":false,"message":"MongoDB connected"}
{"level":["info"],"timestamp":"27:02:2025|15:02:48","exception":false,"message":"MongoDB connected"}
{"level":["info"],"timestamp":"27:02:2025|15:02:48","exception":false,"message":"MongoDB connected"}
{"level":["error"],"timestamp":"27:02:2025|15:02:27","exception":true,"message":"uncaughtException: insta is not defined"}
{"level":["error"],"timestamp":"27:02:2025|15:02:27","exception":true,"message":"uncaughtException: insta is not defined"}
{"level":["info"],"timestamp":"27:02:2025|15:02:28","exception":false,"message":"MongoDB connected"}
{"level":["info"],"timestamp":"27:02:2025|15:02:28","exception":false,"message":"MongoDB connected"}
{"level":["error"],"timestamp":"27:02:2025|15:02:55","exception":true,"message":"uncaughtException: instaclone is not defined"}
{"level":["error"],"timestamp":"27:02:2025|15:02:55","exception":true,"message":"uncaughtException: instaclone is not defined"}
{"level":["info"],"timestamp":"27:02:2025|15:02:56","exception":false,"message":"MongoDB connected"}
{"level":["info"],"timestamp":"27:02:2025|15:02:56","exception":false,"message":"MongoDB connected"}
{"level":["error"],"timestamp":"27:02:2025|15:02:34","exception":true,"message":"uncaughtException: instaclone is not defined"}
{"level":["error"],"timestamp":"27:02:2025|15:02:34","exception":true,"message":"uncaughtException: instaclone is not defined"}
{"level":["info"],"timestamp":"27:02:2025|15:02:35","exception":false,"message":"MongoDB connected"}
{"level":["info"],"timestamp":"27:02:2025|15:02:35","exception":false,"message":"MongoDB connected"}
{"level":["info"],"timestamp":"27:02:2025|15:02:34","exception":false,"message":"MongoDB connected"}
{"level":["info"],"timestamp":"27:02:2025|15:02:34","exception":false,"message":"MongoDB connected"}
{"level":["error"],"timestamp":"27:02:2025|15:02:77","exception":true,"message":"uncaughtException: registrationSuccess is not defined"}
{"level":["error"],"timestamp":"27:02:2025|15:02:77","exception":true,"message":"uncaughtException: registrationSuccess is not defined"}
{"level":["info"],"timestamp":"27:02:2025|15:02:78","exception":false,"message":"MongoDB connected"}
{"level":["info"],"timestamp":"27:02:2025|15:02:78","exception":false,"message":"MongoDB connected"}
{"level":["info"],"timestamp":"27:02:2025|15:02:22","exception":false,"message":"MongoDB connected"}
{"level":["info"],"timestamp":"27:02:2025|15:02:22","exception":false,"message":"MongoDB connected"}
{"level":["info"],"timestamp":"27:02:2025|15:02:45","exception":false,"message":"MongoDB connected"}
{"level":["info"],"timestamp":"27:02:2025|15:02:45","exception":false,"message":"MongoDB connected"}
{"level":["info"],"timestamp":"27:02:2025|15:02:55","exception":false,"message":"MongoDB connected"}
{"level":["info"],"timestamp":"27:02:2025|15:02:55","exception":false,"message":"MongoDB connected"}
{"level":["info"],"timestamp":"27:02:2025|15:02:57","exception":false,"message":"MongoDB connected"}
{"level":["info"],"timestamp":"27:02:2025|15:02:57","exception":false,"message":"MongoDB connected"}
{"level":["info"],"timestamp":"27:02:2025|15:02:15","exception":false,"message":"MongoDB connected"}
{"level":["info"],"timestamp":"27:02:2025|15:02:15","exception":false,"message":"MongoDB connected"}
{"level":["info"],"timestamp":"27:02:2025|15:02:78","exception":false,"message":"MongoDB connected"}
{"level":["info"],"timestamp":"27:02:2025|15:02:90","exception":false,"message":"MongoDB connected"}
{"level":["info"],"timestamp":"27:02:2025|15:02:67","exception":false,"message":"MongoDB connected"}
{"level":["info"],"timestamp":"27:02:2025|15:02:29","exception":false,"message":"MongoDB connected"}
{"level":["info"],"timestamp":"27:02:2025|15:02:02","exception":false,"message":"MongoDB connected"}
{"level":["info"],"timestamp":"27:02:2025|15:02:46","exception":false,"message":"MongoDB connected"}
{"level":["info"],"timestamp":"27:02:2025|15:02:87","exception":false,"message":"MongoDB connected"}
{"level":["info"],"timestamp":"27:02:2025|15:02:27","exception":false,"message":"MongoDB connected"}
{"level":["info"],"timestamp":"27:02:2025|15:02:64","exception":false,"message":"MongoDB connected"}
{"level":["info"],"timestamp":"27:02:2025|15:02:92","exception":false,"message":"MongoDB connected"}
{"level":["info"],"timestamp":"27:02:2025|15:02:10","exception":false,"message":"MongoDB connected"}
{"level":["info"],"timestamp":"27:02:2025|15:02:21","exception":false,"message":"MongoDB connected"}
{"level":["info"],"timestamp":"27:02:2025|15:02:11","exception":false,"message":"MongoDB connected"}
{"level":["error"],"timestamp":"27:02:2025|15:02:07","exception":true,"message":"uncaughtException: routes is not defined"}
{"level":["info"],"timestamp":"27:02:2025|15:02:07","exception":false,"message":"MongoDB connected"}
{"level":["error"],"timestamp":"27:02:2025|15:02:67","exception":true,"message":"uncaughtException: app.use() requires a middleware function"}
{"level":["info"],"timestamp":"27:02:2025|15:02:68","exception":false,"message":"MongoDB connected"}
{"level":["info"],"timestamp":"27:02:2025|15:02:23","exception":false,"message":"MongoDB connected"}
{"level":["info"],"timestamp":"27:02:2025|15:02:25","exception":false,"message":"MongoDB connected"}
{"level":["error"],"timestamp":"27:02:2025|15:02:76","exception":true,"message":"uncaughtException: app.use() requires a middleware function"}
{"level":["info"],"timestamp":"27:02:2025|15:02:77","exception":false,"message":"MongoDB connected"}
{"level":["error"],"timestamp":"27:02:2025|15:02:16","exception":true,"message":"uncaughtException: routes is not defined"}
{"level":["info"],"timestamp":"27:02:2025|15:02:17","exception":false,"message":"MongoDB connected"}
{"level":["info"],"timestamp":"27:02:2025|15:02:27","exception":false,"message":"MongoDB connected"}
{"level":["warn"],"timestamp":"27:02:2025|15:02:07","exception":false,"message":"MongoDB Disconnecting"}
{"level":["warn"],"timestamp":"27:02:2025|15:02:07","exception":false,"message":"MongoDB Disconnecting"}
{"level":["error"],"timestamp":"27:02:2025|15:02:65","exception":true,"message":"uncaughtException: compression is not defined"}
{"level":["info"],"timestamp":"27:02:2025|15:02:66","exception":false,"message":"MongoDB connected"}
{"level":["error"],"timestamp":"27:02:2025|15:02:28","exception":true,"message":"uncaughtException: compression is not defined"}
{"level":["info"],"timestamp":"27:02:2025|15:02:29","exception":false,"message":"MongoDB connected"}
{"level":["error"],"timestamp":"27:02:2025|15:02:41","exception":true,"message":"uncaughtException: cookieParser is not defined"}
{"level":["info"],"timestamp":"27:02:2025|15:02:41","exception":false,"message":"MongoDB connected"}
{"level":["error"],"timestamp":"27:02:2025|15:02:06","exception":true,"message":"uncaughtException: cors is not defined"}
{"level":["info"],"timestamp":"27:02:2025|15:02:08","exception":false,"message":"MongoDB connected"}
{"level":["error"],"timestamp":"27:02:2025|15:02:75","exception":true,"message":"uncaughtException: helmet is not defined"}
{"level":["info"],"timestamp":"27:02:2025|15:02:76","exception":false,"message":"MongoDB connected"}
{"level":["info"],"timestamp":"27:02:2025|15:02:52","exception":false,"message":"MongoDB connected"}
{"level":["warn"],"timestamp":"27:02:2025|15:02:26","exception":false,"message":"MongoDB Disconnecting"}
{"level":["info"],"timestamp":"27:02:2025|15:02:36","exception":false,"message":"MongoDB connected"}
{"level":["info"],"timestamp":"27:02:2025|15:02:44","exception":false,"message":"MongoDB connected"}
{"level":["info"],"timestamp":"27:02:2025|15:02:75","exception":false,"message":"MongoDB connected"}
{"level":["info"],"timestamp":"27:02:2025|15:02:79","exception":false,"message":"MongoDB connected"}
{"level":["info"],"timestamp":"27:02:2025|15:02:20","exception":false,"message":"MongoDB connected"}
{"level":["info"],"timestamp":"27:02:2025|15:02:08","exception":false,"message":"MongoDB connected"}
{"level":["warn"],"timestamp":"27:02:2025|16:02:98","exception":false,"message":"MongoDB Disconnecting"}
{"level":["info"],"timestamp":"27:02:2025|16:02:12","exception":false,"message":"MongoDB connected"}
{"level":["info"],"timestamp":"27:02:2025|16:02:39","exception":false,"message":"MongoDB connected"}
{"level":["info"],"timestamp":"27:02:2025|16:02:07","exception":false,"message":"MongoDB connected"}
{"level":["info"],"timestamp":"27:02:2025|16:02:87","exception":false,"message":"MongoDB connected"}
{"level":["info"],"timestamp":"27:02:2025|16:02:32","exception":false,"message":"MongoDB connected"}
{"level":["info"],"timestamp":"27:02:2025|16:02:87","exception":false,"message":"MongoDB connected"}
{"level":["warn"],"timestamp":"27:02:2025|16:02:28","exception":false,"message":"MongoDB Disconnecting"}
{"level":["warn"],"timestamp":"27:02:2025|16:02:28","exception":false,"message":"MongoDB Disconnecting"}
{"level":["warn"],"timestamp":"27:02:2025|16:02:29","exception":false,"message":"MongoDB Disconnecting"}
{"level":["warn"],"timestamp":"27:02:2025|16:02:30","exception":false,"message":"MongoDB Disconnected"}
{"level":["info"],"timestamp":"27:02:2025|16:02:47","exception":false,"message":"MongoDB connected"}
{"level":["info"],"timestamp":"27:02:2025|16:02:48","exception":false,"message":"MongoDB connected"}
{"level":["info"],"timestamp":"27:02:2025|16:02:49","exception":false,"message":"MongoDB connected"}
{"level":["warn"],"timestamp":"27:02:2025|16:02:09","exception":false,"message":"MongoDB Disconnecting"}
{"level":["warn"],"timestamp":"27:02:2025|16:02:12","exception":false,"message":"MongoDB Disconnecting"}
{"level":["info"],"timestamp":"27:02:2025|16:02:91","exception":false,"message":"MongoDB connected"}
{"level":["info"],"timestamp":"27:02:2025|16:02:96","exception":false,"message":"MongoDB connected"}
{"level":["info"],"timestamp":"27:02:2025|16:02:03","exception":false,"message":"MongoDB connected"}
{"level":["warn"],"timestamp":"27:02:2025|16:02:65","exception":false,"message":"MongoDB Disconnecting"}
{"level":["info"],"timestamp":"27:02:2025|16:02:65","exception":false,"message":"MongoDB connected"}
{"level":["info"],"timestamp":"27:02:2025|16:02:68","exception":false,"message":"MongoDB connected"}
{"level":["info"],"timestamp":"27:02:2025|16:02:75","exception":false,"message":"MongoDB connected"}
{"level":["warn"],"timestamp":"27:02:2025|16:02:88","exception":false,"message":"MongoDB Disconnecting"}
{"level":["info"],"timestamp":"27:02:2025|16:02:36","exception":false,"message":"MongoDB connected"}
{"level":["info"],"timestamp":"27:02:2025|16:02:38","exception":false,"message":"MongoDB connected"}
{"level":["info"],"timestamp":"27:02:2025|16:02:39","exception":false,"message":"MongoDB connected"}
{"level":["warn"],"timestamp":"27:02:2025|16:02:56","exception":false,"message":"MongoDB Disconnecting"}
{"level":["info"],"timestamp":"27:02:2025|16:02:73","exception":false,"message":"MongoDB connected"}
{"level":["info"],"timestamp":"27:02:2025|16:02:76","exception":false,"message":"MongoDB connected"}
{"level":["info"],"timestamp":"27:02:2025|16:02:77","exception":false,"message":"MongoDB connected"}
{"level":["warn"],"timestamp":"27:02:2025|17:02:11","exception":false,"message":"MongoDB Disconnecting"}
{"level":["warn"],"timestamp":"27:02:2025|17:02:11","exception":false,"message":"MongoDB Disconnecting"}
{"level":["warn"],"timestamp":"27:02:2025|17:02:13","exception":false,"message":"MongoDB Disconnecting"}
{"level":["info"],"timestamp":"27:02:2025|17:02:38","exception":false,"message":"MongoDB connected"}
{"level":["info"],"timestamp":"27:02:2025|17:02:42","exception":false,"message":"MongoDB connected"}
{"level":["info"],"timestamp":"27:02:2025|17:02:49","exception":false,"message":"MongoDB connected"}
{"level":["warn"],"timestamp":"27:02:2025|17:02:57","exception":false,"message":"MongoDB Disconnecting"}
{"level":["warn"],"timestamp":"27:02:2025|17:02:58","exception":false,"message":"MongoDB Disconnecting"}
{"level":["warn"],"timestamp":"27:02:2025|17:02:60","exception":false,"message":"MongoDB Disconnecting"}
{"level":["info"],"timestamp":"27:02:2025|17:02:18","exception":false,"message":"MongoDB connected"}
{"level":["info"],"timestamp":"27:02:2025|17:02:21","exception":false,"message":"MongoDB connected"}
{"level":["info"],"timestamp":"27:02:2025|17:02:21","exception":false,"message":"MongoDB connected"}
{"level":["warn"],"timestamp":"27:02:2025|17:02:77","exception":false,"message":"MongoDB Disconnecting"}
{"level":["warn"],"timestamp":"27:02:2025|17:02:77","exception":false,"message":"MongoDB Disconnecting"}
{"level":["warn"],"timestamp":"27:02:2025|17:02:77","exception":false,"message":"MongoDB Disconnecting"}
{"level":["info"],"timestamp":"27:02:2025|17:02:63","exception":false,"message":"MongoDB connected"}
{"level":["info"],"timestamp":"27:02:2025|17:02:63","exception":false,"message":"MongoDB connected"}
{"level":["info"],"timestamp":"27:02:2025|17:02:72","exception":false,"message":"MongoDB connected"}
{"level":["warn"],"timestamp":"27:02:2025|17:02:60","exception":false,"message":"MongoDB Disconnecting"}
{"level":["warn"],"timestamp":"27:02:2025|17:02:63","exception":false,"message":"MongoDB Disconnecting"}
{"level":["info"],"timestamp":"27:02:2025|17:02:94","exception":false,"message":"MongoDB connected"}
{"level":["info"],"timestamp":"27:02:2025|17:02:96","exception":false,"message":"MongoDB connected"}
{"level":["info"],"timestamp":"27:02:2025|17:02:96","exception":false,"message":"MongoDB connected"}
{"level":["info"],"timestamp":"27:02:2025|17:02:06","exception":false,"message":"MongoDB connected"}
{"level":["info"],"timestamp":"27:02:2025|17:02:32","exception":false,"message":"MongoDB connected"}
{"level":["info"],"timestamp":"27:02:2025|17:02:76","exception":false,"message":"MongoDB connected"}
{"level":["warn"],"timestamp":"27:02:2025|17:02:01","exception":false,"message":"MongoDB Disconnecting"}
{"level":["warn"],"timestamp":"27:02:2025|17:02:01","exception":false,"message":"MongoDB Disconnecting"}
{"level":["warn"],"timestamp":"27:02:2025|17:02:02","exception":false,"message":"MongoDB Disconnecting"}
{"level":["warn"],"timestamp":"27:02:2025|17:02:02","exception":false,"message":"MongoDB Disconnected"}
{"level":["info"],"timestamp":"27:02:2025|17:02:82","exception":false,"message":"MongoDB connected"}
{"level":["info"],"timestamp":"27:02:2025|17:02:85","exception":false,"message":"MongoDB connected"}
{"level":["info"],"timestamp":"27:02:2025|17:02:85","exception":false,"message":"MongoDB connected"}
{"level":["warn"],"timestamp":"27:02:2025|17:02:26","exception":false,"message":"MongoDB Disconnecting"}
{"level":["info"],"timestamp":"27:02:2025|17:02:03","exception":false,"message":"MongoDB connected"}
{"level":["info"],"timestamp":"27:02:2025|17:02:03","exception":false,"message":"MongoDB connected"}
{"level":["info"],"timestamp":"27:02:2025|17:02:18","exception":false,"message":"MongoDB connected"}
{"level":["warn"],"timestamp":"27:02:2025|17:02:92","exception":false,"message":"MongoDB Disconnecting"}
{"level":["warn"],"timestamp":"27:02:2025|17:02:92","exception":false,"message":"MongoDB Disconnecting"}
{"level":["warn"],"timestamp":"27:02:2025|17:02:94","exception":false,"message":"MongoDB Disconnected"}
{"level":["info"],"timestamp":"27:02:2025|17:02:11","exception":false,"message":"MongoDB connected"}
{"level":["info"],"timestamp":"27:02:2025|17:02:11","exception":false,"message":"MongoDB connected"}
{"level":["warn"],"timestamp":"27:02:2025|17:02:31","exception":false,"message":"MongoDB Disconnecting"}
{"level":["warn"],"timestamp":"27:02:2025|17:02:31","exception":false,"message":"MongoDB Disconnecting"}
{"level":["info"],"timestamp":"27:02:2025|18:02:30","exception":false,"message":"MongoDB connected"}
{"level":["info"],"timestamp":"27:02:2025|18:02:30","exception":false,"message":"MongoDB connected"}
{"level":["warn"],"timestamp":"27:02:2025|18:02:43","exception":false,"message":"MongoDB Disconnecting"}
{"level":["warn"],"timestamp":"27:02:2025|18:02:43","exception":false,"message":"MongoDB Disconnecting"}
{"level":["warn"],"timestamp":"27:02:2025|18:02:44","exception":false,"message":"MongoDB Disconnected"}
{"level":["info"],"timestamp":"27:02:2025|18:02:80","exception":false,"message":"MongoDB connected"}
{"level":["info"],"timestamp":"27:02:2025|18:02:80","exception":false,"message":"MongoDB connected"}
{"level":["warn"],"timestamp":"27:02:2025|18:02:76","exception":false,"message":"MongoDB Disconnecting"}
{"level":["warn"],"timestamp":"27:02:2025|18:02:76","exception":false,"message":"MongoDB Disconnecting"}
{"level":["info"],"timestamp":"27:02:2025|18:02:100","exception":false,"message":"MongoDB connected"}
{"level":["info"],"timestamp":"27:02:2025|18:02:100","exception":false,"message":"MongoDB connected"}
{"level":["warn"],"timestamp":"27:02:2025|18:02:26","exception":false,"message":"MongoDB Disconnecting"}
{"level":["warn"],"timestamp":"27:02:2025|18:02:26","exception":false,"message":"MongoDB Disconnecting"}
{"level":["info"],"timestamp":"27:02:2025|18:02:82","exception":false,"message":"MongoDB connected"}
{"level":["info"],"timestamp":"27:02:2025|18:02:84","exception":false,"message":"MongoDB connected"}
{"level":["warn"],"timestamp":"27:02:2025|18:02:72","exception":false,"message":"MongoDB Disconnecting"}
{"level":["warn"],"timestamp":"27:02:2025|18:02:73","exception":false,"message":"MongoDB Disconnecting"}
{"level":["info"],"timestamp":"27:02:2025|18:02:13","exception":false,"message":"MongoDB connected"}
{"level":["info"],"timestamp":"27:02:2025|18:02:13","exception":false,"message":"MongoDB connected"}
{"level":["info"],"timestamp":"27:02:2025|18:02:20","exception":false,"message":"MongoDB connected"}
{"level":["info"],"timestamp":"27:02:2025|18:02:13","exception":false,"message":"MongoDB connected"}
{"level":["info"],"timestamp":"27:02:2025|18:02:38","exception":false,"message":"MongoDB connected"}
{"level":["info"],"timestamp":"27:02:2025|18:02:73","exception":false,"message":"MongoDB connected"}
{"level":["info"],"timestamp":"27:02:2025|18:02:94","exception":false,"message":"MongoDB connected"}
{"level":["info"],"timestamp":"27:02:2025|18:02:47","exception":false,"message":"MongoDB connected"}
{"level":["info"],"timestamp":"27:02:2025|18:02:56","exception":false,"message":"MongoDB connected"}
{"level":["warn"],"timestamp":"27:02:2025|18:02:46","exception":false,"message":"MongoDB Disconnecting"}
{"level":["warn"],"timestamp":"27:02:2025|18:02:46","exception":false,"message":"MongoDB Disconnecting"}
{"level":["warn"],"timestamp":"27:02:2025|18:02:47","exception":false,"message":"MongoDB Disconnected"}
{"level":["info"],"timestamp":"27:02:2025|18:02:53","exception":false,"message":"MongoDB connected"}
{"level":["info"],"timestamp":"27:02:2025|18:02:53","exception":false,"message":"MongoDB connected"}
{"level":["warn"],"timestamp":"27:02:2025|18:02:28","exception":false,"message":"MongoDB Disconnecting"}
{"level":["warn"],"timestamp":"27:02:2025|18:02:28","exception":false,"message":"MongoDB Disconnecting"}
{"level":["warn"],"timestamp":"27:02:2025|18:02:30","exception":false,"message":"MongoDB Disconnected"}
{"level":["info"],"timestamp":"27:02:2025|18:02:34","exception":false,"message":"MongoDB connected"}
{"level":["info"],"timestamp":"27:02:2025|18:02:34","exception":false,"message":"MongoDB connected"}
{"level":["warn"],"timestamp":"27:02:2025|18:02:18","exception":false,"message":"MongoDB Disconnecting"}
{"level":["warn"],"timestamp":"27:02:2025|18:02:18","exception":false,"message":"MongoDB Disconnecting"}
{"level":["info"],"timestamp":"27:02:2025|18:02:22","exception":false,"message":"MongoDB connected"}
{"level":["info"],"timestamp":"27:02:2025|18:02:22","exception":false,"message":"MongoDB connected"}
{"level":["warn"],"timestamp":"27:02:2025|18:02:53","exception":false,"message":"MongoDB Disconnecting"}
{"level":["warn"],"timestamp":"27:02:2025|18:02:53","exception":false,"message":"MongoDB Disconnecting"}
{"level":["info"],"timestamp":"27:02:2025|18:02:84","exception":false,"message":"MongoDB connected"}
{"level":["info"],"timestamp":"27:02:2025|18:02:85","exception":false,"message":"MongoDB connected"}
{"level":["warn"],"timestamp":"27:02:2025|18:02:14","exception":false,"message":"MongoDB Disconnecting"}
{"level":["warn"],"timestamp":"27:02:2025|18:02:14","exception":false,"message":"MongoDB Disconnecting"}
{"level":["info"],"timestamp":"27:02:2025|18:02:15","exception":false,"message":"MongoDB connected"}
{"level":["info"],"timestamp":"27:02:2025|18:02:16","exception":false,"message":"MongoDB connected"}
{"level":["warn"],"timestamp":"27:02:2025|18:02:09","exception":false,"message":"MongoDB Disconnecting"}
{"level":["warn"],"timestamp":"27:02:2025|18:02:09","exception":false,"message":"MongoDB Disconnecting"}
