{"level":["info"],"timestamp":"13:03:2025|09:03:87","exception":false,"message":"MongoDB connected"}
{"level":["info"],"timestamp":"13:03:2025|09:03:87","exception":false,"message":"MongoDB connected"}
{"level":["info"],"timestamp":"13:03:2025|09:03:87","exception":false,"message":"MongoDB connected"}
{"level":["info"],"timestamp":"13:03:2025|09:03:87","exception":false,"message":"MongoDB connected"}
{"level":["info"],"timestamp":"13:03:2025|09:03:87","exception":false,"message":"MongoDB connected"}
{"level":["warn"],"timestamp":"13:03:2025|09:03:78","exception":false,"message":"MongoDB Disconnecting"}
{"level":["warn"],"timestamp":"13:03:2025|09:03:79","exception":false,"message":"MongoDB Disconnecting"}
{"level":["warn"],"timestamp":"13:03:2025|09:03:79","exception":false,"message":"MongoDB Disconnecting"}
{"level":["warn"],"timestamp":"13:03:2025|09:03:80","exception":false,"message":"MongoDB Disconnecting"}
{"level":["warn"],"timestamp":"13:03:2025|09:03:78","exception":false,"message":"MongoDB Disconnecting"}
{"level":["warn"],"timestamp":"13:03:2025|09:03:81","exception":false,"message":"MongoDB Disconnected"}
{"level":["info"],"timestamp":"13:03:2025|09:03:56","exception":false,"message":"MongoDB connected"}
{"level":["info"],"timestamp":"13:03:2025|09:03:56","exception":false,"message":"MongoDB connected"}
{"level":["info"],"timestamp":"13:03:2025|09:03:56","exception":false,"message":"MongoDB connected"}
{"level":["info"],"timestamp":"13:03:2025|09:03:56","exception":false,"message":"MongoDB connected"}
{"level":["info"],"timestamp":"13:03:2025|09:03:56","exception":false,"message":"MongoDB connected"}
{"level":["info"],"timestamp":"13:03:2025|09:03:78","exception":false,"message":"MongoDB connected"}
{"level":["info"],"timestamp":"13:03:2025|09:03:28","exception":false,"message":"MongoDB connected"}
{"level":["info"],"timestamp":"13:03:2025|09:03:61","exception":false,"message":"MongoDB connected"}
{"level":["info"],"timestamp":"13:03:2025|09:03:44","exception":false,"message":"MongoDB connected"}
{"level":["info"],"timestamp":"13:03:2025|09:03:82","exception":false,"message":"MongoDB connected"}
{"level":["info"],"timestamp":"13:03:2025|09:03:07","exception":false,"message":"MongoDB connected"}
{"level":["info"],"timestamp":"13:03:2025|09:03:54","exception":false,"message":"MongoDB connected"}
{"level":["info"],"timestamp":"13:03:2025|09:03:19","exception":false,"message":"MongoDB connected"}
{"level":["info"],"timestamp":"13:03:2025|09:03:87","exception":false,"message":"MongoDB connected"}
{"level":["info"],"timestamp":"13:03:2025|09:03:87","exception":false,"message":"MongoDB connected"}
{"level":["error"],"timestamp":"13:03:2025|09:03:28","exception":true,"message":"uncaughtException: log is not defined"}
{"level":["info"],"timestamp":"13:03:2025|09:03:28","exception":false,"message":"MongoDB connected"}
{"level":["info"],"timestamp":"13:03:2025|09:03:28","exception":false,"message":"MongoDB connected"}
{"level":["error"],"timestamp":"13:03:2025|09:03:21","exception":true,"message":"uncaughtException: dsfhjdsafhjalshjf is not defined"}
{"level":["info"],"timestamp":"13:03:2025|09:03:22","exception":false,"message":"MongoDB connected"}
{"level":["info"],"timestamp":"13:03:2025|09:03:12","exception":false,"message":"MongoDB connected"}
{"level":["error"],"timestamp":"13:03:2025|09:03:66","exception":true,"message":"uncaughtException: lo is not defined"}
{"level":["info"],"timestamp":"13:03:2025|09:03:68","exception":false,"message":"MongoDB connected"}
{"level":["error"],"timestamp":"13:03:2025|09:03:40","exception":true,"message":"uncaughtException: sfdhsfhsaiohdf is not defined"}
{"level":["info"],"timestamp":"13:03:2025|09:03:41","exception":false,"message":"MongoDB connected"}
{"level":["info"],"timestamp":"13:03:2025|09:03:70","exception":false,"message":"MongoDB connected"}
{"level":["info"],"timestamp":"13:03:2025|09:03:72","exception":false,"message":"MongoDB connected"}
{"level":["error"],"timestamp":"13:03:2025|09:03:69","exception":true,"message":"uncaughtException: log is not defined"}
{"level":["info"],"timestamp":"13:03:2025|09:03:69","exception":false,"message":"MongoDB connected"}
{"level":["error"],"timestamp":"13:03:2025|09:03:91","exception":true,"message":"uncaughtException: fhdhalhflkhdf is not defined"}
{"level":["info"],"timestamp":"13:03:2025|09:03:92","exception":false,"message":"MongoDB connected"}
{"level":["info"],"timestamp":"13:03:2025|09:03:82","exception":false,"message":"MongoDB connected"}
{"level":["info"],"timestamp":"13:03:2025|09:03:85","exception":false,"message":"MongoDB connected"}
{"level":["info"],"timestamp":"13:03:2025|09:03:01","exception":false,"message":"MongoDB connected"}
{"level":["info"],"timestamp":"13:03:2025|09:03:72","exception":false,"message":"MongoDB connected"}
{"level":["info"],"timestamp":"13:03:2025|09:03:29","exception":false,"message":"MongoDB connected"}
{"level":["info"],"timestamp":"13:03:2025|09:03:12","exception":false,"message":"MongoDB connected"}
{"level":["warn"],"timestamp":"13:03:2025|09:03:80","exception":false,"message":"MongoDB Disconnecting"}
{"level":["warn"],"timestamp":"13:03:2025|09:03:80","exception":false,"message":"MongoDB Disconnecting"}
{"level":["warn"],"timestamp":"13:03:2025|09:03:81","exception":false,"message":"MongoDB Disconnecting"}
{"level":["warn"],"timestamp":"13:03:2025|09:03:80","exception":false,"message":"MongoDB Disconnecting"}
{"level":["warn"],"timestamp":"13:03:2025|09:03:81","exception":false,"message":"MongoDB Disconnecting"}
{"level":["warn"],"timestamp":"13:03:2025|09:03:82","exception":false,"message":"MongoDB Disconnected"}
{"level":["warn"],"timestamp":"13:03:2025|09:03:82","exception":false,"message":"MongoDB Disconnected"}
{"level":["info"],"timestamp":"13:03:2025|09:03:13","exception":false,"message":"MongoDB connected"}
{"level":["info"],"timestamp":"13:03:2025|09:03:13","exception":false,"message":"MongoDB connected"}
{"level":["info"],"timestamp":"13:03:2025|09:03:13","exception":false,"message":"MongoDB connected"}
{"level":["info"],"timestamp":"13:03:2025|09:03:13","exception":false,"message":"MongoDB connected"}
{"level":["info"],"timestamp":"13:03:2025|09:03:13","exception":false,"message":"MongoDB connected"}
{"level":["info"],"timestamp":"13:03:2025|09:03:05","exception":false,"message":"MongoDB connected"}
{"level":["warn"],"timestamp":"13:03:2025|09:03:36","exception":false,"message":"MongoDB Disconnecting"}
{"level":["warn"],"timestamp":"13:03:2025|09:03:36","exception":false,"message":"MongoDB Disconnecting"}
{"level":["warn"],"timestamp":"13:03:2025|09:03:36","exception":false,"message":"MongoDB Disconnecting"}
{"level":["warn"],"timestamp":"13:03:2025|09:03:37","exception":false,"message":"MongoDB Disconnecting"}
{"level":["warn"],"timestamp":"13:03:2025|09:03:37","exception":false,"message":"MongoDB Disconnected"}
{"level":["warn"],"timestamp":"13:03:2025|09:03:37","exception":false,"message":"MongoDB Disconnecting"}
{"level":["info"],"timestamp":"13:03:2025|09:03:31","exception":false,"message":"MongoDB connected"}
{"level":["info"],"timestamp":"13:03:2025|09:03:32","exception":false,"message":"MongoDB connected"}
{"level":["info"],"timestamp":"13:03:2025|09:03:32","exception":false,"message":"MongoDB connected"}
{"level":["info"],"timestamp":"13:03:2025|09:03:32","exception":false,"message":"MongoDB connected"}
{"level":["info"],"timestamp":"13:03:2025|09:03:32","exception":false,"message":"MongoDB connected"}
{"level":["info"],"timestamp":"13:03:2025|09:03:67","exception":false,"message":"MongoDB connected"}
{"level":["warn"],"timestamp":"13:03:2025|09:03:13","exception":false,"message":"MongoDB Disconnecting"}
{"level":["warn"],"timestamp":"13:03:2025|09:03:13","exception":false,"message":"MongoDB Disconnecting"}
{"level":["warn"],"timestamp":"13:03:2025|09:03:13","exception":false,"message":"MongoDB Disconnecting"}
{"level":["warn"],"timestamp":"13:03:2025|09:03:13","exception":false,"message":"MongoDB Disconnecting"}
{"level":["warn"],"timestamp":"13:03:2025|09:03:14","exception":false,"message":"MongoDB Disconnecting"}
{"level":["warn"],"timestamp":"13:03:2025|09:03:14","exception":false,"message":"MongoDB Disconnected"}
{"level":["warn"],"timestamp":"13:03:2025|09:03:15","exception":false,"message":"MongoDB Disconnected"}
{"level":["info"],"timestamp":"13:03:2025|09:03:33","exception":false,"message":"MongoDB connected"}
{"level":["info"],"timestamp":"13:03:2025|09:03:33","exception":false,"message":"MongoDB connected"}
{"level":["info"],"timestamp":"13:03:2025|09:03:33","exception":false,"message":"MongoDB connected"}
{"level":["info"],"timestamp":"13:03:2025|09:03:33","exception":false,"message":"MongoDB connected"}
{"level":["info"],"timestamp":"13:03:2025|09:03:34","exception":false,"message":"MongoDB connected"}
{"level":["info"],"timestamp":"13:03:2025|09:03:76","exception":false,"message":"MongoDB connected"}
{"level":["error"],"timestamp":"13:03:2025|09:03:25","exception":true,"message":"uncaughtException: log is not defined"}
{"level":["info"],"timestamp":"13:03:2025|09:03:25","exception":false,"message":"MongoDB connected"}
{"level":["info"],"timestamp":"13:03:2025|09:03:17","exception":false,"message":"MongoDB connected"}
{"level":["info"],"timestamp":"13:03:2025|09:03:82","exception":false,"message":"MongoDB connected"}
{"level":["info"],"timestamp":"13:03:2025|09:03:89","exception":false,"message":"MongoDB connected"}
{"level":["error"],"timestamp":"13:03:2025|09:03:05","exception":true,"message":"uncaughtException: dcfsklcfklasdfslkaf is not defined"}
{"level":["info"],"timestamp":"13:03:2025|09:03:06","exception":false,"message":"MongoDB connected"}
{"level":["info"],"timestamp":"13:03:2025|09:03:00","exception":false,"message":"MongoDB connected"}
{"level":["info"],"timestamp":"13:03:2025|09:03:77","exception":false,"message":"MongoDB connected"}
{"level":["error"],"timestamp":"13:03:2025|09:03:96","exception":false,"message":"REGISTRATION"}
{"level":["error"],"timestamp":"13:03:2025|09:03:96","exception":false,"message":"data is not defined"}
{"level":["info"],"timestamp":"13:03:2025|09:03:44","exception":false,"message":"MongoDB connected"}
{"level":["info"],"timestamp":"13:03:2025|09:03:70","exception":false,"message":"MongoDB connected"}
{"level":["info"],"timestamp":"13:03:2025|10:03:35","exception":false,"message":"MongoDB connected"}
{"level":["info"],"timestamp":"13:03:2025|10:03:20","exception":false,"message":"MongoDB connected"}
{"level":["info"],"timestamp":"13:03:2025|10:03:71","exception":false,"message":"MongoDB connected"}
{"level":["info"],"timestamp":"13:03:2025|10:03:23","exception":false,"message":"MongoDB connected"}
{"level":["info"],"timestamp":"13:03:2025|10:03:23","exception":false,"message":"MongoDB connected"}
{"level":["warn"],"timestamp":"13:03:2025|10:03:90","exception":false,"message":"MongoDB Disconnecting"}
{"level":["warn"],"timestamp":"13:03:2025|10:03:92","exception":false,"message":"MongoDB Disconnecting"}
{"level":["warn"],"timestamp":"13:03:2025|10:03:92","exception":false,"message":"MongoDB Disconnecting"}
{"level":["warn"],"timestamp":"13:03:2025|10:03:92","exception":false,"message":"MongoDB Disconnecting"}
{"level":["warn"],"timestamp":"13:03:2025|10:03:92","exception":false,"message":"MongoDB Disconnecting"}
{"level":["info"],"timestamp":"13:03:2025|10:03:94","exception":false,"message":"MongoDB connected"}
{"level":["info"],"timestamp":"13:03:2025|10:03:94","exception":false,"message":"MongoDB connected"}
{"level":["info"],"timestamp":"13:03:2025|10:03:94","exception":false,"message":"MongoDB connected"}
{"level":["info"],"timestamp":"13:03:2025|10:03:95","exception":false,"message":"MongoDB connected"}
{"level":["info"],"timestamp":"13:03:2025|10:03:95","exception":false,"message":"MongoDB connected"}
{"level":["info"],"timestamp":"13:03:2025|10:03:27","exception":false,"message":"::1 - - [13/Mar/2025:04:34:06 +0000] \"POST /user/registration HTTP/1.1\" 404 - \"-\" \"PostmanRuntime/7.43.0\"\n"}
{"level":["info"],"timestamp":"13:03:2025|10:03:92","exception":false,"message":"MongoDB connected"}
{"level":["info"],"timestamp":"13:03:2025|10:03:62","exception":false,"message":"MongoDB connected"}
{"level":["info"],"timestamp":"13:03:2025|10:03:07","exception":false,"message":"MongoDB connected"}
{"level":["info"],"timestamp":"13:03:2025|10:03:13","exception":false,"message":"MongoDB connected"}
{"level":["info"],"timestamp":"13:03:2025|10:03:55","exception":false,"message":"MongoDB connected"}
{"level":["info"],"timestamp":"13:03:2025|10:03:09","exception":false,"message":"MongoDB connected"}
{"level":["error"],"timestamp":"13:03:2025|10:03:94","exception":false,"message":"REGISTRATION"}
{"level":["error"],"timestamp":"13:03:2025|10:03:94","exception":false,"message":"data is not defined"}
{"level":["info"],"timestamp":"13:03:2025|10:03:11","exception":false,"message":"MongoDB connected"}
{"level":["warn"],"timestamp":"13:03:2025|10:03:64","exception":false,"message":"MongoDB Disconnecting"}
{"level":["warn"],"timestamp":"13:03:2025|10:03:65","exception":false,"message":"MongoDB Disconnecting"}
{"level":["warn"],"timestamp":"13:03:2025|10:03:66","exception":false,"message":"MongoDB Disconnected"}
{"level":["warn"],"timestamp":"13:03:2025|10:03:66","exception":false,"message":"MongoDB Disconnecting"}
{"level":["warn"],"timestamp":"13:03:2025|10:03:66","exception":false,"message":"MongoDB Disconnecting"}
{"level":["warn"],"timestamp":"13:03:2025|10:03:67","exception":false,"message":"MongoDB Disconnecting"}
{"level":["warn"],"timestamp":"13:03:2025|10:03:67","exception":false,"message":"MongoDB Disconnected"}
{"level":["info"],"timestamp":"13:03:2025|10:03:72","exception":false,"message":"MongoDB connected"}
{"level":["info"],"timestamp":"13:03:2025|10:03:72","exception":false,"message":"MongoDB connected"}
{"level":["info"],"timestamp":"13:03:2025|10:03:72","exception":false,"message":"MongoDB connected"}
{"level":["info"],"timestamp":"13:03:2025|10:03:72","exception":false,"message":"MongoDB connected"}
{"level":["info"],"timestamp":"13:03:2025|10:03:73","exception":false,"message":"MongoDB connected"}
{"level":["info"],"timestamp":"13:03:2025|10:03:100","exception":false,"message":"MongoDB connected"}
{"level":["error"],"timestamp":"13:03:2025|10:03:25","exception":false,"message":"REGISTRATION"}
{"level":["error"],"timestamp":"13:03:2025|10:03:25","exception":false,"message":"data is not defined"}
{"level":["info"],"timestamp":"13:03:2025|10:03:96","exception":false,"message":"MongoDB connected"}
{"level":["info"],"timestamp":"13:03:2025|10:03:07","exception":false,"message":"MongoDB connected"}
{"level":["warn"],"timestamp":"13:03:2025|10:03:15","exception":false,"message":"MongoDB Disconnecting"}
{"level":["warn"],"timestamp":"13:03:2025|10:03:15","exception":false,"message":"MongoDB Disconnecting"}
{"level":["warn"],"timestamp":"13:03:2025|10:03:15","exception":false,"message":"MongoDB Disconnecting"}
{"level":["warn"],"timestamp":"13:03:2025|10:03:15","exception":false,"message":"MongoDB Disconnecting"}
{"level":["warn"],"timestamp":"13:03:2025|10:03:15","exception":false,"message":"MongoDB Disconnecting"}
{"level":["info"],"timestamp":"13:03:2025|10:03:85","exception":false,"message":"MongoDB connected"}
{"level":["info"],"timestamp":"13:03:2025|10:03:85","exception":false,"message":"MongoDB connected"}
{"level":["info"],"timestamp":"13:03:2025|10:03:85","exception":false,"message":"MongoDB connected"}
{"level":["info"],"timestamp":"13:03:2025|10:03:85","exception":false,"message":"MongoDB connected"}
{"level":["info"],"timestamp":"13:03:2025|10:03:85","exception":false,"message":"MongoDB connected"}
{"level":["error"],"timestamp":"13:03:2025|10:03:11","exception":true,"message":"uncaughtException: log is not defined"}
{"level":["info"],"timestamp":"13:03:2025|10:03:12","exception":false,"message":"MongoDB connected"}
{"level":["info"],"timestamp":"13:03:2025|10:03:96","exception":false,"message":"MongoDB connected"}
{"level":["error"],"timestamp":"13:03:2025|10:03:07","exception":true,"message":"uncaughtException: dsfdsaf is not defined"}
{"level":["info"],"timestamp":"13:03:2025|10:03:08","exception":false,"message":"MongoDB connected"}
{"level":["info"],"timestamp":"13:03:2025|10:03:17","exception":false,"message":"MongoDB connected"}
{"level":["warn"],"timestamp":"13:03:2025|10:03:21","exception":false,"message":"MongoDB Disconnecting"}
{"level":["warn"],"timestamp":"13:03:2025|10:03:21","exception":false,"message":"MongoDB Disconnecting"}
{"level":["warn"],"timestamp":"13:03:2025|10:03:21","exception":false,"message":"MongoDB Disconnecting"}
{"level":["warn"],"timestamp":"13:03:2025|10:03:23","exception":false,"message":"MongoDB Disconnecting"}
{"level":["warn"],"timestamp":"13:03:2025|10:03:23","exception":false,"message":"MongoDB Disconnecting"}
{"level":["warn"],"timestamp":"13:03:2025|10:03:24","exception":false,"message":"MongoDB Disconnected"}
{"level":["warn"],"timestamp":"13:03:2025|10:03:24","exception":false,"message":"MongoDB Disconnected"}
{"level":["warn"],"timestamp":"13:03:2025|10:03:24","exception":false,"message":"MongoDB Disconnected"}
{"level":["info"],"timestamp":"13:03:2025|11:03:100","exception":false,"message":"MongoDB connected"}
{"level":["info"],"timestamp":"13:03:2025|11:03:100","exception":false,"message":"MongoDB connected"}
{"level":["info"],"timestamp":"13:03:2025|11:03:100","exception":false,"message":"MongoDB connected"}
{"level":["info"],"timestamp":"13:03:2025|11:03:100","exception":false,"message":"MongoDB connected"}
{"level":["info"],"timestamp":"13:03:2025|11:03:00","exception":false,"message":"MongoDB connected"}
{"level":["warn"],"timestamp":"13:03:2025|11:03:97","exception":false,"message":"MongoDB Disconnecting"}
{"level":["warn"],"timestamp":"13:03:2025|11:03:97","exception":false,"message":"MongoDB Disconnecting"}
{"level":["warn"],"timestamp":"13:03:2025|11:03:97","exception":false,"message":"MongoDB Disconnecting"}
{"level":["warn"],"timestamp":"13:03:2025|11:03:97","exception":false,"message":"MongoDB Disconnecting"}
{"level":["warn"],"timestamp":"13:03:2025|11:03:97","exception":false,"message":"MongoDB Disconnecting"}
{"level":["info"],"timestamp":"13:03:2025|11:03:06","exception":false,"message":"MongoDB connected"}
{"level":["info"],"timestamp":"13:03:2025|11:03:06","exception":false,"message":"MongoDB connected"}
{"level":["info"],"timestamp":"13:03:2025|11:03:06","exception":false,"message":"MongoDB connected"}
{"level":["info"],"timestamp":"13:03:2025|11:03:06","exception":false,"message":"MongoDB connected"}
{"level":["info"],"timestamp":"13:03:2025|11:03:07","exception":false,"message":"MongoDB connected"}
{"level":["warn"],"timestamp":"13:03:2025|11:03:19","exception":false,"message":"MongoDB Disconnecting"}
{"level":["warn"],"timestamp":"13:03:2025|11:03:18","exception":false,"message":"MongoDB Disconnecting"}
{"level":["warn"],"timestamp":"13:03:2025|11:03:19","exception":false,"message":"MongoDB Disconnecting"}
{"level":["warn"],"timestamp":"13:03:2025|11:03:19","exception":false,"message":"MongoDB Disconnecting"}
{"level":["warn"],"timestamp":"13:03:2025|11:03:20","exception":false,"message":"MongoDB Disconnecting"}
{"level":["warn"],"timestamp":"13:03:2025|11:03:21","exception":false,"message":"MongoDB Disconnected"}
{"level":["info"],"timestamp":"13:03:2025|11:03:35","exception":false,"message":"MongoDB connected"}
{"level":["info"],"timestamp":"13:03:2025|11:03:35","exception":false,"message":"MongoDB connected"}
{"level":["info"],"timestamp":"13:03:2025|11:03:35","exception":false,"message":"MongoDB connected"}
{"level":["info"],"timestamp":"13:03:2025|11:03:35","exception":false,"message":"MongoDB connected"}
{"level":["info"],"timestamp":"13:03:2025|11:03:35","exception":false,"message":"MongoDB connected"}
{"level":["info"],"timestamp":"13:03:2025|11:03:55","exception":false,"message":"MongoDB connected"}
{"level":["info"],"timestamp":"13:03:2025|11:03:12","exception":false,"message":"MongoDB connected"}
{"level":["info"],"timestamp":"13:03:2025|11:03:58","exception":false,"message":"MongoDB connected"}
{"level":["warn"],"timestamp":"13:03:2025|11:03:64","exception":false,"message":"MongoDB Disconnecting"}
{"level":["warn"],"timestamp":"13:03:2025|11:03:64","exception":false,"message":"MongoDB Disconnecting"}
{"level":["warn"],"timestamp":"13:03:2025|11:03:65","exception":false,"message":"MongoDB Disconnecting"}
{"level":["warn"],"timestamp":"13:03:2025|11:03:67","exception":false,"message":"MongoDB Disconnecting"}
{"level":["warn"],"timestamp":"13:03:2025|11:03:67","exception":false,"message":"MongoDB Disconnecting"}
{"level":["warn"],"timestamp":"13:03:2025|11:03:67","exception":false,"message":"MongoDB Disconnected"}
{"level":["warn"],"timestamp":"13:03:2025|11:03:68","exception":false,"message":"MongoDB Disconnected"}
{"level":["info"],"timestamp":"13:03:2025|11:03:79","exception":false,"message":"MongoDB connected"}
{"level":["info"],"timestamp":"13:03:2025|11:03:79","exception":false,"message":"MongoDB connected"}
{"level":["info"],"timestamp":"13:03:2025|11:03:79","exception":false,"message":"MongoDB connected"}
{"level":["info"],"timestamp":"13:03:2025|11:03:80","exception":false,"message":"MongoDB connected"}
{"level":["info"],"timestamp":"13:03:2025|11:03:80","exception":false,"message":"MongoDB connected"}
{"level":["warn"],"timestamp":"13:03:2025|11:03:71","exception":false,"message":"MongoDB Disconnecting"}
{"level":["warn"],"timestamp":"13:03:2025|11:03:71","exception":false,"message":"MongoDB Disconnecting"}
{"level":["warn"],"timestamp":"13:03:2025|11:03:71","exception":false,"message":"MongoDB Disconnecting"}
{"level":["warn"],"timestamp":"13:03:2025|11:03:73","exception":false,"message":"MongoDB Disconnecting"}
{"level":["warn"],"timestamp":"13:03:2025|11:03:73","exception":false,"message":"MongoDB Disconnecting"}
{"level":["warn"],"timestamp":"13:03:2025|11:03:74","exception":false,"message":"MongoDB Disconnected"}
{"level":["info"],"timestamp":"13:03:2025|11:03:19","exception":false,"message":"MongoDB connected"}
{"level":["info"],"timestamp":"13:03:2025|11:03:19","exception":false,"message":"MongoDB connected"}
{"level":["info"],"timestamp":"13:03:2025|11:03:19","exception":false,"message":"MongoDB connected"}
{"level":["info"],"timestamp":"13:03:2025|11:03:20","exception":false,"message":"MongoDB connected"}
{"level":["info"],"timestamp":"13:03:2025|11:03:20","exception":false,"message":"MongoDB connected"}
{"level":["warn"],"timestamp":"13:03:2025|11:03:50","exception":false,"message":"MongoDB Disconnecting"}
{"level":["warn"],"timestamp":"13:03:2025|11:03:50","exception":false,"message":"MongoDB Disconnecting"}
{"level":["warn"],"timestamp":"13:03:2025|11:03:50","exception":false,"message":"MongoDB Disconnecting"}
{"level":["warn"],"timestamp":"13:03:2025|11:03:51","exception":false,"message":"MongoDB Disconnecting"}
{"level":["warn"],"timestamp":"13:03:2025|11:03:51","exception":false,"message":"MongoDB Disconnecting"}
{"level":["warn"],"timestamp":"13:03:2025|11:03:51","exception":false,"message":"MongoDB Disconnected"}
{"level":["warn"],"timestamp":"13:03:2025|11:03:55","exception":false,"message":"MongoDB Disconnected"}
{"level":["info"],"timestamp":"13:03:2025|11:03:65","exception":false,"message":"MongoDB connected"}
{"level":["info"],"timestamp":"13:03:2025|11:03:65","exception":false,"message":"MongoDB connected"}
{"level":["info"],"timestamp":"13:03:2025|11:03:65","exception":false,"message":"MongoDB connected"}
{"level":["info"],"timestamp":"13:03:2025|11:03:65","exception":false,"message":"MongoDB connected"}
{"level":["info"],"timestamp":"13:03:2025|11:03:66","exception":false,"message":"MongoDB connected"}
{"level":["warn"],"timestamp":"13:03:2025|11:03:66","exception":false,"message":"MongoDB Disconnecting"}
{"level":["warn"],"timestamp":"13:03:2025|11:03:66","exception":false,"message":"MongoDB Disconnecting"}
{"level":["warn"],"timestamp":"13:03:2025|11:03:66","exception":false,"message":"MongoDB Disconnecting"}
{"level":["warn"],"timestamp":"13:03:2025|11:03:67","exception":false,"message":"MongoDB Disconnecting"}
{"level":["warn"],"timestamp":"13:03:2025|11:03:67","exception":false,"message":"MongoDB Disconnecting"}
{"level":["info"],"timestamp":"13:03:2025|11:03:13","exception":false,"message":"MongoDB connected"}
{"level":["info"],"timestamp":"13:03:2025|11:03:13","exception":false,"message":"MongoDB connected"}
{"level":["info"],"timestamp":"13:03:2025|11:03:13","exception":false,"message":"MongoDB connected"}
{"level":["info"],"timestamp":"13:03:2025|11:03:13","exception":false,"message":"MongoDB connected"}
{"level":["info"],"timestamp":"13:03:2025|11:03:13","exception":false,"message":"MongoDB connected"}
{"level":["warn"],"timestamp":"13:03:2025|11:03:26","exception":false,"message":"MongoDB Disconnecting"}
{"level":["warn"],"timestamp":"13:03:2025|11:03:26","exception":false,"message":"MongoDB Disconnecting"}
{"level":["warn"],"timestamp":"13:03:2025|11:03:26","exception":false,"message":"MongoDB Disconnecting"}
{"level":["warn"],"timestamp":"13:03:2025|11:03:26","exception":false,"message":"MongoDB Disconnecting"}
{"level":["warn"],"timestamp":"13:03:2025|11:03:26","exception":false,"message":"MongoDB Disconnecting"}
{"level":["warn"],"timestamp":"13:03:2025|11:03:27","exception":false,"message":"MongoDB Disconnected"}
{"level":["info"],"timestamp":"13:03:2025|11:03:11","exception":false,"message":"MongoDB connected"}
{"level":["info"],"timestamp":"13:03:2025|11:03:11","exception":false,"message":"MongoDB connected"}
{"level":["info"],"timestamp":"13:03:2025|11:03:11","exception":false,"message":"MongoDB connected"}
{"level":["info"],"timestamp":"13:03:2025|11:03:11","exception":false,"message":"MongoDB connected"}
{"level":["info"],"timestamp":"13:03:2025|11:03:11","exception":false,"message":"MongoDB connected"}
{"level":["error"],"timestamp":"13:03:2025|11:03:45","exception":false,"message":"IS_USER"}
{"level":["warn"],"timestamp":"13:03:2025|11:03:71","exception":false,"message":"MongoDB Disconnecting"}
{"level":["warn"],"timestamp":"13:03:2025|11:03:72","exception":false,"message":"MongoDB Disconnecting"}
{"level":["warn"],"timestamp":"13:03:2025|11:03:72","exception":false,"message":"MongoDB Disconnecting"}
{"level":["warn"],"timestamp":"13:03:2025|11:03:72","exception":false,"message":"MongoDB Disconnecting"}
{"level":["warn"],"timestamp":"13:03:2025|11:03:72","exception":false,"message":"MongoDB Disconnecting"}
{"level":["warn"],"timestamp":"13:03:2025|11:03:73","exception":false,"message":"MongoDB Disconnected"}
{"level":["info"],"timestamp":"13:03:2025|11:03:05","exception":false,"message":"MongoDB connected"}
{"level":["info"],"timestamp":"13:03:2025|11:03:05","exception":false,"message":"MongoDB connected"}
{"level":["info"],"timestamp":"13:03:2025|11:03:05","exception":false,"message":"MongoDB connected"}
{"level":["info"],"timestamp":"13:03:2025|11:03:05","exception":false,"message":"MongoDB connected"}
{"level":["info"],"timestamp":"13:03:2025|11:03:05","exception":false,"message":"MongoDB connected"}
{"level":["warn"],"timestamp":"13:03:2025|11:03:51","exception":false,"message":"MongoDB Disconnecting"}
{"level":["warn"],"timestamp":"13:03:2025|11:03:51","exception":false,"message":"MongoDB Disconnecting"}
{"level":["warn"],"timestamp":"13:03:2025|11:03:51","exception":false,"message":"MongoDB Disconnecting"}
{"level":["warn"],"timestamp":"13:03:2025|11:03:51","exception":false,"message":"MongoDB Disconnecting"}
{"level":["warn"],"timestamp":"13:03:2025|11:03:52","exception":false,"message":"MongoDB Disconnected"}
{"level":["warn"],"timestamp":"13:03:2025|11:03:52","exception":false,"message":"MongoDB Disconnected"}
{"level":["warn"],"timestamp":"13:03:2025|11:03:52","exception":false,"message":"MongoDB Disconnected"}
{"level":["warn"],"timestamp":"13:03:2025|11:03:52","exception":false,"message":"MongoDB Disconnecting"}
{"level":["info"],"timestamp":"13:03:2025|11:03:60","exception":false,"message":"MongoDB connected"}
{"level":["info"],"timestamp":"13:03:2025|11:03:59","exception":false,"message":"MongoDB connected"}
{"level":["info"],"timestamp":"13:03:2025|11:03:60","exception":false,"message":"MongoDB connected"}
{"level":["info"],"timestamp":"13:03:2025|11:03:60","exception":false,"message":"MongoDB connected"}
{"level":["info"],"timestamp":"13:03:2025|11:03:60","exception":false,"message":"MongoDB connected"}
{"level":["info"],"timestamp":"13:03:2025|11:03:03","exception":false,"message":"MongoDB connected"}
{"level":["info"],"timestamp":"13:03:2025|11:03:50","exception":false,"message":"MongoDB connected"}
{"level":["warn"],"timestamp":"13:03:2025|11:03:64","exception":false,"message":"MongoDB Disconnecting"}
{"level":["warn"],"timestamp":"13:03:2025|11:03:65","exception":false,"message":"MongoDB Disconnecting"}
{"level":["warn"],"timestamp":"13:03:2025|11:03:65","exception":false,"message":"MongoDB Disconnecting"}
{"level":["warn"],"timestamp":"13:03:2025|11:03:65","exception":false,"message":"MongoDB Disconnecting"}
{"level":["warn"],"timestamp":"13:03:2025|11:03:65","exception":false,"message":"MongoDB Disconnecting"}
{"level":["warn"],"timestamp":"13:03:2025|11:03:66","exception":false,"message":"MongoDB Disconnected"}
{"level":["info"],"timestamp":"13:03:2025|11:03:32","exception":false,"message":"MongoDB connected"}
{"level":["info"],"timestamp":"13:03:2025|11:03:32","exception":false,"message":"MongoDB connected"}
{"level":["info"],"timestamp":"13:03:2025|11:03:32","exception":false,"message":"MongoDB connected"}
{"level":["info"],"timestamp":"13:03:2025|11:03:34","exception":false,"message":"MongoDB connected"}
{"level":["info"],"timestamp":"13:03:2025|11:03:34","exception":false,"message":"MongoDB connected"}
{"level":["warn"],"timestamp":"13:03:2025|11:03:60","exception":false,"message":"MongoDB Disconnecting"}
{"level":["warn"],"timestamp":"13:03:2025|11:03:61","exception":false,"message":"MongoDB Disconnecting"}
{"level":["warn"],"timestamp":"13:03:2025|11:03:61","exception":false,"message":"MongoDB Disconnecting"}
{"level":["warn"],"timestamp":"13:03:2025|11:03:61","exception":false,"message":"MongoDB Disconnecting"}
{"level":["warn"],"timestamp":"13:03:2025|11:03:62","exception":false,"message":"MongoDB Disconnected"}
{"level":["warn"],"timestamp":"13:03:2025|11:03:62","exception":false,"message":"MongoDB Disconnecting"}
{"level":["warn"],"timestamp":"13:03:2025|11:03:63","exception":false,"message":"MongoDB Disconnected"}
{"level":["info"],"timestamp":"13:03:2025|11:03:57","exception":false,"message":"MongoDB connected"}
{"level":["info"],"timestamp":"13:03:2025|11:03:57","exception":false,"message":"MongoDB connected"}
{"level":["info"],"timestamp":"13:03:2025|11:03:57","exception":false,"message":"MongoDB connected"}
{"level":["info"],"timestamp":"13:03:2025|11:03:57","exception":false,"message":"MongoDB connected"}
{"level":["info"],"timestamp":"13:03:2025|11:03:57","exception":false,"message":"MongoDB connected"}
{"level":["info"],"timestamp":"13:03:2025|11:03:99","exception":false,"message":"MongoDB connected"}
{"level":["warn"],"timestamp":"13:03:2025|11:03:18","exception":false,"message":"MongoDB Disconnecting"}
{"level":["warn"],"timestamp":"13:03:2025|11:03:18","exception":false,"message":"MongoDB Disconnecting"}
{"level":["warn"],"timestamp":"13:03:2025|11:03:18","exception":false,"message":"MongoDB Disconnecting"}
{"level":["warn"],"timestamp":"13:03:2025|11:03:18","exception":false,"message":"MongoDB Disconnecting"}
{"level":["warn"],"timestamp":"13:03:2025|11:03:18","exception":false,"message":"MongoDB Disconnecting"}
{"level":["error"],"timestamp":"13:03:2025|11:03:28","exception":true,"message":"uncaughtException: The `uri` parameter to `openUri()` must be a string, got \"undefined\". Make sure the first parameter to `mongoose.connect()` or `mongoose.createConnection()` is a string."}
{"level":["warn"],"timestamp":"13:03:2025|12:03:66","exception":false,"message":"MongoDB Connection Closed Successfully!"}
{"level":["error"],"timestamp":"13:03:2025|12:03:94","exception":true,"message":"uncaughtException: The `uri` parameter to `openUri()` must be a string, got \"undefined\". Make sure the first parameter to `mongoose.connect()` or `mongoose.createConnection()` is a string."}
{"level":["error"],"timestamp":"13:03:2025|12:03:94","exception":true,"message":"uncaughtException: The `uri` parameter to `openUri()` must be a string, got \"undefined\". Make sure the first parameter to `mongoose.connect()` or `mongoose.createConnection()` is a string."}
{"level":["error"],"timestamp":"13:03:2025|12:03:94","exception":true,"message":"uncaughtException: pattern must be a string!"}
{"level":["error"],"timestamp":"13:03:2025|12:03:94","exception":true,"message":"uncaughtException: The `uri` parameter to `openUri()` must be a string, got \"undefined\". Make sure the first parameter to `mongoose.connect()` or `mongoose.createConnection()` is a string."}
{"level":["error"],"timestamp":"13:03:2025|12:03:94","exception":true,"message":"uncaughtException: The `uri` parameter to `openUri()` must be a string, got \"undefined\". Make sure the first parameter to `mongoose.connect()` or `mongoose.createConnection()` is a string."}
{"level":["error"],"timestamp":"13:03:2025|12:03:94","exception":true,"message":"uncaughtException: The `uri` parameter to `openUri()` must be a string, got \"undefined\". Make sure the first parameter to `mongoose.connect()` or `mongoose.createConnection()` is a string."}
{"level":["error"],"timestamp":"13:03:2025|12:03:50","exception":false,"message":"IS_USER"}
{"level":["error"],"timestamp":"13:03:2025|12:03:50","exception":false,"message":"secret or public key must be provided"}
{"level":["warn"],"timestamp":"13:03:2025|12:03:33","exception":false,"message":"MongoDB Connection Closed Successfully!"}
{"level":["warn"],"timestamp":"13:03:2025|12:03:34","exception":false,"message":"MongoDB Connection Closed Successfully!"}
{"level":["warn"],"timestamp":"13:03:2025|12:03:34","exception":false,"message":"MongoDB Connection Closed Successfully!"}
{"level":["warn"],"timestamp":"13:03:2025|12:03:34","exception":false,"message":"MongoDB Connection Closed Successfully!"}
{"level":["info"],"timestamp":"13:03:2025|12:03:49","exception":false,"message":"MongoDB connected"}
{"level":["info"],"timestamp":"13:03:2025|12:03:49","exception":false,"message":"MongoDB connected"}
{"level":["info"],"timestamp":"13:03:2025|12:03:49","exception":false,"message":"MongoDB connected"}
{"level":["info"],"timestamp":"13:03:2025|12:03:49","exception":false,"message":"MongoDB connected"}
{"level":["info"],"timestamp":"13:03:2025|12:03:49","exception":false,"message":"MongoDB connected"}
{"level":["warn"],"timestamp":"13:03:2025|12:03:64","exception":false,"message":"MongoDB Disconnecting"}
{"level":["warn"],"timestamp":"13:03:2025|12:03:64","exception":false,"message":"MongoDB Disconnecting"}
{"level":["warn"],"timestamp":"13:03:2025|12:03:64","exception":false,"message":"MongoDB Disconnecting"}
{"level":["warn"],"timestamp":"13:03:2025|12:03:64","exception":false,"message":"MongoDB Disconnecting"}
{"level":["warn"],"timestamp":"13:03:2025|12:03:65","exception":false,"message":"MongoDB Disconnected"}
{"level":["warn"],"timestamp":"13:03:2025|12:03:64","exception":false,"message":"MongoDB Disconnecting"}
{"level":["warn"],"timestamp":"13:03:2025|12:03:65","exception":false,"message":"MongoDB Disconnected"}
{"level":["info"],"timestamp":"13:03:2025|12:03:58","exception":false,"message":"MongoDB connected"}
{"level":["info"],"timestamp":"13:03:2025|12:03:58","exception":false,"message":"MongoDB connected"}
{"level":["info"],"timestamp":"13:03:2025|12:03:58","exception":false,"message":"MongoDB connected"}
{"level":["info"],"timestamp":"13:03:2025|12:03:58","exception":false,"message":"MongoDB connected"}
{"level":["info"],"timestamp":"13:03:2025|12:03:59","exception":false,"message":"MongoDB connected"}
{"level":["error"],"timestamp":"13:03:2025|12:03:93","exception":false,"message":"IS_USER"}
{"level":["warn"],"timestamp":"13:03:2025|12:03:56","exception":false,"message":"MongoDB Disconnecting"}
{"level":["warn"],"timestamp":"13:03:2025|12:03:56","exception":false,"message":"MongoDB Disconnecting"}
{"level":["warn"],"timestamp":"13:03:2025|12:03:56","exception":false,"message":"MongoDB Disconnecting"}
{"level":["warn"],"timestamp":"13:03:2025|12:03:57","exception":false,"message":"MongoDB Disconnecting"}
{"level":["warn"],"timestamp":"13:03:2025|12:03:57","exception":false,"message":"MongoDB Disconnecting"}
{"level":["warn"],"timestamp":"13:03:2025|12:03:58","exception":false,"message":"MongoDB Disconnected"}
{"level":["info"],"timestamp":"13:03:2025|12:03:88","exception":false,"message":"MongoDB connected"}
{"level":["info"],"timestamp":"13:03:2025|12:03:88","exception":false,"message":"MongoDB connected"}
{"level":["info"],"timestamp":"13:03:2025|12:03:88","exception":false,"message":"MongoDB connected"}
{"level":["info"],"timestamp":"13:03:2025|12:03:88","exception":false,"message":"MongoDB connected"}
{"level":["info"],"timestamp":"13:03:2025|12:03:88","exception":false,"message":"MongoDB connected"}
{"level":["warn"],"timestamp":"13:03:2025|12:03:37","exception":false,"message":"MongoDB Disconnecting"}
{"level":["warn"],"timestamp":"13:03:2025|12:03:37","exception":false,"message":"MongoDB Disconnecting"}
{"level":["warn"],"timestamp":"13:03:2025|12:03:38","exception":false,"message":"MongoDB Disconnecting"}
{"level":["warn"],"timestamp":"13:03:2025|12:03:38","exception":false,"message":"MongoDB Disconnecting"}
{"level":["warn"],"timestamp":"13:03:2025|12:03:38","exception":false,"message":"MongoDB Disconnecting"}
{"level":["warn"],"timestamp":"13:03:2025|12:03:39","exception":false,"message":"MongoDB Disconnected"}
{"level":["warn"],"timestamp":"13:03:2025|12:03:39","exception":false,"message":"MongoDB Disconnected"}
{"level":["info"],"timestamp":"13:03:2025|12:03:00","exception":false,"message":"MongoDB connected"}
{"level":["info"],"timestamp":"13:03:2025|12:03:00","exception":false,"message":"MongoDB connected"}
{"level":["info"],"timestamp":"13:03:2025|12:03:00","exception":false,"message":"MongoDB connected"}
{"level":["info"],"timestamp":"13:03:2025|12:03:01","exception":false,"message":"MongoDB connected"}
{"level":["info"],"timestamp":"13:03:2025|12:03:01","exception":false,"message":"MongoDB connected"}
{"level":["warn"],"timestamp":"13:03:2025|12:03:59","exception":false,"message":"MongoDB Disconnecting"}
{"level":["warn"],"timestamp":"13:03:2025|12:03:59","exception":false,"message":"MongoDB Disconnecting"}
{"level":["warn"],"timestamp":"13:03:2025|12:03:59","exception":false,"message":"MongoDB Disconnecting"}
{"level":["warn"],"timestamp":"13:03:2025|12:03:59","exception":false,"message":"MongoDB Disconnecting"}
{"level":["warn"],"timestamp":"13:03:2025|12:03:59","exception":false,"message":"MongoDB Disconnecting"}
{"level":["warn"],"timestamp":"13:03:2025|12:03:60","exception":false,"message":"MongoDB Disconnected"}
{"level":["warn"],"timestamp":"13:03:2025|12:03:60","exception":false,"message":"MongoDB Disconnected"}
{"level":["info"],"timestamp":"13:03:2025|12:03:34","exception":false,"message":"MongoDB connected"}
{"level":["info"],"timestamp":"13:03:2025|12:03:34","exception":false,"message":"MongoDB connected"}
{"level":["info"],"timestamp":"13:03:2025|12:03:45","exception":false,"message":"MongoDB connected"}
{"level":["info"],"timestamp":"13:03:2025|12:03:58","exception":false,"message":"MongoDB connected"}
{"level":["info"],"timestamp":"13:03:2025|12:03:66","exception":false,"message":"MongoDB connected"}
{"level":["warn"],"timestamp":"13:03:2025|12:03:95","exception":false,"message":"MongoDB Disconnecting"}
{"level":["warn"],"timestamp":"13:03:2025|12:03:95","exception":false,"message":"MongoDB Disconnecting"}
{"level":["warn"],"timestamp":"13:03:2025|12:03:95","exception":false,"message":"MongoDB Disconnecting"}
{"level":["warn"],"timestamp":"13:03:2025|12:03:95","exception":false,"message":"MongoDB Disconnecting"}
{"level":["warn"],"timestamp":"13:03:2025|12:03:96","exception":false,"message":"MongoDB Disconnecting"}
{"level":["info"],"timestamp":"13:03:2025|12:03:86","exception":false,"message":"MongoDB connected"}
{"level":["info"],"timestamp":"13:03:2025|12:03:86","exception":false,"message":"MongoDB connected"}
{"level":["info"],"timestamp":"13:03:2025|12:03:86","exception":false,"message":"MongoDB connected"}
{"level":["info"],"timestamp":"13:03:2025|12:03:86","exception":false,"message":"MongoDB connected"}
{"level":["info"],"timestamp":"13:03:2025|12:03:87","exception":false,"message":"MongoDB connected"}
{"level":["warn"],"timestamp":"13:03:2025|12:03:99","exception":false,"message":"MongoDB Disconnecting"}
{"level":["warn"],"timestamp":"13:03:2025|12:03:99","exception":false,"message":"MongoDB Disconnecting"}
{"level":["warn"],"timestamp":"13:03:2025|12:03:99","exception":false,"message":"MongoDB Disconnecting"}
{"level":["warn"],"timestamp":"13:03:2025|12:03:100","exception":false,"message":"MongoDB Disconnecting"}
{"level":["warn"],"timestamp":"13:03:2025|12:03:100","exception":false,"message":"MongoDB Disconnecting"}
{"level":["warn"],"timestamp":"13:03:2025|12:03:00","exception":false,"message":"MongoDB Disconnected"}
{"level":["warn"],"timestamp":"13:03:2025|12:03:00","exception":false,"message":"MongoDB Disconnected"}
{"level":["warn"],"timestamp":"13:03:2025|12:03:01","exception":false,"message":"MongoDB Disconnected"}
{"level":["info"],"timestamp":"13:03:2025|12:03:32","exception":false,"message":"MongoDB connected"}
{"level":["info"],"timestamp":"13:03:2025|12:03:32","exception":false,"message":"MongoDB connected"}
{"level":["info"],"timestamp":"13:03:2025|12:03:32","exception":false,"message":"MongoDB connected"}
{"level":["info"],"timestamp":"13:03:2025|12:03:33","exception":false,"message":"MongoDB connected"}
{"level":["info"],"timestamp":"13:03:2025|12:03:33","exception":false,"message":"MongoDB connected"}
{"level":["warn"],"timestamp":"13:03:2025|12:03:44","exception":false,"message":"MongoDB Disconnecting"}
{"level":["warn"],"timestamp":"13:03:2025|12:03:44","exception":false,"message":"MongoDB Disconnecting"}
{"level":["warn"],"timestamp":"13:03:2025|12:03:45","exception":false,"message":"MongoDB Disconnecting"}
{"level":["warn"],"timestamp":"13:03:2025|12:03:45","exception":false,"message":"MongoDB Disconnecting"}
{"level":["warn"],"timestamp":"13:03:2025|12:03:46","exception":false,"message":"MongoDB Disconnected"}
{"level":["warn"],"timestamp":"13:03:2025|12:03:46","exception":false,"message":"MongoDB Disconnected"}
{"level":["warn"],"timestamp":"13:03:2025|12:03:46","exception":false,"message":"MongoDB Disconnecting"}
{"level":["info"],"timestamp":"13:03:2025|12:03:75","exception":false,"message":"MongoDB connected"}
{"level":["info"],"timestamp":"13:03:2025|12:03:75","exception":false,"message":"MongoDB connected"}
{"level":["info"],"timestamp":"13:03:2025|12:03:88","exception":false,"message":"MongoDB connected"}
{"level":["info"],"timestamp":"13:03:2025|12:03:05","exception":false,"message":"MongoDB connected"}
{"level":["info"],"timestamp":"13:03:2025|12:03:15","exception":false,"message":"MongoDB connected"}
{"level":["info"],"timestamp":"13:03:2025|12:03:28","exception":false,"message":"MongoDB connected"}
{"level":["info"],"timestamp":"13:03:2025|12:03:77","exception":false,"message":"MongoDB connected"}
{"level":["info"],"timestamp":"13:03:2025|12:03:57","exception":false,"message":"MongoDB connected"}
{"level":["info"],"timestamp":"13:03:2025|12:03:39","exception":false,"message":"MongoDB connected"}
{"level":["info"],"timestamp":"13:03:2025|12:03:96","exception":false,"message":"MongoDB connected"}
{"level":["info"],"timestamp":"13:03:2025|12:03:32","exception":false,"message":"MongoDB connected"}
{"level":["warn"],"timestamp":"13:03:2025|12:03:07","exception":false,"message":"MongoDB Disconnecting"}
{"level":["warn"],"timestamp":"13:03:2025|12:03:07","exception":false,"message":"MongoDB Disconnecting"}
{"level":["warn"],"timestamp":"13:03:2025|12:03:08","exception":false,"message":"MongoDB Disconnecting"}
{"level":["warn"],"timestamp":"13:03:2025|12:03:07","exception":false,"message":"MongoDB Disconnecting"}
{"level":["warn"],"timestamp":"13:03:2025|12:03:08","exception":false,"message":"MongoDB Disconnecting"}
{"level":["warn"],"timestamp":"13:03:2025|12:03:08","exception":false,"message":"MongoDB Disconnected"}
{"level":["info"],"timestamp":"13:03:2025|12:03:33","exception":false,"message":"MongoDB connected"}
{"level":["info"],"timestamp":"13:03:2025|12:03:36","exception":false,"message":"MongoDB connected"}
{"level":["info"],"timestamp":"13:03:2025|12:03:36","exception":false,"message":"MongoDB connected"}
{"level":["info"],"timestamp":"13:03:2025|12:03:43","exception":false,"message":"MongoDB connected"}
{"level":["info"],"timestamp":"13:03:2025|12:03:57","exception":false,"message":"MongoDB connected"}
{"level":["warn"],"timestamp":"13:03:2025|12:03:17","exception":false,"message":"MongoDB Disconnecting"}
{"level":["warn"],"timestamp":"13:03:2025|12:03:17","exception":false,"message":"MongoDB Disconnecting"}
{"level":["warn"],"timestamp":"13:03:2025|12:03:19","exception":false,"message":"MongoDB Disconnecting"}
{"level":["warn"],"timestamp":"13:03:2025|12:03:19","exception":false,"message":"MongoDB Disconnecting"}
{"level":["warn"],"timestamp":"13:03:2025|12:03:18","exception":false,"message":"MongoDB Disconnecting"}
{"level":["warn"],"timestamp":"13:03:2025|12:03:20","exception":false,"message":"MongoDB Disconnected"}
{"level":["warn"],"timestamp":"13:03:2025|12:03:20","exception":false,"message":"MongoDB Disconnected"}
{"level":["error"],"timestamp":"13:03:2025|13:03:20","exception":true,"message":"uncaughtException: The `uri` parameter to `openUri()` must be a string, got \"undefined\". Make sure the first parameter to `mongoose.connect()` or `mongoose.createConnection()` is a string."}
{"level":["error"],"timestamp":"13:03:2025|13:03:20","exception":true,"message":"uncaughtException: pattern must be a string!"}
{"level":["error"],"timestamp":"13:03:2025|13:03:20","exception":true,"message":"uncaughtException: The `uri` parameter to `openUri()` must be a string, got \"undefined\". Make sure the first parameter to `mongoose.connect()` or `mongoose.createConnection()` is a string."}
{"level":["error"],"timestamp":"13:03:2025|13:03:21","exception":true,"message":"uncaughtException: The `uri` parameter to `openUri()` must be a string, got \"undefined\". Make sure the first parameter to `mongoose.connect()` or `mongoose.createConnection()` is a string."}
{"level":["error"],"timestamp":"13:03:2025|13:03:20","exception":true,"message":"uncaughtException: The `uri` parameter to `openUri()` must be a string, got \"undefined\". Make sure the first parameter to `mongoose.connect()` or `mongoose.createConnection()` is a string."}
{"level":["error"],"timestamp":"13:03:2025|13:03:21","exception":true,"message":"uncaughtException: The `uri` parameter to `openUri()` must be a string, got \"undefined\". Make sure the first parameter to `mongoose.connect()` or `mongoose.createConnection()` is a string."}
{"level":["error"],"timestamp":"13:03:2025|13:03:71","exception":false,"message":"IS_USER"}
{"level":["error"],"timestamp":"13:03:2025|13:03:71","exception":false,"message":"secret or public key must be provided"}
{"level":["warn"],"timestamp":"13:03:2025|13:03:59","exception":false,"message":"MongoDB Connection Closed Successfully!"}
{"level":["warn"],"timestamp":"13:03:2025|13:03:59","exception":false,"message":"MongoDB Connection Closed Successfully!"}
{"level":["warn"],"timestamp":"13:03:2025|13:03:59","exception":false,"message":"MongoDB Connection Closed Successfully!"}
{"level":["warn"],"timestamp":"13:03:2025|13:03:60","exception":false,"message":"MongoDB Connection Closed Successfully!"}
{"level":["error"],"timestamp":"13:03:2025|13:03:28","exception":true,"message":"uncaughtException: The `uri` parameter to `openUri()` must be a string, got \"undefined\". Make sure the first parameter to `mongoose.connect()` or `mongoose.createConnection()` is a string."}
{"level":["error"],"timestamp":"13:03:2025|13:03:28","exception":true,"message":"uncaughtException: The `uri` parameter to `openUri()` must be a string, got \"undefined\". Make sure the first parameter to `mongoose.connect()` or `mongoose.createConnection()` is a string."}
{"level":["error"],"timestamp":"13:03:2025|13:03:28","exception":true,"message":"uncaughtException: pattern must be a string!"}
{"level":["error"],"timestamp":"13:03:2025|13:03:28","exception":true,"message":"uncaughtException: The `uri` parameter to `openUri()` must be a string, got \"undefined\". Make sure the first parameter to `mongoose.connect()` or `mongoose.createConnection()` is a string."}
{"level":["error"],"timestamp":"13:03:2025|13:03:29","exception":true,"message":"uncaughtException: The `uri` parameter to `openUri()` must be a string, got \"undefined\". Make sure the first parameter to `mongoose.connect()` or `mongoose.createConnection()` is a string."}
{"level":["error"],"timestamp":"13:03:2025|13:03:29","exception":true,"message":"uncaughtException: The `uri` parameter to `openUri()` must be a string, got \"undefined\". Make sure the first parameter to `mongoose.connect()` or `mongoose.createConnection()` is a string."}
{"level":["error"],"timestamp":"13:03:2025|13:03:07","exception":false,"message":"IS_USER"}
{"level":["error"],"timestamp":"13:03:2025|13:03:07","exception":false,"message":"secret or public key must be provided"}
{"level":["warn"],"timestamp":"13:03:2025|13:03:65","exception":false,"message":"MongoDB Connection Closed Successfully!"}
{"level":["warn"],"timestamp":"13:03:2025|13:03:66","exception":false,"message":"MongoDB Connection Closed Successfully!"}
{"level":["warn"],"timestamp":"13:03:2025|13:03:66","exception":false,"message":"MongoDB Connection Closed Successfully!"}
{"level":["warn"],"timestamp":"13:03:2025|13:03:67","exception":false,"message":"MongoDB Connection Closed Successfully!"}
{"level":["info"],"timestamp":"13:03:2025|13:03:15","exception":false,"message":"MongoDB connected"}
{"level":["info"],"timestamp":"13:03:2025|13:03:15","exception":false,"message":"MongoDB connected"}
{"level":["info"],"timestamp":"13:03:2025|13:03:16","exception":false,"message":"MongoDB connected"}
{"level":["info"],"timestamp":"13:03:2025|13:03:16","exception":false,"message":"MongoDB connected"}
{"level":["info"],"timestamp":"13:03:2025|13:03:16","exception":false,"message":"MongoDB connected"}
{"level":["warn"],"timestamp":"13:03:2025|13:03:56","exception":false,"message":"MongoDB Disconnecting"}
{"level":["warn"],"timestamp":"13:03:2025|13:03:56","exception":false,"message":"MongoDB Disconnecting"}
{"level":["warn"],"timestamp":"13:03:2025|13:03:56","exception":false,"message":"MongoDB Disconnecting"}
{"level":["warn"],"timestamp":"13:03:2025|13:03:56","exception":false,"message":"MongoDB Disconnecting"}
{"level":["warn"],"timestamp":"13:03:2025|13:03:56","exception":false,"message":"MongoDB Disconnected"}
{"level":["warn"],"timestamp":"13:03:2025|13:03:56","exception":false,"message":"MongoDB Disconnected"}
{"level":["warn"],"timestamp":"13:03:2025|13:03:56","exception":false,"message":"MongoDB Disconnecting"}
{"level":["warn"],"timestamp":"13:03:2025|13:03:57","exception":false,"message":"MongoDB Disconnected"}
{"level":["warn"],"timestamp":"13:03:2025|13:03:57","exception":false,"message":"MongoDB Disconnected"}
{"level":["info"],"timestamp":"13:03:2025|13:03:61","exception":false,"message":"MongoDB connected"}
{"level":["info"],"timestamp":"13:03:2025|13:03:61","exception":false,"message":"MongoDB connected"}
{"level":["info"],"timestamp":"13:03:2025|13:03:61","exception":false,"message":"MongoDB connected"}
{"level":["info"],"timestamp":"13:03:2025|13:03:61","exception":false,"message":"MongoDB connected"}
{"level":["info"],"timestamp":"13:03:2025|13:03:62","exception":false,"message":"MongoDB connected"}
{"level":["warn"],"timestamp":"13:03:2025|14:03:57","exception":false,"message":"MongoDB Disconnecting"}
{"level":["warn"],"timestamp":"13:03:2025|14:03:56","exception":false,"message":"MongoDB Disconnecting"}
{"level":["warn"],"timestamp":"13:03:2025|14:03:57","exception":false,"message":"MongoDB Disconnecting"}
{"level":["warn"],"timestamp":"13:03:2025|14:03:56","exception":false,"message":"MongoDB Disconnecting"}
{"level":["warn"],"timestamp":"13:03:2025|14:03:56","exception":false,"message":"MongoDB Disconnecting"}
{"level":["warn"],"timestamp":"13:03:2025|14:03:58","exception":false,"message":"MongoDB Disconnected"}
{"level":["warn"],"timestamp":"13:03:2025|14:03:58","exception":false,"message":"MongoDB Disconnected"}
{"level":["warn"],"timestamp":"13:03:2025|14:03:58","exception":false,"message":"MongoDB Disconnected"}
{"level":["warn"],"timestamp":"13:03:2025|14:03:58","exception":false,"message":"MongoDB Disconnected"}
{"level":["info"],"timestamp":"13:03:2025|14:03:64","exception":false,"message":"MongoDB connected"}
{"level":["info"],"timestamp":"13:03:2025|14:03:64","exception":false,"message":"MongoDB connected"}
{"level":["info"],"timestamp":"13:03:2025|14:03:64","exception":false,"message":"MongoDB connected"}
{"level":["info"],"timestamp":"13:03:2025|14:03:64","exception":false,"message":"MongoDB connected"}
{"level":["info"],"timestamp":"13:03:2025|14:03:64","exception":false,"message":"MongoDB connected"}
{"level":["info"],"timestamp":"13:03:2025|14:03:32","exception":false,"message":"MongoDB connected"}
{"level":["info"],"timestamp":"13:03:2025|14:03:02","exception":false,"message":"MongoDB connected"}
{"level":["info"],"timestamp":"13:03:2025|14:03:64","exception":false,"message":"MongoDB connected"}
{"level":["info"],"timestamp":"13:03:2025|14:03:44","exception":false,"message":"MongoDB connected"}
{"level":["info"],"timestamp":"13:03:2025|14:03:63","exception":false,"message":"MongoDB connected"}
{"level":["warn"],"timestamp":"13:03:2025|14:03:32","exception":false,"message":"MongoDB Disconnecting"}
{"level":["warn"],"timestamp":"13:03:2025|14:03:32","exception":false,"message":"MongoDB Disconnected"}
{"level":["warn"],"timestamp":"13:03:2025|14:03:33","exception":false,"message":"MongoDB Disconnecting"}
{"level":["warn"],"timestamp":"13:03:2025|14:03:33","exception":false,"message":"MongoDB Disconnecting"}
{"level":["warn"],"timestamp":"13:03:2025|14:03:34","exception":false,"message":"MongoDB Disconnecting"}
{"level":["warn"],"timestamp":"13:03:2025|14:03:34","exception":false,"message":"MongoDB Disconnecting"}
{"level":["warn"],"timestamp":"13:03:2025|14:03:34","exception":false,"message":"MongoDB Disconnected"}
{"level":["warn"],"timestamp":"13:03:2025|14:03:34","exception":false,"message":"MongoDB Disconnected"}
{"level":["warn"],"timestamp":"13:03:2025|14:03:34","exception":false,"message":"MongoDB Disconnected"}
{"level":["warn"],"timestamp":"13:03:2025|14:03:34","exception":false,"message":"MongoDB Disconnected"}
{"level":["info"],"timestamp":"13:03:2025|14:03:45","exception":false,"message":"MongoDB connected"}
{"level":["info"],"timestamp":"13:03:2025|14:03:46","exception":false,"message":"MongoDB connected"}
{"level":["info"],"timestamp":"13:03:2025|14:03:49","exception":false,"message":"MongoDB connected"}
{"level":["info"],"timestamp":"13:03:2025|14:03:49","exception":false,"message":"MongoDB connected"}
{"level":["info"],"timestamp":"13:03:2025|14:03:50","exception":false,"message":"MongoDB connected"}
{"level":["info"],"timestamp":"13:03:2025|14:03:05","exception":false,"message":"MongoDB connected"}
{"level":["info"],"timestamp":"13:03:2025|14:03:37","exception":false,"message":"MongoDB connected"}
{"level":["info"],"timestamp":"13:03:2025|14:03:69","exception":false,"message":"MongoDB connected"}
{"level":["info"],"timestamp":"13:03:2025|14:03:99","exception":false,"message":"MongoDB connected"}
{"level":["info"],"timestamp":"13:03:2025|14:03:76","exception":false,"message":"MongoDB connected"}
{"level":["info"],"timestamp":"13:03:2025|14:03:38","exception":false,"message":"MongoDB connected"}
{"level":["info"],"timestamp":"13:03:2025|14:03:35","exception":false,"message":"MongoDB connected"}
{"level":["info"],"timestamp":"13:03:2025|14:03:61","exception":false,"message":"MongoDB connected"}
{"level":["info"],"timestamp":"13:03:2025|14:03:42","exception":false,"message":"MongoDB connected"}
{"level":["info"],"timestamp":"13:03:2025|14:03:04","exception":false,"message":"MongoDB connected"}
{"level":["info"],"timestamp":"13:03:2025|14:03:22","exception":false,"message":"MongoDB connected"}
{"level":["info"],"timestamp":"13:03:2025|14:03:96","exception":false,"message":"MongoDB connected"}
{"level":["info"],"timestamp":"13:03:2025|14:03:87","exception":false,"message":"MongoDB connected"}
{"level":["info"],"timestamp":"13:03:2025|14:03:70","exception":false,"message":"MongoDB connected"}
{"level":["info"],"timestamp":"13:03:2025|14:03:21","exception":false,"message":"MongoDB connected"}
{"level":["warn"],"timestamp":"13:03:2025|14:03:19","exception":false,"message":"MongoDB Disconnecting"}
{"level":["warn"],"timestamp":"13:03:2025|14:03:19","exception":false,"message":"MongoDB Disconnecting"}
{"level":["warn"],"timestamp":"13:03:2025|14:03:19","exception":false,"message":"MongoDB Disconnecting"}
{"level":["warn"],"timestamp":"13:03:2025|14:03:19","exception":false,"message":"MongoDB Disconnecting"}
{"level":["warn"],"timestamp":"13:03:2025|14:03:19","exception":false,"message":"MongoDB Disconnected"}
{"level":["warn"],"timestamp":"13:03:2025|14:03:19","exception":false,"message":"MongoDB Disconnecting"}
{"level":["info"],"timestamp":"13:03:2025|14:03:32","exception":false,"message":"MongoDB connected"}
{"level":["info"],"timestamp":"13:03:2025|14:03:32","exception":false,"message":"MongoDB connected"}
{"level":["info"],"timestamp":"13:03:2025|14:03:34","exception":false,"message":"MongoDB connected"}
{"level":["info"],"timestamp":"13:03:2025|14:03:38","exception":false,"message":"MongoDB connected"}
{"level":["info"],"timestamp":"13:03:2025|14:03:38","exception":false,"message":"MongoDB connected"}
{"level":["info"],"timestamp":"13:03:2025|14:03:01","exception":false,"message":"MongoDB connected"}
{"level":["info"],"timestamp":"13:03:2025|14:03:01","exception":false,"message":"MongoDB connected"}
{"level":["info"],"timestamp":"13:03:2025|14:03:01","exception":false,"message":"MongoDB connected"}
{"level":["info"],"timestamp":"13:03:2025|14:03:01","exception":false,"message":"MongoDB connected"}
{"level":["info"],"timestamp":"13:03:2025|14:03:01","exception":false,"message":"MongoDB connected"}
{"level":["info"],"timestamp":"13:03:2025|14:03:58","exception":false,"message":"MongoDB connected"}
{"level":["info"],"timestamp":"13:03:2025|14:03:58","exception":false,"message":"MongoDB connected"}
{"level":["info"],"timestamp":"13:03:2025|14:03:59","exception":false,"message":"MongoDB connected"}
{"level":["info"],"timestamp":"13:03:2025|14:03:59","exception":false,"message":"MongoDB connected"}
{"level":["info"],"timestamp":"13:03:2025|14:03:60","exception":false,"message":"MongoDB connected"}
{"level":["info"],"timestamp":"13:03:2025|14:03:89","exception":false,"message":"MongoDB connected"}
{"level":["info"],"timestamp":"13:03:2025|14:03:89","exception":false,"message":"MongoDB connected"}
{"level":["info"],"timestamp":"13:03:2025|14:03:89","exception":false,"message":"MongoDB connected"}
{"level":["info"],"timestamp":"13:03:2025|14:03:89","exception":false,"message":"MongoDB connected"}
{"level":["info"],"timestamp":"13:03:2025|14:03:89","exception":false,"message":"MongoDB connected"}
{"level":["info"],"timestamp":"13:03:2025|14:03:74","exception":false,"message":"MongoDB connected"}
{"level":["info"],"timestamp":"13:03:2025|14:03:74","exception":false,"message":"MongoDB connected"}
{"level":["info"],"timestamp":"13:03:2025|14:03:78","exception":false,"message":"MongoDB connected"}
{"level":["info"],"timestamp":"13:03:2025|14:03:78","exception":false,"message":"MongoDB connected"}
{"level":["info"],"timestamp":"13:03:2025|14:03:78","exception":false,"message":"MongoDB connected"}
{"level":["warn"],"timestamp":"13:03:2025|14:03:42","exception":false,"message":"MongoDB Disconnecting"}
{"level":["warn"],"timestamp":"13:03:2025|14:03:42","exception":false,"message":"MongoDB Disconnecting"}
{"level":["warn"],"timestamp":"13:03:2025|14:03:42","exception":false,"message":"MongoDB Disconnecting"}
{"level":["warn"],"timestamp":"13:03:2025|14:03:42","exception":false,"message":"MongoDB Disconnecting"}
{"level":["warn"],"timestamp":"13:03:2025|14:03:43","exception":false,"message":"MongoDB Disconnecting"}
{"level":["warn"],"timestamp":"13:03:2025|14:03:43","exception":false,"message":"MongoDB Disconnected"}
{"level":["warn"],"timestamp":"13:03:2025|14:03:43","exception":false,"message":"MongoDB Disconnected"}
{"level":["warn"],"timestamp":"13:03:2025|14:03:43","exception":false,"message":"MongoDB Disconnected"}
{"level":["info"],"timestamp":"13:03:2025|14:03:28","exception":false,"message":"MongoDB connected"}
{"level":["info"],"timestamp":"13:03:2025|14:03:34","exception":false,"message":"MongoDB connected"}
{"level":["info"],"timestamp":"13:03:2025|14:03:47","exception":false,"message":"MongoDB connected"}
{"level":["info"],"timestamp":"13:03:2025|14:03:55","exception":false,"message":"MongoDB connected"}
{"level":["info"],"timestamp":"13:03:2025|14:03:60","exception":false,"message":"MongoDB connected"}
{"level":["info"],"timestamp":"13:03:2025|14:03:80","exception":false,"message":"MongoDB connected"}
{"level":["info"],"timestamp":"13:03:2025|14:03:85","exception":false,"message":"MongoDB connected"}
{"level":["info"],"timestamp":"13:03:2025|14:03:89","exception":false,"message":"MongoDB connected"}
{"level":["info"],"timestamp":"13:03:2025|14:03:91","exception":false,"message":"MongoDB connected"}
{"level":["info"],"timestamp":"13:03:2025|14:03:91","exception":false,"message":"MongoDB connected"}
{"level":["warn"],"timestamp":"13:03:2025|14:03:02","exception":false,"message":"MongoDB Disconnecting"}
{"level":["warn"],"timestamp":"13:03:2025|14:03:03","exception":false,"message":"MongoDB Disconnecting"}
{"level":["warn"],"timestamp":"13:03:2025|14:03:03","exception":false,"message":"MongoDB Disconnecting"}
{"level":["warn"],"timestamp":"13:03:2025|14:03:03","exception":false,"message":"MongoDB Disconnecting"}
{"level":["warn"],"timestamp":"13:03:2025|14:03:03","exception":false,"message":"MongoDB Disconnecting"}
{"level":["warn"],"timestamp":"13:03:2025|14:03:05","exception":false,"message":"MongoDB Disconnected"}
{"level":["warn"],"timestamp":"13:03:2025|14:03:05","exception":false,"message":"MongoDB Disconnected"}
{"level":["warn"],"timestamp":"13:03:2025|14:03:05","exception":false,"message":"MongoDB Disconnected"}
{"level":["info"],"timestamp":"13:03:2025|15:03:45","exception":false,"message":"MongoDB connected"}
{"level":["info"],"timestamp":"13:03:2025|15:03:45","exception":false,"message":"MongoDB connected"}
{"level":["info"],"timestamp":"13:03:2025|15:03:45","exception":false,"message":"MongoDB connected"}
{"level":["info"],"timestamp":"13:03:2025|15:03:45","exception":false,"message":"MongoDB connected"}
{"level":["info"],"timestamp":"13:03:2025|15:03:45","exception":false,"message":"MongoDB connected"}
{"level":["warn"],"timestamp":"13:03:2025|15:03:36","exception":false,"message":"MongoDB Disconnecting"}
{"level":["warn"],"timestamp":"13:03:2025|15:03:36","exception":false,"message":"MongoDB Disconnecting"}
{"level":["warn"],"timestamp":"13:03:2025|15:03:36","exception":false,"message":"MongoDB Disconnecting"}
{"level":["warn"],"timestamp":"13:03:2025|15:03:37","exception":false,"message":"MongoDB Disconnecting"}
{"level":["warn"],"timestamp":"13:03:2025|15:03:38","exception":false,"message":"MongoDB Disconnected"}
{"level":["warn"],"timestamp":"13:03:2025|15:03:38","exception":false,"message":"MongoDB Disconnected"}
{"level":["warn"],"timestamp":"13:03:2025|15:03:38","exception":false,"message":"MongoDB Disconnected"}
{"level":["info"],"timestamp":"13:03:2025|15:03:95","exception":false,"message":"MongoDB connected"}
{"level":["info"],"timestamp":"13:03:2025|15:03:95","exception":false,"message":"MongoDB connected"}
{"level":["info"],"timestamp":"13:03:2025|15:03:95","exception":false,"message":"MongoDB connected"}
{"level":["info"],"timestamp":"13:03:2025|15:03:95","exception":false,"message":"MongoDB connected"}
{"level":["info"],"timestamp":"13:03:2025|15:03:95","exception":false,"message":"MongoDB connected"}
{"level":["warn"],"timestamp":"13:03:2025|15:03:87","exception":false,"message":"MongoDB Disconnecting"}
{"level":["warn"],"timestamp":"13:03:2025|15:03:88","exception":false,"message":"MongoDB Disconnecting"}
{"level":["warn"],"timestamp":"13:03:2025|15:03:88","exception":false,"message":"MongoDB Disconnecting"}
{"level":["warn"],"timestamp":"13:03:2025|15:03:89","exception":false,"message":"MongoDB Disconnecting"}
{"level":["warn"],"timestamp":"13:03:2025|15:03:90","exception":false,"message":"MongoDB Disconnected"}
{"level":["info"],"timestamp":"13:03:2025|15:03:70","exception":false,"message":"MongoDB connected"}
{"level":["info"],"timestamp":"13:03:2025|15:03:70","exception":false,"message":"MongoDB connected"}
{"level":["info"],"timestamp":"13:03:2025|15:03:70","exception":false,"message":"MongoDB connected"}
{"level":["info"],"timestamp":"13:03:2025|15:03:70","exception":false,"message":"MongoDB connected"}
{"level":["warn"],"timestamp":"13:03:2025|15:03:80","exception":false,"message":"MongoDB Disconnecting"}
{"level":["warn"],"timestamp":"13:03:2025|15:03:80","exception":false,"message":"MongoDB Disconnecting"}
{"level":["warn"],"timestamp":"13:03:2025|15:03:80","exception":false,"message":"MongoDB Disconnecting"}
{"level":["warn"],"timestamp":"13:03:2025|15:03:80","exception":false,"message":"MongoDB Disconnecting"}
{"level":["warn"],"timestamp":"13:03:2025|15:03:80","exception":false,"message":"MongoDB Disconnected"}
{"level":["warn"],"timestamp":"13:03:2025|15:03:80","exception":false,"message":"MongoDB Disconnected"}
{"level":["info"],"timestamp":"13:03:2025|15:03:88","exception":false,"message":"MongoDB connected"}
{"level":["info"],"timestamp":"13:03:2025|15:03:89","exception":false,"message":"MongoDB connected"}
{"level":["info"],"timestamp":"13:03:2025|15:03:89","exception":false,"message":"MongoDB connected"}
{"level":["info"],"timestamp":"13:03:2025|15:03:89","exception":false,"message":"MongoDB connected"}
{"level":["info"],"timestamp":"13:03:2025|15:03:32","exception":false,"message":"MongoDB connected"}
{"level":["warn"],"timestamp":"13:03:2025|15:03:08","exception":false,"message":"MongoDB Disconnecting"}
{"level":["warn"],"timestamp":"13:03:2025|15:03:08","exception":false,"message":"MongoDB Disconnecting"}
{"level":["warn"],"timestamp":"13:03:2025|15:03:09","exception":false,"message":"MongoDB Disconnected"}
{"level":["warn"],"timestamp":"13:03:2025|15:03:09","exception":false,"message":"MongoDB Disconnecting"}
{"level":["warn"],"timestamp":"13:03:2025|15:03:09","exception":false,"message":"MongoDB Disconnected"}
{"level":["warn"],"timestamp":"13:03:2025|15:03:09","exception":false,"message":"MongoDB Disconnecting"}
{"level":["warn"],"timestamp":"13:03:2025|15:03:10","exception":false,"message":"MongoDB Disconnected"}
{"level":["info"],"timestamp":"13:03:2025|15:03:90","exception":false,"message":"MongoDB connected"}
{"level":["info"],"timestamp":"13:03:2025|15:03:90","exception":false,"message":"MongoDB connected"}
{"level":["info"],"timestamp":"13:03:2025|15:03:90","exception":false,"message":"MongoDB connected"}
{"level":["info"],"timestamp":"13:03:2025|15:03:91","exception":false,"message":"MongoDB connected"}
{"level":["info"],"timestamp":"13:03:2025|15:03:92","exception":false,"message":"MongoDB connected"}
{"level":["warn"],"timestamp":"13:03:2025|15:03:04","exception":false,"message":"MongoDB Disconnecting"}
{"level":["warn"],"timestamp":"13:03:2025|15:03:04","exception":false,"message":"MongoDB Disconnecting"}
{"level":["warn"],"timestamp":"13:03:2025|15:03:04","exception":false,"message":"MongoDB Disconnecting"}
{"level":["warn"],"timestamp":"13:03:2025|15:03:04","exception":false,"message":"MongoDB Disconnecting"}
{"level":["warn"],"timestamp":"13:03:2025|15:03:05","exception":false,"message":"MongoDB Disconnecting"}
{"level":["warn"],"timestamp":"13:03:2025|15:03:05","exception":false,"message":"MongoDB Disconnected"}
{"level":["warn"],"timestamp":"13:03:2025|15:03:05","exception":false,"message":"MongoDB Disconnected"}
{"level":["warn"],"timestamp":"13:03:2025|15:03:05","exception":false,"message":"MongoDB Disconnected"}
{"level":["info"],"timestamp":"13:03:2025|15:03:01","exception":false,"message":"MongoDB connected"}
{"level":["info"],"timestamp":"13:03:2025|15:03:01","exception":false,"message":"MongoDB connected"}
{"level":["info"],"timestamp":"13:03:2025|15:03:01","exception":false,"message":"MongoDB connected"}
{"level":["info"],"timestamp":"13:03:2025|15:03:01","exception":false,"message":"MongoDB connected"}
{"level":["info"],"timestamp":"13:03:2025|15:03:01","exception":false,"message":"MongoDB connected"}
{"level":["warn"],"timestamp":"13:03:2025|15:03:12","exception":false,"message":"MongoDB Disconnecting"}
{"level":["warn"],"timestamp":"13:03:2025|15:03:12","exception":false,"message":"MongoDB Disconnecting"}
{"level":["warn"],"timestamp":"13:03:2025|15:03:12","exception":false,"message":"MongoDB Disconnecting"}
{"level":["warn"],"timestamp":"13:03:2025|15:03:12","exception":false,"message":"MongoDB Disconnecting"}
{"level":["warn"],"timestamp":"13:03:2025|15:03:13","exception":false,"message":"MongoDB Disconnected"}
{"level":["warn"],"timestamp":"13:03:2025|15:03:13","exception":false,"message":"MongoDB Disconnected"}
{"level":["warn"],"timestamp":"13:03:2025|15:03:13","exception":false,"message":"MongoDB Disconnected"}
{"level":["info"],"timestamp":"13:03:2025|15:03:06","exception":false,"message":"MongoDB connected"}
{"level":["info"],"timestamp":"13:03:2025|15:03:06","exception":false,"message":"MongoDB connected"}
{"level":["info"],"timestamp":"13:03:2025|15:03:07","exception":false,"message":"MongoDB connected"}
{"level":["info"],"timestamp":"13:03:2025|15:03:07","exception":false,"message":"MongoDB connected"}
{"level":["info"],"timestamp":"13:03:2025|15:03:07","exception":false,"message":"MongoDB connected"}
{"level":["warn"],"timestamp":"13:03:2025|15:03:37","exception":false,"message":"MongoDB Disconnecting"}
{"level":["warn"],"timestamp":"13:03:2025|15:03:37","exception":false,"message":"MongoDB Disconnecting"}
{"level":["warn"],"timestamp":"13:03:2025|15:03:38","exception":false,"message":"MongoDB Disconnecting"}
{"level":["warn"],"timestamp":"13:03:2025|15:03:38","exception":false,"message":"MongoDB Disconnecting"}
{"level":["warn"],"timestamp":"13:03:2025|15:03:38","exception":false,"message":"MongoDB Disconnecting"}
{"level":["warn"],"timestamp":"13:03:2025|15:03:38","exception":false,"message":"MongoDB Disconnected"}
{"level":["warn"],"timestamp":"13:03:2025|15:03:39","exception":false,"message":"MongoDB Disconnected"}
{"level":["warn"],"timestamp":"13:03:2025|15:03:39","exception":false,"message":"MongoDB Disconnected"}
{"level":["info"],"timestamp":"13:03:2025|15:03:63","exception":false,"message":"MongoDB connected"}
{"level":["info"],"timestamp":"13:03:2025|15:03:63","exception":false,"message":"MongoDB connected"}
{"level":["info"],"timestamp":"13:03:2025|15:03:63","exception":false,"message":"MongoDB connected"}
{"level":["info"],"timestamp":"13:03:2025|15:03:63","exception":false,"message":"MongoDB connected"}
{"level":["info"],"timestamp":"13:03:2025|15:03:63","exception":false,"message":"MongoDB connected"}
{"level":["info"],"timestamp":"13:03:2025|15:03:38","exception":false,"message":"MongoDB connected"}
{"level":["info"],"timestamp":"13:03:2025|15:03:42","exception":false,"message":"MongoDB connected"}
{"level":["info"],"timestamp":"13:03:2025|15:03:24","exception":false,"message":"MongoDB connected"}
{"level":["info"],"timestamp":"13:03:2025|15:03:93","exception":false,"message":"MongoDB connected"}
{"level":["info"],"timestamp":"13:03:2025|15:03:12","exception":false,"message":"MongoDB connected"}
{"level":["info"],"timestamp":"13:03:2025|15:03:69","exception":false,"message":"MongoDB connected"}
{"level":["info"],"timestamp":"13:03:2025|15:03:60","exception":false,"message":"MongoDB connected"}
{"level":["info"],"timestamp":"13:03:2025|16:03:34","exception":false,"message":"MongoDB connected"}
{"level":["info"],"timestamp":"13:03:2025|16:03:96","exception":false,"message":"MongoDB connected"}
{"level":["info"],"timestamp":"13:03:2025|16:03:62","exception":false,"message":"MongoDB connected"}
{"level":["info"],"timestamp":"13:03:2025|16:03:59","exception":false,"message":"MongoDB connected"}
{"level":["info"],"timestamp":"13:03:2025|16:03:17","exception":false,"message":"MongoDB connected"}
{"level":["info"],"timestamp":"13:03:2025|16:03:07","exception":false,"message":"MongoDB connected"}
{"level":["info"],"timestamp":"13:03:2025|16:03:80","exception":false,"message":"MongoDB connected"}
{"level":["warn"],"timestamp":"13:03:2025|16:03:05","exception":false,"message":"MongoDB Disconnecting"}
{"level":["warn"],"timestamp":"13:03:2025|16:03:05","exception":false,"message":"MongoDB Disconnecting"}
{"level":["warn"],"timestamp":"13:03:2025|16:03:05","exception":false,"message":"MongoDB Disconnecting"}
{"level":["warn"],"timestamp":"13:03:2025|16:03:05","exception":false,"message":"MongoDB Disconnecting"}
{"level":["warn"],"timestamp":"13:03:2025|16:03:06","exception":false,"message":"MongoDB Disconnected"}
{"level":["warn"],"timestamp":"13:03:2025|16:03:06","exception":false,"message":"MongoDB Disconnected"}
{"level":["warn"],"timestamp":"13:03:2025|16:03:06","exception":false,"message":"MongoDB Disconnecting"}
{"level":["info"],"timestamp":"13:03:2025|16:03:75","exception":false,"message":"MongoDB connected"}
{"level":["info"],"timestamp":"13:03:2025|16:03:77","exception":false,"message":"MongoDB connected"}
{"level":["info"],"timestamp":"13:03:2025|16:03:78","exception":false,"message":"MongoDB connected"}
{"level":["info"],"timestamp":"13:03:2025|16:03:79","exception":false,"message":"MongoDB connected"}
{"level":["info"],"timestamp":"13:03:2025|16:03:81","exception":false,"message":"MongoDB connected"}
{"level":["info"],"timestamp":"13:03:2025|16:03:94","exception":false,"message":"MongoDB connected"}
{"level":["info"],"timestamp":"13:03:2025|16:03:88","exception":false,"message":"MongoDB connected"}
{"level":["info"],"timestamp":"13:03:2025|16:03:81","exception":false,"message":"MongoDB connected"}
{"level":["info"],"timestamp":"13:03:2025|16:03:33","exception":false,"message":"MongoDB connected"}
{"level":["info"],"timestamp":"13:03:2025|16:03:54","exception":false,"message":"MongoDB connected"}
{"level":["info"],"timestamp":"13:03:2025|16:03:24","exception":false,"message":"MongoDB connected"}
{"level":["info"],"timestamp":"13:03:2025|16:03:15","exception":false,"message":"MongoDB connected"}
{"level":["info"],"timestamp":"13:03:2025|16:03:03","exception":false,"message":"MongoDB connected"}
{"level":["info"],"timestamp":"13:03:2025|16:03:93","exception":false,"message":"MongoDB connected"}
{"level":["warn"],"timestamp":"13:03:2025|16:03:59","exception":false,"message":"MongoDB Disconnecting"}
{"level":["warn"],"timestamp":"13:03:2025|16:03:59","exception":false,"message":"MongoDB Disconnecting"}
{"level":["warn"],"timestamp":"13:03:2025|16:03:59","exception":false,"message":"MongoDB Disconnecting"}
{"level":["warn"],"timestamp":"13:03:2025|16:03:59","exception":false,"message":"MongoDB Disconnecting"}
{"level":["warn"],"timestamp":"13:03:2025|16:03:60","exception":false,"message":"MongoDB Disconnecting"}
{"level":["warn"],"timestamp":"13:03:2025|16:03:62","exception":false,"message":"MongoDB Disconnected"}
{"level":["info"],"timestamp":"13:03:2025|16:03:11","exception":false,"message":"MongoDB connected"}
{"level":["info"],"timestamp":"13:03:2025|16:03:15","exception":false,"message":"MongoDB connected"}
{"level":["info"],"timestamp":"13:03:2025|16:03:17","exception":false,"message":"MongoDB connected"}
{"level":["info"],"timestamp":"13:03:2025|16:03:18","exception":false,"message":"MongoDB connected"}
{"level":["info"],"timestamp":"13:03:2025|16:03:18","exception":false,"message":"MongoDB connected"}
{"level":["info"],"timestamp":"13:03:2025|16:03:59","exception":false,"message":"MongoDB connected"}
{"level":["info"],"timestamp":"13:03:2025|16:03:39","exception":false,"message":"MongoDB connected"}
{"level":["info"],"timestamp":"13:03:2025|16:03:05","exception":false,"message":"MongoDB connected"}
{"level":["info"],"timestamp":"13:03:2025|16:03:79","exception":false,"message":"MongoDB connected"}
{"level":["warn"],"timestamp":"13:03:2025|16:03:53","exception":false,"message":"MongoDB Disconnecting"}
{"level":["warn"],"timestamp":"13:03:2025|16:03:53","exception":false,"message":"MongoDB Disconnecting"}
{"level":["warn"],"timestamp":"13:03:2025|16:03:54","exception":false,"message":"MongoDB Disconnecting"}
{"level":["warn"],"timestamp":"13:03:2025|16:03:54","exception":false,"message":"MongoDB Disconnecting"}
{"level":["warn"],"timestamp":"13:03:2025|16:03:54","exception":false,"message":"MongoDB Disconnecting"}
{"level":["warn"],"timestamp":"13:03:2025|16:03:55","exception":false,"message":"MongoDB Disconnected"}
{"level":["warn"],"timestamp":"13:03:2025|16:03:55","exception":false,"message":"MongoDB Disconnected"}
{"level":["info"],"timestamp":"13:03:2025|16:03:13","exception":false,"message":"MongoDB connected"}
{"level":["info"],"timestamp":"13:03:2025|16:03:13","exception":false,"message":"MongoDB connected"}
{"level":["info"],"timestamp":"13:03:2025|16:03:14","exception":false,"message":"MongoDB connected"}
{"level":["info"],"timestamp":"13:03:2025|16:03:16","exception":false,"message":"MongoDB connected"}
{"level":["info"],"timestamp":"13:03:2025|16:03:16","exception":false,"message":"MongoDB connected"}
{"level":["warn"],"timestamp":"13:03:2025|16:03:29","exception":false,"message":"MongoDB Disconnecting"}
{"level":["warn"],"timestamp":"13:03:2025|16:03:29","exception":false,"message":"MongoDB Disconnecting"}
{"level":["warn"],"timestamp":"13:03:2025|16:03:29","exception":false,"message":"MongoDB Disconnecting"}
{"level":["warn"],"timestamp":"13:03:2025|16:03:29","exception":false,"message":"MongoDB Disconnecting"}
{"level":["warn"],"timestamp":"13:03:2025|16:03:30","exception":false,"message":"MongoDB Disconnected"}
{"level":["warn"],"timestamp":"13:03:2025|16:03:30","exception":false,"message":"MongoDB Disconnected"}
{"level":["info"],"timestamp":"13:03:2025|16:03:28","exception":false,"message":"MongoDB connected"}
{"level":["info"],"timestamp":"13:03:2025|16:03:28","exception":false,"message":"MongoDB connected"}
{"level":["info"],"timestamp":"13:03:2025|16:03:28","exception":false,"message":"MongoDB connected"}
{"level":["info"],"timestamp":"13:03:2025|16:03:29","exception":false,"message":"MongoDB connected"}
{"level":["info"],"timestamp":"13:03:2025|16:03:29","exception":false,"message":"MongoDB connected"}
{"level":["warn"],"timestamp":"13:03:2025|16:03:29","exception":false,"message":"MongoDB Disconnecting"}
{"level":["warn"],"timestamp":"13:03:2025|16:03:29","exception":false,"message":"MongoDB Disconnecting"}
{"level":["warn"],"timestamp":"13:03:2025|16:03:29","exception":false,"message":"MongoDB Disconnecting"}
{"level":["warn"],"timestamp":"13:03:2025|16:03:30","exception":false,"message":"MongoDB Disconnecting"}
{"level":["warn"],"timestamp":"13:03:2025|16:03:29","exception":false,"message":"MongoDB Disconnecting"}
{"level":["warn"],"timestamp":"13:03:2025|16:03:30","exception":false,"message":"MongoDB Disconnected"}
{"level":["info"],"timestamp":"13:03:2025|16:03:71","exception":false,"message":"MongoDB connected"}
{"level":["info"],"timestamp":"13:03:2025|16:03:73","exception":false,"message":"MongoDB connected"}
{"level":["info"],"timestamp":"13:03:2025|16:03:73","exception":false,"message":"MongoDB connected"}
{"level":["info"],"timestamp":"13:03:2025|16:03:73","exception":false,"message":"MongoDB connected"}
{"level":["info"],"timestamp":"13:03:2025|16:03:74","exception":false,"message":"MongoDB connected"}
{"level":["info"],"timestamp":"13:03:2025|16:03:85","exception":false,"message":"MongoDB connected"}
{"level":["warn"],"timestamp":"13:03:2025|16:03:10","exception":false,"message":"MongoDB Disconnecting"}
{"level":["warn"],"timestamp":"13:03:2025|16:03:10","exception":false,"message":"MongoDB Disconnecting"}
{"level":["warn"],"timestamp":"13:03:2025|16:03:10","exception":false,"message":"MongoDB Disconnecting"}
{"level":["warn"],"timestamp":"13:03:2025|16:03:10","exception":false,"message":"MongoDB Disconnecting"}
{"level":["warn"],"timestamp":"13:03:2025|16:03:10","exception":false,"message":"MongoDB Disconnecting"}
{"level":["warn"],"timestamp":"13:03:2025|16:03:11","exception":false,"message":"MongoDB Disconnected"}
{"level":["warn"],"timestamp":"13:03:2025|16:03:12","exception":false,"message":"MongoDB Disconnected"}
{"level":["info"],"timestamp":"13:03:2025|16:03:08","exception":false,"message":"MongoDB connected"}
{"level":["info"],"timestamp":"13:03:2025|16:03:08","exception":false,"message":"MongoDB connected"}
{"level":["info"],"timestamp":"13:03:2025|16:03:08","exception":false,"message":"MongoDB connected"}
{"level":["info"],"timestamp":"13:03:2025|16:03:08","exception":false,"message":"MongoDB connected"}
{"level":["info"],"timestamp":"13:03:2025|16:03:09","exception":false,"message":"MongoDB connected"}
{"level":["info"],"timestamp":"13:03:2025|16:03:44","exception":false,"message":"MongoDB connected"}
{"level":["info"],"timestamp":"13:03:2025|16:03:48","exception":false,"message":"MongoDB connected"}
{"level":["info"],"timestamp":"13:03:2025|16:03:02","exception":false,"message":"MongoDB connected"}
{"level":["warn"],"timestamp":"13:03:2025|16:03:80","exception":false,"message":"MongoDB Disconnecting"}
{"level":["warn"],"timestamp":"13:03:2025|16:03:80","exception":false,"message":"MongoDB Disconnecting"}
{"level":["warn"],"timestamp":"13:03:2025|16:03:80","exception":false,"message":"MongoDB Disconnecting"}
{"level":["warn"],"timestamp":"13:03:2025|16:03:80","exception":false,"message":"MongoDB Disconnecting"}
{"level":["warn"],"timestamp":"13:03:2025|16:03:81","exception":false,"message":"MongoDB Disconnecting"}
{"level":["warn"],"timestamp":"13:03:2025|16:03:81","exception":false,"message":"MongoDB Disconnected"}
{"level":["warn"],"timestamp":"13:03:2025|16:03:82","exception":false,"message":"MongoDB Disconnected"}
{"level":["info"],"timestamp":"13:03:2025|16:03:48","exception":false,"message":"MongoDB connected"}
{"level":["info"],"timestamp":"13:03:2025|16:03:49","exception":false,"message":"MongoDB connected"}
{"level":["info"],"timestamp":"13:03:2025|16:03:49","exception":false,"message":"MongoDB connected"}
{"level":["info"],"timestamp":"13:03:2025|16:03:49","exception":false,"message":"MongoDB connected"}
{"level":["info"],"timestamp":"13:03:2025|16:03:50","exception":false,"message":"MongoDB connected"}
{"level":["info"],"timestamp":"13:03:2025|16:03:17","exception":false,"message":"MongoDB connected"}
{"level":["info"],"timestamp":"13:03:2025|16:03:92","exception":false,"message":"MongoDB connected"}
{"level":["info"],"timestamp":"13:03:2025|16:03:57","exception":false,"message":"MongoDB connected"}
{"level":["info"],"timestamp":"13:03:2025|16:03:41","exception":false,"message":"MongoDB connected"}
{"level":["info"],"timestamp":"13:03:2025|16:03:73","exception":false,"message":"MongoDB connected"}
{"level":["info"],"timestamp":"13:03:2025|16:03:48","exception":false,"message":"MongoDB connected"}
{"level":["info"],"timestamp":"13:03:2025|16:03:64","exception":false,"message":"MongoDB connected"}
{"level":["warn"],"timestamp":"13:03:2025|16:03:59","exception":false,"message":"MongoDB Disconnecting"}
{"level":["warn"],"timestamp":"13:03:2025|16:03:59","exception":false,"message":"MongoDB Disconnecting"}
{"level":["warn"],"timestamp":"13:03:2025|16:03:59","exception":false,"message":"MongoDB Disconnecting"}
{"level":["warn"],"timestamp":"13:03:2025|16:03:60","exception":false,"message":"MongoDB Disconnecting"}
{"level":["warn"],"timestamp":"13:03:2025|16:03:60","exception":false,"message":"MongoDB Disconnecting"}
{"level":["warn"],"timestamp":"13:03:2025|16:03:60","exception":false,"message":"MongoDB Disconnected"}
{"level":["warn"],"timestamp":"13:03:2025|16:03:61","exception":false,"message":"MongoDB Disconnected"}
{"level":["info"],"timestamp":"13:03:2025|16:03:93","exception":false,"message":"MongoDB connected"}
{"level":["info"],"timestamp":"13:03:2025|16:03:93","exception":false,"message":"MongoDB connected"}
{"level":["info"],"timestamp":"13:03:2025|16:03:94","exception":false,"message":"MongoDB connected"}
{"level":["info"],"timestamp":"13:03:2025|16:03:94","exception":false,"message":"MongoDB connected"}
{"level":["info"],"timestamp":"13:03:2025|16:03:95","exception":false,"message":"MongoDB connected"}
{"level":["warn"],"timestamp":"13:03:2025|17:03:17","exception":false,"message":"MongoDB Disconnecting"}
{"level":["warn"],"timestamp":"13:03:2025|17:03:17","exception":false,"message":"MongoDB Disconnecting"}
{"level":["warn"],"timestamp":"13:03:2025|17:03:17","exception":false,"message":"MongoDB Disconnecting"}
{"level":["warn"],"timestamp":"13:03:2025|17:03:17","exception":false,"message":"MongoDB Disconnecting"}
{"level":["warn"],"timestamp":"13:03:2025|17:03:17","exception":false,"message":"MongoDB Disconnected"}
{"level":["warn"],"timestamp":"13:03:2025|17:03:17","exception":false,"message":"MongoDB Disconnecting"}
{"level":["warn"],"timestamp":"13:03:2025|17:03:19","exception":false,"message":"MongoDB Disconnected"}
{"level":["warn"],"timestamp":"13:03:2025|17:03:19","exception":false,"message":"MongoDB Disconnected"}
{"level":["info"],"timestamp":"13:03:2025|17:03:58","exception":false,"message":"MongoDB connected"}
{"level":["info"],"timestamp":"13:03:2025|17:03:58","exception":false,"message":"MongoDB connected"}
{"level":["info"],"timestamp":"13:03:2025|17:03:58","exception":false,"message":"MongoDB connected"}
{"level":["info"],"timestamp":"13:03:2025|17:03:59","exception":false,"message":"MongoDB connected"}
{"level":["info"],"timestamp":"13:03:2025|17:03:59","exception":false,"message":"MongoDB connected"}
{"level":["info"],"timestamp":"13:03:2025|17:03:69","exception":false,"message":"MongoDB connected"}
{"level":["info"],"timestamp":"13:03:2025|17:03:13","exception":false,"message":"MongoDB connected"}
{"level":["info"],"timestamp":"13:03:2025|17:03:31","exception":false,"message":"MongoDB connected"}
